Obtaining renewable credentials, you will be asked to type in your password
Password for s1513472@INF.ED.AC.UK: 
Running job " ./run.sh --exp-config=conf/exp_configs/mfcc.conf --stage=1" for maximum of 28 days in background
Waiting for job to start...
+++++++++++++++++++++++++++++++++++++++++++++++++++++++++++++++++++++++++
 	 This shell script runs the GlobalPhone+X-vectors recipe.
 	 Use like this: ./run.sh <options>
 	 --stage=INT		Stage from which to start
 	 --run-all=(false|true)	Whether to run all stages
 	 			or just the specified one
 	 --experiment=STR	Experiment name (also name of directory 
 	 			where all files will be stored).
 	 			Default: 'baseline'.
 	 --exp-config=FILE	Config file with all kinds of options,
 	 			see conf/exp_default.conf for an example.
 	 			NOTE: Where arguments are passed on the command line,
 	 			the values overwrite those found in the config file.

 	 If no stage number is provided, either all stages
 	 will be run (--run-all=true) or no stages at all.
 +++++++++++++++++++++++++++++++++++++++++++++++++++++++++++++++++++++++++
Overwriting the experiment config value of stage=1 using the value '1' passed as a command-line argument.
Running experiment: 'mfcc'
Running only stage 1.
Running on the cluster.
Conda environment not activated, sourcing ~/.bashrc and activating the 'lid' env.
Using shorten (v3.6.1) from ~/language-ident-from-speech/gp-xvectors-recipe/tools/shorten-3.6.1/bin/shorten
Using sox (v14.3.2) from ~/language-ident-from-speech/gp-xvectors-recipe/tools/sox-14.3.2/bin/sox
Conda environment not activated, sourcing ~/.bashrc and activating the 'lid' env.
The experiment directory is: /home/s1513472/lid/mfcc
Running with languages: AR BG CH CR CZ FR GE JA KO PL PO RU SP SW TA TH TU WU VN
#### STAGE 1: Organising speakers into sets. ####
Conda environment 'lid' active.
datadir is: /home/s1513472/lid/mfcc
Language - AR: formatting train/enroll/eval/test data.
Language - CR: formatting train/enroll/eval/test data.
Language - BG: formatting train/enroll/eval/test data.
Language - GE: formatting train/enroll/eval/test data.
Language - JA: formatting train/enroll/eval/test data.
Language - PL: formatting train/enroll/eval/test data.
Language - CH: formatting train/enroll/eval/test data.
Language - PO: formatting train/enroll/eval/test data.
Language - CZ: formatting train/enroll/eval/test data.
Language - FR: formatting train/enroll/eval/test data.
Language - KO: formatting train/enroll/eval/test data.
Language - RU: formatting train/enroll/eval/test data.
Language - SP: formatting train/enroll/eval/test data.
Language - SW: formatting train/enroll/eval/test data.
Language - TA: formatting train/enroll/eval/test data.
Language - TH: formatting train/enroll/eval/test data.
Language - WU: formatting train/enroll/eval/test data.
Language - TU: formatting train/enroll/eval/test data.
Language - VN: formatting train/enroll/eval/test data.
Removing short utterances (< 0.1s)
utils/fix_data_dir.sh: file /home/s1513472/lid/mfcc/WU/train/utt2spk is not in sorted order or not unique, sorting it
Job started successfully
fix_data_dir.sh: kept all 294 utterances.
Removing short utterances (< 0.1s)
fix_data_dir.sh: old files are kept in /home/s1513472/lid/mfcc/WU/train/.backup
Removing short utterances (< 0.1s)
utils/fix_data_dir.sh: file /home/s1513472/lid/mfcc/WU/enroll/utt2spk is not in sorted order or not unique, sorting it
Removing short utterances (< 0.1s)
Removing short utterances (< 0.1s)
fix_data_dir.sh: kept all 35 utterances.
Removing short utterances (< 0.1s)
Removing short utterances (< 0.1s)
utils/fix_data_dir.sh: file /home/s1513472/lid/mfcc/AR/train/utt2spk is not in sorted order or not unique, sorting it
utils/fix_data_dir.sh: file /home/s1513472/lid/mfcc/BG/train/utt2spk is not in sorted order or not unique, sorting it
fix_data_dir.sh: old files are kept in /home/s1513472/lid/mfcc/TA/train/.backup
fix_data_dir.sh: kept all 194 utterances.
utils/fix_data_dir.sh: file /home/s1513472/lid/mfcc/GE/train/utt2spk is not in sorted order or not unique, sorting it
Removing short utterances (< 0.1s)
utils/fix_data_dir.sh: file /home/s1513472/lid/mfcc/CR/train/utt2spk is not in sorted order or not unique, sorting it
Removing short utterances (< 0.1s)
Removing short utterances (< 0.1s)
Removing short utterances (< 0.1s)
fix_data_dir.sh: old files are kept in /home/s1513472/lid/mfcc/WU/enroll/.backup
Removing short utterances (< 0.1s)
Removing short utterances (< 0.1s)
Removing short utterances (< 0.1s)
Removing short utterances (< 0.1s)
utils/fix_data_dir.sh: file /home/s1513472/lid/mfcc/CZ/train/utt2spk is not in sorted order or not unique, sorting it
Removing short utterances (< 0.1s)
utils/fix_data_dir.sh: file /home/s1513472/lid/mfcc/KO/train/utt2spk is not in sorted order or not unique, sorting it
Removing short utterances (< 0.1s)
fix_data_dir.sh: kept all 3727 utterances.
Removing short utterances (< 0.1s)
fix_data_dir.sh: kept all 6226 utterances.
utils/fix_data_dir.sh: file /home/s1513472/lid/mfcc/SW/train/utt2spk is not in sorted order or not unique, sorting it
Removing short utterances (< 0.1s)
utils/fix_data_dir.sh: file /home/s1513472/lid/mfcc/TH/train/utt2spk is not in sorted order or not unique, sorting it
utils/fix_data_dir.sh: file /home/s1513472/lid/mfcc/TU/train/utt2spk is not in sorted order or not unique, sorting it
utils/fix_data_dir.sh: file /home/s1513472/lid/mfcc/PL/train/utt2spk is not in sorted order or not unique, sorting it
fix_data_dir.sh: kept all 7283 utterances.
fix_data_dir.sh: kept all 2873 utterances.
utils/fix_data_dir.sh: file /home/s1513472/lid/mfcc/SP/train/utt2spk is not in sorted order or not unique, sorting it
utils/fix_data_dir.sh: file /home/s1513472/lid/mfcc/WU/eval/utt2spk is not in sorted order or not unique, sorting it
fix_data_dir.sh: old files are kept in /home/s1513472/lid/mfcc/AR/train/.backup
utils/fix_data_dir.sh: file /home/s1513472/lid/mfcc/PO/train/utt2spk is not in sorted order or not unique, sorting it
utils/fix_data_dir.sh: file /home/s1513472/lid/mfcc/FR/train/utt2spk is not in sorted order or not unique, sorting it
fix_data_dir.sh: old files are kept in /home/s1513472/lid/mfcc/BG/train/.backup
utils/fix_data_dir.sh: file /home/s1513472/lid/mfcc/RU/train/utt2spk is not in sorted order or not unique, sorting it
Removing short utterances (< 0.1s)
fix_data_dir.sh: old files are kept in /home/s1513472/lid/mfcc/GE/train/.backup
Removing short utterances (< 0.1s)
fix_data_dir.sh: kept all 4 utterances.
Removing short utterances (< 0.1s)
Removing short utterances (< 0.1s)
fix_data_dir.sh: kept all 9115 utterances.
fix_data_dir.sh: kept all 5552 utterances.
fix_data_dir.sh: old files are kept in /home/s1513472/lid/mfcc/CR/train/.backup
fix_data_dir.sh: kept all 8266 utterances.
Removing short utterances (< 0.1s)
fix_data_dir.sh: kept all 4847 utterances.
fix_data_dir.sh: kept all 10878 utterances.
fix_data_dir.sh: kept all 7070 utterances.
utils/fix_data_dir.sh: file /home/s1513472/lid/mfcc/AR/enroll/utt2spk is not in sorted order or not unique, sorting it
Removing short utterances (< 0.1s)
Removing short utterances (< 0.1s)
utils/fix_data_dir.sh: file /home/s1513472/lid/mfcc/BG/enroll/utt2spk is not in sorted order or not unique, sorting it
fix_data_dir.sh: kept all 5024 utterances.
fix_data_dir.sh: kept all 198 utterances.
fix_data_dir.sh: old files are kept in /home/s1513472/lid/mfcc/TA/enroll/.backup
utils/fix_data_dir.sh: file /home/s1513472/lid/mfcc/VN/train/utt2spk is not in sorted order or not unique, sorting it
utils/fix_data_dir.sh: file /home/s1513472/lid/mfcc/CH/train/utt2spk is not in sorted order or not unique, sorting it
fix_data_dir.sh: old files are kept in /home/s1513472/lid/mfcc/CZ/train/.backup
fix_data_dir.sh: kept all 7770 utterances.
fix_data_dir.sh: old files are kept in /home/s1513472/lid/mfcc/KO/train/.backup
fix_data_dir.sh: kept all 8141 utterances.
utils/fix_data_dir.sh: file /home/s1513472/lid/mfcc/GE/enroll/utt2spk is not in sorted order or not unique, sorting it
Removing short utterances (< 0.1s)
fix_data_dir.sh: old files are kept in /home/s1513472/lid/mfcc/SW/train/.backup
utils/fix_data_dir.sh: file /home/s1513472/lid/mfcc/CR/enroll/utt2spk is not in sorted order or not unique, sorting it
fix_data_dir.sh: kept all 8234 utterances.
fix_data_dir.sh: old files are kept in /home/s1513472/lid/mfcc/TU/train/.backup
fix_data_dir.sh: old files are kept in /home/s1513472/lid/mfcc/TH/train/.backup
fix_data_dir.sh: old files are kept in /home/s1513472/lid/mfcc/PL/train/.backup
Removing short utterances (< 0.1s)
fix_data_dir.sh: old files are kept in /home/s1513472/lid/mfcc/SP/train/.backup
Removing short utterances (< 0.1s)
utils/fix_data_dir.sh: file /home/s1513472/lid/mfcc/JA/train/utt2spk is not in sorted order or not unique, sorting it
fix_data_dir.sh: old files are kept in /home/s1513472/lid/mfcc/WU/eval/.backup
Removing short utterances (< 0.1s)
fix_data_dir.sh: old files are kept in /home/s1513472/lid/mfcc/FR/train/.backup
fix_data_dir.sh: kept all 400 utterances.
Removing short utterances (< 0.1s)
fix_data_dir.sh: old files are kept in /home/s1513472/lid/mfcc/PO/train/.backup
Removing short utterances (< 0.1s)
Removing short utterances (< 0.1s)
Removing short utterances (< 0.1s)
fix_data_dir.sh: old files are kept in /home/s1513472/lid/mfcc/RU/train/.backup
fix_data_dir.sh: kept all 795 utterances.
utils/fix_data_dir.sh: file /home/s1513472/lid/mfcc/CZ/enroll/utt2spk is not in sorted order or not unique, sorting it
utils/fix_data_dir.sh: file /home/s1513472/lid/mfcc/KO/enroll/utt2spk is not in sorted order or not unique, sorting it
Removing short utterances (< 0.1s)
fix_data_dir.sh: kept all 15016 utterances.
fix_data_dir.sh: kept all 7592 utterances.
Removing short utterances (< 0.1s)
utils/fix_data_dir.sh: file /home/s1513472/lid/mfcc/SW/enroll/utt2spk is not in sorted order or not unique, sorting it
fix_data_dir.sh: kept all 902 utterances.
Removing short utterances (< 0.1s)
utils/fix_data_dir.sh: file /home/s1513472/lid/mfcc/TU/enroll/utt2spk is not in sorted order or not unique, sorting it
fix_data_dir.sh: kept all 513 utterances.
Removing short utterances (< 0.1s)
utils/fix_data_dir.sh: file /home/s1513472/lid/mfcc/WU/test/utt2spk is not in sorted order or not unique, sorting it
utils/fix_data_dir.sh: file /home/s1513472/lid/mfcc/TH/enroll/utt2spk is not in sorted order or not unique, sorting it
utils/fix_data_dir.sh: file /home/s1513472/lid/mfcc/PL/enroll/utt2spk is not in sorted order or not unique, sorting it
fix_data_dir.sh: old files are kept in /home/s1513472/lid/mfcc/AR/enroll/.backup
utils/fix_data_dir.sh: file /home/s1513472/lid/mfcc/SP/enroll/utt2spk is not in sorted order or not unique, sorting it
fix_data_dir.sh: old files are kept in /home/s1513472/lid/mfcc/BG/enroll/.backup
utils/fix_data_dir.sh: file /home/s1513472/lid/mfcc/FR/enroll/utt2spk is not in sorted order or not unique, sorting it
fix_data_dir.sh: kept all 11165 utterances.
fix_data_dir.sh: old files are kept in /home/s1513472/lid/mfcc/CH/train/.backup
fix_data_dir.sh: kept all 4 utterances.
fix_data_dir.sh: old files are kept in /home/s1513472/lid/mfcc/VN/train/.backup
Removing short utterances (< 0.1s)
utils/fix_data_dir.sh: file /home/s1513472/lid/mfcc/PO/enroll/utt2spk is not in sorted order or not unique, sorting it
fix_data_dir.sh: old files are kept in /home/s1513472/lid/mfcc/GE/enroll/.backup
Removing short utterances (< 0.1s)
utils/fix_data_dir.sh: file /home/s1513472/lid/mfcc/RU/enroll/utt2spk is not in sorted order or not unique, sorting it
fix_data_dir.sh: old files are kept in /home/s1513472/lid/mfcc/CR/enroll/.backup
fix_data_dir.sh: kept all 889 utterances.
fix_data_dir.sh: kept all 1252 utterances.
Removing short utterances (< 0.1s)
fix_data_dir.sh: kept all 1140 utterances.
Removing short utterances (< 0.1s)
Removing short utterances (< 0.1s)
utils/fix_data_dir.sh: file /home/s1513472/lid/mfcc/AR/eval/utt2spk is not in sorted order or not unique, sorting it
fix_data_dir.sh: old files are kept in /home/s1513472/lid/mfcc/JA/train/.backup
fix_data_dir.sh: old files are kept in /home/s1513472/lid/mfcc/TA/eval/.backup
utils/fix_data_dir.sh: file /home/s1513472/lid/mfcc/BG/eval/utt2spk is not in sorted order or not unique, sorting it
Removing short utterances (< 0.1s)
fix_data_dir.sh: kept all 637 utterances.
fix_data_dir.sh: kept all 309 utterances.
fix_data_dir.sh: kept all 1580 utterances.
fix_data_dir.sh: kept all 982 utterances.
Removing short utterances (< 0.1s)
fix_data_dir.sh: kept all 630 utterances.
fix_data_dir.sh: old files are kept in /home/s1513472/lid/mfcc/KO/enroll/.backup
utils/fix_data_dir.sh: file /home/s1513472/lid/mfcc/GE/eval/utt2spk is not in sorted order or not unique, sorting it
fix_data_dir.sh: old files are kept in /home/s1513472/lid/mfcc/CZ/enroll/.backup
fix_data_dir.sh: kept all 1048 utterances.
utils/fix_data_dir.sh: file /home/s1513472/lid/mfcc/CH/enroll/utt2spk is not in sorted order or not unique, sorting it
fix_data_dir.sh: old files are kept in /home/s1513472/lid/mfcc/SW/enroll/.backup
utils/fix_data_dir.sh: file /home/s1513472/lid/mfcc/VN/enroll/utt2spk is not in sorted order or not unique, sorting it
utils/fix_data_dir.sh: file /home/s1513472/lid/mfcc/CR/eval/utt2spk is not in sorted order or not unique, sorting it
fix_data_dir.sh: kept all 722 utterances.
Removing short utterances (< 0.1s)
fix_data_dir.sh: kept all 1181 utterances.
fix_data_dir.sh: old files are kept in /home/s1513472/lid/mfcc/TU/enroll/.backup
fix_data_dir.sh: old files are kept in /home/s1513472/lid/mfcc/WU/test/.backup
fix_data_dir.sh: old files are kept in /home/s1513472/lid/mfcc/TH/enroll/.backup
fix_data_dir.sh: old files are kept in /home/s1513472/lid/mfcc/PL/enroll/.backup
Removing short utterances (< 0.1s)
Removing short utterances (< 0.1s)
fix_data_dir.sh: old files are kept in /home/s1513472/lid/mfcc/SP/enroll/.backup
Removing short utterances (< 0.1s)
fix_data_dir.sh: old files are kept in /home/s1513472/lid/mfcc/FR/enroll/.backup
fix_data_dir.sh: kept all 411 utterances.
fix_data_dir.sh: kept all 830 utterances.
utils/fix_data_dir.sh: file /home/s1513472/lid/mfcc/JA/enroll/utt2spk is not in sorted order or not unique, sorting it
fix_data_dir.sh: old files are kept in /home/s1513472/lid/mfcc/PO/enroll/.backup
Removing short utterances (< 0.1s)
Removing short utterances (< 0.1s)
fix_data_dir.sh: old files are kept in /home/s1513472/lid/mfcc/RU/enroll/.backup
Removing short utterances (< 0.1s)
utils/fix_data_dir.sh: file /home/s1513472/lid/mfcc/CZ/eval/utt2spk is not in sorted order or not unique, sorting it
utils/fix_data_dir.sh: file /home/s1513472/lid/mfcc/KO/eval/utt2spk is not in sorted order or not unique, sorting it
Removing short utterances (< 0.1s)
fix_data_dir.sh: kept all 1073 utterances.
utils/fix_data_dir.sh: file /home/s1513472/lid/mfcc/SW/eval/utt2spk is not in sorted order or not unique, sorting it
Removing short utterances (< 0.1s)
fix_data_dir.sh: kept all 994 utterances.
fix_data_dir.sh: kept all 1740 utterances.
Removing short utterances (< 0.1s)
fix_data_dir.sh: kept all 600 utterances.
fix_data_dir.sh: old files are kept in /home/s1513472/lid/mfcc/AR/eval/.backup
Removing short utterances (< 0.1s)
fix_data_dir.sh: old files are kept in /home/s1513472/lid/mfcc/BG/eval/.backup
utils/fix_data_dir.sh: file /home/s1513472/lid/mfcc/TU/eval/utt2spk is not in sorted order or not unique, sorting it
utils/fix_data_dir.sh: file /home/s1513472/lid/mfcc/TH/eval/utt2spk is not in sorted order or not unique, sorting it
utils/fix_data_dir.sh: file /home/s1513472/lid/mfcc/PL/eval/utt2spk is not in sorted order or not unique, sorting it
fix_data_dir.sh: kept all 4 utterances.
utils/fix_data_dir.sh: file /home/s1513472/lid/mfcc/SP/eval/utt2spk is not in sorted order or not unique, sorting it
utils/fix_data_dir.sh: file /home/s1513472/lid/mfcc/FR/eval/utt2spk is not in sorted order or not unique, sorting it
fix_data_dir.sh: old files are kept in /home/s1513472/lid/mfcc/GE/eval/.backup
Removing short utterances (< 0.1s)
Removing short utterances (< 0.1s)
utils/fix_data_dir.sh: file /home/s1513472/lid/mfcc/PO/eval/utt2spk is not in sorted order or not unique, sorting it
fix_data_dir.sh: old files are kept in /home/s1513472/lid/mfcc/CH/enroll/.backup
utils/fix_data_dir.sh: file /home/s1513472/lid/mfcc/RU/eval/utt2spk is not in sorted order or not unique, sorting it
fix_data_dir.sh: kept all 1261 utterances.
fix_data_dir.sh: old files are kept in /home/s1513472/lid/mfcc/CR/eval/.backup
fix_data_dir.sh: old files are kept in /home/s1513472/lid/mfcc/VN/enroll/.backup
fix_data_dir.sh: kept all 1028 utterances.
fix_data_dir.sh: kept all 797 utterances.
Removing short utterances (< 0.1s)
fix_data_dir.sh: old files are kept in /home/s1513472/lid/mfcc/TA/test/.backup
utils/fix_data_dir.sh: file /home/s1513472/lid/mfcc/AR/test/utt2spk is not in sorted order or not unique, sorting it
utils/fix_data_dir.sh: file /home/s1513472/lid/mfcc/BG/test/utt2spk is not in sorted order or not unique, sorting it
Removing short utterances (< 0.1s)
Removing short utterances (< 0.1s)
Removing short utterances (< 0.1s)
fix_data_dir.sh: old files are kept in /home/s1513472/lid/mfcc/JA/enroll/.backup
fix_data_dir.sh: kept all 1207 utterances.
fix_data_dir.sh: kept all 734 utterances.
fix_data_dir.sh: kept all 1181 utterances.
fix_data_dir.sh: kept all 1019 utterances.
utils/fix_data_dir.sh: file /home/s1513472/lid/mfcc/GE/test/utt2spk is not in sorted order or not unique, sorting it
fix_data_dir.sh: old files are kept in /home/s1513472/lid/mfcc/CZ/eval/.backup
fix_data_dir.sh: kept all 680 utterances.
fix_data_dir.sh: old files are kept in /home/s1513472/lid/mfcc/KO/eval/.backup
fix_data_dir.sh: kept all 839 utterances.
Removing short utterances (< 0.1s)
utils/fix_data_dir.sh: file /home/s1513472/lid/mfcc/CH/eval/utt2spk is not in sorted order or not unique, sorting it
fix_data_dir.sh: kept all 648 utterances.
utils/fix_data_dir.sh: file /home/s1513472/lid/mfcc/VN/eval/utt2spk is not in sorted order or not unique, sorting it
utils/fix_data_dir.sh: file /home/s1513472/lid/mfcc/CR/test/utt2spk is not in sorted order or not unique, sorting it
fix_data_dir.sh: kept all 1415 utterances.
fix_data_dir.sh: old files are kept in /home/s1513472/lid/mfcc/SW/eval/.backup
fix_data_dir.sh: old files are kept in /home/s1513472/lid/mfcc/PL/eval/.backup
fix_data_dir.sh: old files are kept in /home/s1513472/lid/mfcc/TU/eval/.backup
Removing short utterances (< 0.1s)
fix_data_dir.sh: old files are kept in /home/s1513472/lid/mfcc/TH/eval/.backup
Removing short utterances (< 0.1s)
fix_data_dir.sh: old files are kept in /home/s1513472/lid/mfcc/SP/eval/.backup
utils/fix_data_dir.sh: file /home/s1513472/lid/mfcc/JA/eval/utt2spk is not in sorted order or not unique, sorting it
fix_data_dir.sh: kept all 369 utterances.
fix_data_dir.sh: kept all 831 utterances.
fix_data_dir.sh: old files are kept in /home/s1513472/lid/mfcc/FR/eval/.backup
fix_data_dir.sh: old files are kept in /home/s1513472/lid/mfcc/PO/eval/.backup
fix_data_dir.sh: old files are kept in /home/s1513472/lid/mfcc/RU/eval/.backup
Removing short utterances (< 0.1s)
fix_data_dir.sh: kept all 826 utterances.
utils/fix_data_dir.sh: file /home/s1513472/lid/mfcc/CZ/test/utt2spk is not in sorted order or not unique, sorting it
Removing short utterances (< 0.1s)
Removing short utterances (< 0.1s)
utils/fix_data_dir.sh: file /home/s1513472/lid/mfcc/KO/test/utt2spk is not in sorted order or not unique, sorting it
Removing short utterances (< 0.1s)
Removing short utterances (< 0.1s)
fix_data_dir.sh: kept all 724 utterances.
Removing short utterances (< 0.1s)
fix_data_dir.sh: old files are kept in /home/s1513472/lid/mfcc/AR/test/.backup
Removing short utterances (< 0.1s)
fix_data_dir.sh: old files are kept in /home/s1513472/lid/mfcc/BG/test/.backup
fix_data_dir.sh: kept all 1161 utterances.
fix_data_dir.sh: kept all 513 utterances.
Removing short utterances (< 0.1s)
utils/fix_data_dir.sh: file /home/s1513472/lid/mfcc/SW/test/utt2spk is not in sorted order or not unique, sorting it
utils/fix_data_dir.sh: file /home/s1513472/lid/mfcc/TH/test/utt2spk is not in sorted order or not unique, sorting it
utils/fix_data_dir.sh: file /home/s1513472/lid/mfcc/PL/test/utt2spk is not in sorted order or not unique, sorting it
utils/fix_data_dir.sh: file /home/s1513472/lid/mfcc/TU/test/utt2spk is not in sorted order or not unique, sorting it
utils/fix_data_dir.sh: file /home/s1513472/lid/mfcc/SP/test/utt2spk is not in sorted order or not unique, sorting it
fix_data_dir.sh: old files are kept in /home/s1513472/lid/mfcc/GE/test/.backup
utils/fix_data_dir.sh: file /home/s1513472/lid/mfcc/FR/test/utt2spk is not in sorted order or not unique, sorting it
fix_data_dir.sh: kept all 350 utterances.
utils/fix_data_dir.sh: file /home/s1513472/lid/mfcc/PO/test/utt2spk is not in sorted order or not unique, sorting it
fix_data_dir.sh: old files are kept in /home/s1513472/lid/mfcc/CH/eval/.backup
fix_data_dir.sh: old files are kept in /home/s1513472/lid/mfcc/CR/test/.backup
fix_data_dir.sh: old files are kept in /home/s1513472/lid/mfcc/VN/eval/.backup
utils/fix_data_dir.sh: file /home/s1513472/lid/mfcc/RU/test/utt2spk is not in sorted order or not unique, sorting it
fix_data_dir.sh: kept all 1030 utterances.
fix_data_dir.sh: kept all 869 utterances.
Removing short utterances (< 0.1s)
fix_data_dir.sh: old files are kept in /home/s1513472/lid/mfcc/JA/eval/.backup
Removing short utterances (< 0.1s)
fix_data_dir.sh: kept all 1203 utterances.
fix_data_dir.sh: kept all 400 utterances.
fix_data_dir.sh: kept all 1059 utterances.
fix_data_dir.sh: old files are kept in /home/s1513472/lid/mfcc/CZ/test/.backup
fix_data_dir.sh: kept all 731 utterances.
fix_data_dir.sh: kept all 564 utterances.
Removing short utterances (< 0.1s)
fix_data_dir.sh: old files are kept in /home/s1513472/lid/mfcc/KO/test/.backup
fix_data_dir.sh: kept all 821 utterances.
utils/fix_data_dir.sh: file /home/s1513472/lid/mfcc/VN/test/utt2spk is not in sorted order or not unique, sorting it
fix_data_dir.sh: kept all 693 utterances.
utils/fix_data_dir.sh: file /home/s1513472/lid/mfcc/CH/test/utt2spk is not in sorted order or not unique, sorting it
fix_data_dir.sh: kept all 1373 utterances.
fix_data_dir.sh: old files are kept in /home/s1513472/lid/mfcc/TH/test/.backup
fix_data_dir.sh: old files are kept in /home/s1513472/lid/mfcc/SW/test/.backup
utils/fix_data_dir.sh: file /home/s1513472/lid/mfcc/JA/test/utt2spk is not in sorted order or not unique, sorting it
fix_data_dir.sh: old files are kept in /home/s1513472/lid/mfcc/PL/test/.backup
fix_data_dir.sh: old files are kept in /home/s1513472/lid/mfcc/TU/test/.backup
fix_data_dir.sh: old files are kept in /home/s1513472/lid/mfcc/SP/test/.backup
fix_data_dir.sh: old files are kept in /home/s1513472/lid/mfcc/FR/test/.backup
fix_data_dir.sh: old files are kept in /home/s1513472/lid/mfcc/PO/test/.backup
fix_data_dir.sh: old files are kept in /home/s1513472/lid/mfcc/RU/test/.backup
fix_data_dir.sh: kept all 924 utterances.
fix_data_dir.sh: kept all 871 utterances.
fix_data_dir.sh: kept all 291 utterances.
fix_data_dir.sh: old files are kept in /home/s1513472/lid/mfcc/VN/test/.backup
fix_data_dir.sh: old files are kept in /home/s1513472/lid/mfcc/CH/test/.backup
fix_data_dir.sh: old files are kept in /home/s1513472/lid/mfcc/JA/test/.backup
Done
Combining training directories: /AR/train /BG/train /CH/train /CR/train /CZ/train /FR/train /GE/train /JA/train /KO/train /PL/train /PO/train /RU/train /SP/train /SW/train /TA/train /TH/train /TU/train /WU/train /VN/train
utils/combine_data.sh --extra-files utt2len /home/s1513472/lid/mfcc/train /home/s1513472/lid/mfcc/AR/train /home/s1513472/lid/mfcc/BG/train /home/s1513472/lid/mfcc/CH/train /home/s1513472/lid/mfcc/CR/train /home/s1513472/lid/mfcc/CZ/train /home/s1513472/lid/mfcc/FR/train /home/s1513472/lid/mfcc/GE/train /home/s1513472/lid/mfcc/JA/train /home/s1513472/lid/mfcc/KO/train /home/s1513472/lid/mfcc/PL/train /home/s1513472/lid/mfcc/PO/train /home/s1513472/lid/mfcc/RU/train /home/s1513472/lid/mfcc/SP/train /home/s1513472/lid/mfcc/SW/train /home/s1513472/lid/mfcc/TA/train /home/s1513472/lid/mfcc/TH/train /home/s1513472/lid/mfcc/TU/train /home/s1513472/lid/mfcc/WU/train /home/s1513472/lid/mfcc/VN/train
Conda environment 'lid' active.
utils/combine_data.sh [info]: not combining utt2uniq as it does not exist
utils/combine_data.sh [info]: not combining segments as it does not exist
utils/combine_data.sh: combined utt2spk
utils/combine_data.sh [info]: not combining utt2lang as it does not exist
utils/combine_data.sh [info]: not combining utt2dur as it does not exist
utils/combine_data.sh [info]: not combining reco2dur as it does not exist
utils/combine_data.sh [info]: not combining feats.scp as it does not exist
utils/combine_data.sh [info]: not combining text as it does not exist
utils/combine_data.sh [info]: not combining cmvn.scp as it does not exist
utils/combine_data.sh [info]: not combining vad.scp as it does not exist
utils/combine_data.sh [info]: not combining reco2file_and_channel as it does not exist
utils/combine_data.sh: combined wav.scp
utils/combine_data.sh [info]: not combining spk2gender as it does not exist
utils/combine_data.sh: combined utt2len
fix_data_dir.sh: kept all 129108 utterances.
fix_data_dir.sh: old files are kept in /home/s1513472/lid/mfcc/train/.backup
Combining enrollment directories: /AR/enroll /BG/enroll /CH/enroll /CR/enroll /CZ/enroll /FR/enroll /GE/enroll /JA/enroll /KO/enroll /PL/enroll /PO/enroll /RU/enroll /SP/enroll /SW/enroll /TA/enroll /TH/enroll /TU/enroll /WU/enroll /VN/enroll
utils/combine_data.sh --extra-files utt2len /home/s1513472/lid/mfcc/enroll /home/s1513472/lid/mfcc/AR/enroll /home/s1513472/lid/mfcc/BG/enroll /home/s1513472/lid/mfcc/CH/enroll /home/s1513472/lid/mfcc/CR/enroll /home/s1513472/lid/mfcc/CZ/enroll /home/s1513472/lid/mfcc/FR/enroll /home/s1513472/lid/mfcc/GE/enroll /home/s1513472/lid/mfcc/JA/enroll /home/s1513472/lid/mfcc/KO/enroll /home/s1513472/lid/mfcc/PL/enroll /home/s1513472/lid/mfcc/PO/enroll /home/s1513472/lid/mfcc/RU/enroll /home/s1513472/lid/mfcc/SP/enroll /home/s1513472/lid/mfcc/SW/enroll /home/s1513472/lid/mfcc/TA/enroll /home/s1513472/lid/mfcc/TH/enroll /home/s1513472/lid/mfcc/TU/enroll /home/s1513472/lid/mfcc/WU/enroll /home/s1513472/lid/mfcc/VN/enroll
Conda environment 'lid' active.
utils/combine_data.sh [info]: not combining utt2uniq as it does not exist
utils/combine_data.sh [info]: not combining segments as it does not exist
utils/combine_data.sh: combined utt2spk
utils/combine_data.sh [info]: not combining utt2lang as it does not exist
utils/combine_data.sh [info]: not combining utt2dur as it does not exist
utils/combine_data.sh [info]: not combining reco2dur as it does not exist
utils/combine_data.sh [info]: not combining feats.scp as it does not exist
utils/combine_data.sh [info]: not combining text as it does not exist
utils/combine_data.sh [info]: not combining cmvn.scp as it does not exist
utils/combine_data.sh [info]: not combining vad.scp as it does not exist
utils/combine_data.sh [info]: not combining reco2file_and_channel as it does not exist
utils/combine_data.sh: combined wav.scp
utils/combine_data.sh [info]: not combining spk2gender as it does not exist
utils/combine_data.sh: combined utt2len
fix_data_dir.sh: kept all 16864 utterances.
fix_data_dir.sh: old files are kept in /home/s1513472/lid/mfcc/enroll/.backup
Combining evaluation directories: /AR/eval /BG/eval /CH/eval /CR/eval /CZ/eval /FR/eval /GE/eval /JA/eval /KO/eval /PL/eval /PO/eval /RU/eval /SP/eval /SW/eval /TA/eval /TH/eval /TU/eval /WU/eval /VN/eval
utils/combine_data.sh --extra-files utt2len /home/s1513472/lid/mfcc/eval /home/s1513472/lid/mfcc/AR/eval /home/s1513472/lid/mfcc/BG/eval /home/s1513472/lid/mfcc/CH/eval /home/s1513472/lid/mfcc/CR/eval /home/s1513472/lid/mfcc/CZ/eval /home/s1513472/lid/mfcc/FR/eval /home/s1513472/lid/mfcc/GE/eval /home/s1513472/lid/mfcc/JA/eval /home/s1513472/lid/mfcc/KO/eval /home/s1513472/lid/mfcc/PL/eval /home/s1513472/lid/mfcc/PO/eval /home/s1513472/lid/mfcc/RU/eval /home/s1513472/lid/mfcc/SP/eval /home/s1513472/lid/mfcc/SW/eval /home/s1513472/lid/mfcc/TA/eval /home/s1513472/lid/mfcc/TH/eval /home/s1513472/lid/mfcc/TU/eval /home/s1513472/lid/mfcc/WU/eval /home/s1513472/lid/mfcc/VN/eval
Conda environment 'lid' active.
utils/combine_data.sh [info]: not combining utt2uniq as it does not exist
utils/combine_data.sh [info]: not combining segments as it does not exist
utils/combine_data.sh: combined utt2spk
utils/combine_data.sh [info]: not combining utt2lang as it does not exist
utils/combine_data.sh [info]: not combining utt2dur as it does not exist
utils/combine_data.sh [info]: not combining reco2dur as it does not exist
utils/combine_data.sh [info]: not combining feats.scp as it does not exist
utils/combine_data.sh [info]: not combining text as it does not exist
utils/combine_data.sh [info]: not combining cmvn.scp as it does not exist
utils/combine_data.sh [info]: not combining vad.scp as it does not exist
utils/combine_data.sh [info]: not combining reco2file_and_channel as it does not exist
utils/combine_data.sh: combined wav.scp
utils/combine_data.sh [info]: not combining spk2gender as it does not exist
utils/combine_data.sh: combined utt2len
fix_data_dir.sh: kept all 14899 utterances.
fix_data_dir.sh: old files are kept in /home/s1513472/lid/mfcc/eval/.backup
Combining testing directories: /AR/test /BG/test /CH/test /CR/test /CZ/test /FR/test /GE/test /JA/test /KO/test /PL/test /PO/test /RU/test /SP/test /SW/test /TA/test /TH/test /TU/test /WU/test /VN/test
utils/combine_data.sh --extra-files utt2len /home/s1513472/lid/mfcc/test /home/s1513472/lid/mfcc/AR/test /home/s1513472/lid/mfcc/BG/test /home/s1513472/lid/mfcc/CH/test /home/s1513472/lid/mfcc/CR/test /home/s1513472/lid/mfcc/CZ/test /home/s1513472/lid/mfcc/FR/test /home/s1513472/lid/mfcc/GE/test /home/s1513472/lid/mfcc/JA/test /home/s1513472/lid/mfcc/KO/test /home/s1513472/lid/mfcc/PL/test /home/s1513472/lid/mfcc/PO/test /home/s1513472/lid/mfcc/RU/test /home/s1513472/lid/mfcc/SP/test /home/s1513472/lid/mfcc/SW/test /home/s1513472/lid/mfcc/TA/test /home/s1513472/lid/mfcc/TH/test /home/s1513472/lid/mfcc/TU/test /home/s1513472/lid/mfcc/WU/test /home/s1513472/lid/mfcc/VN/test
Conda environment 'lid' active.
utils/combine_data.sh [info]: not combining utt2uniq as it does not exist
utils/combine_data.sh [info]: not combining segments as it does not exist
utils/combine_data.sh: combined utt2spk
utils/combine_data.sh [info]: not combining utt2lang as it does not exist
utils/combine_data.sh [info]: not combining utt2dur as it does not exist
utils/combine_data.sh [info]: not combining reco2dur as it does not exist
utils/combine_data.sh [info]: not combining feats.scp as it does not exist
utils/combine_data.sh [info]: not combining text as it does not exist
utils/combine_data.sh [info]: not combining cmvn.scp as it does not exist
utils/combine_data.sh [info]: not combining vad.scp as it does not exist
utils/combine_data.sh [info]: not combining reco2file_and_channel as it does not exist
utils/combine_data.sh: combined wav.scp
utils/combine_data.sh [info]: not combining spk2gender as it does not exist
utils/combine_data.sh: combined utt2len
fix_data_dir.sh: kept all 13681 utterances.
fix_data_dir.sh: old files are kept in /home/s1513472/lid/mfcc/test/.backup
Finished data preparation.
Input and output directory are the same one. Backing up original utt2spk, spk2utt, utt2lang, lang2utt, utt2len and wav.scp files (with the '.unsplit' suffix).
utils/validate_data_dir.sh: Successfully validated data-directory /home/s1513472/lid/mfcc/enroll
Input and output directory are the same one. Backing up original utt2spk, spk2utt, utt2lang, lang2utt, utt2len and wav.scp files (with the '.unsplit' suffix).
utils/validate_data_dir.sh: Successfully validated data-directory /home/s1513472/lid/mfcc/eval
Input and output directory are the same one. Backing up original utt2spk, spk2utt, utt2lang, lang2utt, utt2len and wav.scp files (with the '.unsplit' suffix).
utils/validate_data_dir.sh: Successfully validated data-directory /home/s1513472/lid/mfcc/test
Finished stage 1.
Obtaining renewable credentials, you will be asked to type in your password
Password for s1513472@INF.ED.AC.UK: 
Running job " ./run.sh --exp-config=conf/exp_configs/mfcc.conf --stage=2" for maximum of 28 days in background
Waiting for job to start...
+++++++++++++++++++++++++++++++++++++++++++++++++++++++++++++++++++++++++
 	 This shell script runs the GlobalPhone+X-vectors recipe.
 	 Use like this: ./run.sh <options>
 	 --stage=INT		Stage from which to start
 	 --run-all=(false|true)	Whether to run all stages
 	 			or just the specified one
 	 --experiment=STR	Experiment name (also name of directory 
 	 			where all files will be stored).
 	 			Default: 'baseline'.
 	 --exp-config=FILE	Config file with all kinds of options,
 	 			see conf/exp_default.conf for an example.
 	 			NOTE: Where arguments are passed on the command line,
 	 			the values overwrite those found in the config file.

 	 If no stage number is provided, either all stages
 	 will be run (--run-all=true) or no stages at all.
 +++++++++++++++++++++++++++++++++++++++++++++++++++++++++++++++++++++++++
Overwriting the experiment config value of stage=1 using the value '2' passed as a command-line argument.
Running experiment: 'mfcc'
Running only stage 2.
Running on the cluster.
Conda environment not activated, sourcing ~/.bashrc and activating the 'lid' env.
Using shorten (v3.6.1) from ~/language-ident-from-speech/gp-xvectors-recipe/tools/shorten-3.6.1/bin/shorten
Using sox (v14.3.2) from ~/language-ident-from-speech/gp-xvectors-recipe/tools/sox-14.3.2/bin/sox
Conda environment not activated, sourcing ~/.bashrc and activating the 'lid' env.
The experiment directory is: /home/s1513472/lid/mfcc
Running with languages: AR BG CH CR CZ FR GE JA KO PL PO RU SP SW TA TH TU WU VN
#### STAGE 2: features (MFCC, SDC, pitch, energy, etc) and VAD. ####
Job started successfully
Finished stage 2.
Obtaining renewable credentials, you will be asked to type in your password
Password for s1513472@INF.ED.AC.UK: 
Running job " ./run.sh --exp-config=conf/exp_configs/mfcc.conf --stage=3" for maximum of 28 days in background
Waiting for job to start...
+++++++++++++++++++++++++++++++++++++++++++++++++++++++++++++++++++++++++
 	 This shell script runs the GlobalPhone+X-vectors recipe.
 	 Use like this: ./run.sh <options>
 	 --stage=INT		Stage from which to start
 	 --run-all=(false|true)	Whether to run all stages
 	 			or just the specified one
 	 --experiment=STR	Experiment name (also name of directory 
 	 			where all files will be stored).
 	 			Default: 'baseline'.
 	 --exp-config=FILE	Config file with all kinds of options,
 	 			see conf/exp_default.conf for an example.
 	 			NOTE: Where arguments are passed on the command line,
 	 			the values overwrite those found in the config file.

 	 If no stage number is provided, either all stages
 	 will be run (--run-all=true) or no stages at all.
 +++++++++++++++++++++++++++++++++++++++++++++++++++++++++++++++++++++++++
Overwriting the experiment config value of stage=1 using the value '3' passed as a command-line argument.
Running experiment: 'mfcc'
Running only stage 3.
Running on the cluster.
Conda environment not activated, sourcing ~/.bashrc and activating the 'lid' env.
Using shorten (v3.6.1) from ~/language-ident-from-speech/gp-xvectors-recipe/tools/shorten-3.6.1/bin/shorten
Using sox (v14.3.2) from ~/language-ident-from-speech/gp-xvectors-recipe/tools/sox-14.3.2/bin/sox
Conda environment not activated, sourcing ~/.bashrc and activating the 'lid' env.
Job started successfully
The experiment directory is: /home/s1513472/lid/mfcc
Running with languages: AR BG CH CR CZ FR GE JA KO PL PO RU SP SW TA TH TU WU VN
#### STAGE 3: Preprocessing for X-vector training examples. ####
./local/prepare_feats_for_egs.sh --nj 32 --cmd run.pl --remove-nonspeech true /home/s1513472/lid/mfcc/train /home/s1513472/lid/mfcc/nnet_train_data /home/s1513472/lid/mfcc/x_vector_features
Conda environment 'lid' active.
./local/prepare_feats_for_egs.sh: Succeeded creating xvector features for train
utils/data/get_utt2num_frames.sh: /home/s1513472/lid/mfcc/nnet_train_data/utt2num_frames already present!
fix_data_dir.sh: kept all 129108 utterances.
fix_data_dir.sh: old files are kept in /home/s1513472/lid/mfcc/nnet_train_data/.backup
Removing short features...
fix_data_dir.sh: kept all 91100 utterances.
fix_data_dir.sh: old files are kept in /home/s1513472/lid/mfcc/nnet_train_data/.backup
Finished stage 3.
Obtaining renewable credentials, you will be asked to type in your password
Password for s1513472@INF.ED.AC.UK: 
Running job "./run.sh --exp-config=conf/exp_configs/mfcc.conf --stage=4 --run-all=true" for maximum of 28 days in background
Waiting for job to start...
+++++++++++++++++++++++++++++++++++++++++++++++++++++++++++++++++++++++++
 	 This shell script runs the GlobalPhone+X-vectors recipe.
 	 Use like this: ./run.sh <options>
 	 --stage=INT		Stage from which to start
 	 --run-all=(false|true)	Whether to run all stages
 	 			or just the specified one
 	 --experiment=STR	Experiment name (also name of directory 
 	 			where all files will be stored).
 	 			Default: 'baseline'.
 	 --exp-config=FILE	Config file with all kinds of options,
 	 			see conf/exp_default.conf for an example.
 	 			NOTE: Where arguments are passed on the command line,
 	 			the values overwrite those found in the config file.

 	 If no stage number is provided, either all stages
 	 will be run (--run-all=true) or no stages at all.
 +++++++++++++++++++++++++++++++++++++++++++++++++++++++++++++++++++++++++
Overwriting the experiment config value of run_all=false using the value 'true' passed as a command-line argument.
Overwriting the experiment config value of stage=1 using the value '4' passed as a command-line argument.
Running experiment: 'mfcc'
Running all stages starting with 4.
Running on the cluster.
Conda environment 'lid' active.
Using shorten (v3.6.1) from ~/language-ident-from-speech/gp-xvectors-recipe/tools/shorten-3.6.1/bin/shorten
Using sox (v14.3.2) from ~/language-ident-from-speech/gp-xvectors-recipe/tools/sox-14.3.2/bin/sox
Conda environment 'lid' active.
The experiment directory is: /home/s1513472/lid/mfcc
Running with languages: AR BG CH CR CZ FR GE JA KO PL PO RU SP SW TA TH TU WU VN
#### STAGE 4: Training the X-vector DNN. ####
Running on the cluster.
Conda environment 'lid' active.
Running on the cluster.
Taking data from: /home/s1513472/lid/mfcc/nnet_train_data
Storing training examples in: /home/s1513472/lid/mfcc/nnet/egs
Storing TDNN in: /home/s1513472/lid/mfcc/nnet
#### STAGE 4: Getting NN training egs. ####
./local/get_egs.sh --cmd slurm.pl --nj 32 --stage 0 --frames-per-iter 50000000 --frames-per-iter-diagnostic 100000 --min-frames-per-chunk 200 --max-frames-per-chunk 400 --num-diagnostic-archives 3 --num-repeats 35 /home/s1513472/lid/mfcc/nnet_train_data /home/s1513472/lid/mfcc/nnet/egs
Conda environment 'lid' active.
feat-to-dim scp:/home/s1513472/lid/mfcc/nnet_train_data/feats.scp - 
./local/get_egs.sh: Preparing train and validation lists
Job started successfully
./local/get_egs.sh: Producing 70 archives for training
./local/get_egs.sh: Allocating training examples
./local/get_egs.sh: Allocating training subset examples
./local/get_egs.sh: Allocating validation examples
./local/get_egs.sh: Generating training examples on disk
./local/get_egs.sh: Generating training subset examples on disk
./local/get_egs.sh: Generating validation examples on disk
./local/get_egs.sh: Shuffling order of archives on disk
./local/get_egs.sh: Finished preparing training examples
#### STAGE 5: Creating NN configs using the xconfig parser. ####
./local/run_xvector.sh: creating neural net configs using the xconfig parser
nnet3-init /home/s1513472/lid/mfcc/nnet/configs/ref.config /home/s1513472/lid/mfcc/nnet/configs/ref.raw 
LOG (nnet3-init[5.5.142~5-ff514]:main():nnet3-init.cc:80) Initialized raw neural net and wrote it to /home/s1513472/lid/mfcc/nnet/configs/ref.raw
nnet3-info /home/s1513472/lid/mfcc/nnet/configs/ref.raw 
nnet3-init /home/s1513472/lid/mfcc/nnet/configs/ref.config /home/s1513472/lid/mfcc/nnet/configs/ref.raw 
LOG (nnet3-init[5.5.142~5-ff514]:main():nnet3-init.cc:80) Initialized raw neural net and wrote it to /home/s1513472/lid/mfcc/nnet/configs/ref.raw
nnet3-info /home/s1513472/lid/mfcc/nnet/configs/ref.raw 
steps/nnet3/xconfig_to_configs.py --xconfig-file /home/s1513472/lid/mfcc/nnet/configs/network.xconfig --config-dir /home/s1513472/lid/mfcc/nnet/configs
#### STAGE 6: Training the network. ####
2019-02-11 00:13:16,095 [steps/nnet3/train_raw_dnn.py:35 - <module> - INFO ] Starting raw DNN trainer (train_raw_dnn.py)
2019-02-11 00:13:16,330 [steps/nnet3/train_raw_dnn.py:156 - process_args - WARNING ] You are running with one thread but you have not compiled
                   for CUDA.  You may be running a setup optimized for GPUs.
                   If you have GPUs and have nvcc installed, go to src/ and do
                   ./configure; make
2019-02-11 00:13:16,332 [steps/nnet3/train_raw_dnn.py:195 - train - INFO ] Arguments for the experiment
{'backstitch_training_interval': 1,
 'backstitch_training_scale': 0.0,
 'cleanup': True,
 'cmvn_opts': None,
 'combine_sum_to_one_penalty': 0.0,
 'command': 'slurm.pl',
 'compute_average_posteriors': False,
 'compute_per_dim_accuracy': False,
 'dir': '/home/s1513472/lid/mfcc/nnet',
 'do_final_combination': True,
 'dropout_schedule': '0,0@0.20,0.1@0.50,0',
 'egs_command': None,
 'egs_dir': '/home/s1513472/lid/mfcc/nnet/egs',
 'egs_opts': None,
 'egs_stage': 0,
 'email': None,
 'exit_stage': None,
 'feat_dir': None,
 'final_effective_lrate': 0.0001,
 'frames_per_eg': 1,
 'image_augmentation_opts': None,
 'initial_effective_lrate': 0.001,
 'input_model': None,
 'max_lda_jobs': 10,
 'max_models_combine': 20,
 'max_objective_evaluations': 30,
 'max_param_change': 2.0,
 'minibatch_size': '64',
 'momentum': 0.5,
 'nj': 4,
 'num_epochs': 7.0,
 'num_jobs_compute_prior': 10,
 'num_jobs_final': 3,
 'num_jobs_initial': 3,
 'online_ivector_dir': None,
 'preserve_model_interval': 10,
 'presoftmax_prior_scale_power': -0.25,
 'prior_subset_size': 20000,
 'proportional_shrink': 10.0,
 'rand_prune': 4.0,
 'remove_egs': False,
 'reporting_interval': 0.1,
 'samples_per_iter': 400000,
 'shuffle_buffer_size': 1000,
 'srand': 123,
 'stage': -1,
 'targets_scp': None,
 'train_opts': [],
 'use_dense_targets': True,
 'use_gpu': 'yes'}
2019-02-11 00:13:16,372 [steps/nnet3/train_raw_dnn.py:315 - train - INFO ] Preparing the initial network.
2019-02-11 00:13:25,888 [steps/nnet3/train_raw_dnn.py:353 - train - INFO ] Training will run for 7.0 epochs = 163 iterations
2019-02-11 00:13:25,889 [steps/nnet3/train_raw_dnn.py:388 - train - INFO ] Iter: 0/162    Epoch: 0.00/7.0 (0.0% complete)    lr: 0.003000    shrink: 0.97000
2019-02-11 00:20:40,486 [steps/nnet3/train_raw_dnn.py:388 - train - INFO ] Iter: 1/162    Epoch: 0.04/7.0 (0.6% complete)    lr: 0.002958    shrink: 0.97042
2019-02-11 00:26:48,469 [steps/nnet3/train_raw_dnn.py:388 - train - INFO ] Iter: 2/162    Epoch: 0.09/7.0 (1.2% complete)    lr: 0.002917    shrink: 0.97083
2019-02-11 00:35:35,730 [steps/nnet3/train_raw_dnn.py:388 - train - INFO ] Iter: 3/162    Epoch: 0.13/7.0 (1.8% complete)    lr: 0.002876    shrink: 0.97124
2019-02-11 00:45:32,044 [steps/nnet3/train_raw_dnn.py:388 - train - INFO ] Iter: 4/162    Epoch: 0.17/7.0 (2.4% complete)    lr: 0.002836    shrink: 0.97164
2019-02-11 01:31:33,186 [steps/nnet3/train_raw_dnn.py:388 - train - INFO ] Iter: 5/162    Epoch: 0.21/7.0 (3.1% complete)    lr: 0.002796    shrink: 0.97204
2019-02-11 01:46:00,210 [steps/nnet3/train_raw_dnn.py:388 - train - INFO ] Iter: 6/162    Epoch: 0.26/7.0 (3.7% complete)    lr: 0.002757    shrink: 0.97243
2019-02-11 01:53:14,547 [steps/nnet3/train_raw_dnn.py:388 - train - INFO ] Iter: 7/162    Epoch: 0.30/7.0 (4.3% complete)    lr: 0.002718    shrink: 0.97282
2019-02-11 02:00:50,356 [steps/nnet3/train_raw_dnn.py:388 - train - INFO ] Iter: 8/162    Epoch: 0.34/7.0 (4.9% complete)    lr: 0.002680    shrink: 0.97320
2019-02-11 02:08:21,420 [steps/nnet3/train_raw_dnn.py:388 - train - INFO ] Iter: 9/162    Epoch: 0.39/7.0 (5.5% complete)    lr: 0.002643    shrink: 0.97357
2019-02-11 02:18:25,734 [steps/nnet3/train_raw_dnn.py:388 - train - INFO ] Iter: 10/162    Epoch: 0.43/7.0 (6.1% complete)    lr: 0.002606    shrink: 0.97394
2019-02-11 02:28:14,522 [steps/nnet3/train_raw_dnn.py:388 - train - INFO ] Iter: 11/162    Epoch: 0.47/7.0 (6.7% complete)    lr: 0.002569    shrink: 0.97431
2019-02-11 02:37:26,538 [steps/nnet3/train_raw_dnn.py:388 - train - INFO ] Iter: 12/162    Epoch: 0.51/7.0 (7.3% complete)    lr: 0.002533    shrink: 0.97467
2019-02-11 02:45:32,856 [steps/nnet3/train_raw_dnn.py:388 - train - INFO ] Iter: 13/162    Epoch: 0.56/7.0 (8.0% complete)    lr: 0.002498    shrink: 0.97502
2019-02-11 02:52:13,703 [steps/nnet3/train_raw_dnn.py:388 - train - INFO ] Iter: 14/162    Epoch: 0.60/7.0 (8.6% complete)    lr: 0.002463    shrink: 0.97537
2019-02-11 02:59:48,880 [steps/nnet3/train_raw_dnn.py:388 - train - INFO ] Iter: 15/162    Epoch: 0.64/7.0 (9.2% complete)    lr: 0.002428    shrink: 0.97572
2019-02-11 03:07:24,186 [steps/nnet3/train_raw_dnn.py:388 - train - INFO ] Iter: 16/162    Epoch: 0.69/7.0 (9.8% complete)    lr: 0.002394    shrink: 0.97606
2019-02-11 03:17:26,219 [steps/nnet3/train_raw_dnn.py:388 - train - INFO ] Iter: 17/162    Epoch: 0.73/7.0 (10.4% complete)    lr: 0.002361    shrink: 0.97639
2019-02-11 03:27:18,215 [steps/nnet3/train_raw_dnn.py:388 - train - INFO ] Iter: 18/162    Epoch: 0.77/7.0 (11.0% complete)    lr: 0.002328    shrink: 0.97672
2019-02-11 03:36:04,172 [steps/nnet3/train_raw_dnn.py:388 - train - INFO ] Iter: 19/162    Epoch: 0.81/7.0 (11.6% complete)    lr: 0.002295    shrink: 0.97705
2019-02-11 03:45:10,845 [steps/nnet3/train_raw_dnn.py:388 - train - INFO ] Iter: 20/162    Epoch: 0.86/7.0 (12.2% complete)    lr: 0.002263    shrink: 0.97737
2019-02-11 03:53:26,220 [steps/nnet3/train_raw_dnn.py:388 - train - INFO ] Iter: 21/162    Epoch: 0.90/7.0 (12.9% complete)    lr: 0.002231    shrink: 0.97769
2019-02-11 04:01:29,066 [steps/nnet3/train_raw_dnn.py:388 - train - INFO ] Iter: 22/162    Epoch: 0.94/7.0 (13.5% complete)    lr: 0.002200    shrink: 0.97800
2019-02-11 04:11:05,976 [steps/nnet3/train_raw_dnn.py:388 - train - INFO ] Iter: 23/162    Epoch: 0.99/7.0 (14.1% complete)    lr: 0.002169    shrink: 0.97831
2019-02-11 04:20:20,935 [steps/nnet3/train_raw_dnn.py:388 - train - INFO ] Iter: 24/162    Epoch: 1.03/7.0 (14.7% complete)    lr: 0.002139    shrink: 0.97861
2019-02-11 04:26:53,337 [steps/nnet3/train_raw_dnn.py:388 - train - INFO ] Iter: 25/162    Epoch: 1.07/7.0 (15.3% complete)    lr: 0.002109    shrink: 0.97891
2019-02-11 04:34:10,769 [steps/nnet3/train_raw_dnn.py:388 - train - INFO ] Iter: 26/162    Epoch: 1.11/7.0 (15.9% complete)    lr: 0.002079    shrink: 0.97921
2019-02-11 04:44:00,163 [steps/nnet3/train_raw_dnn.py:388 - train - INFO ] Iter: 27/162    Epoch: 1.16/7.0 (16.5% complete)    lr: 0.002050    shrink: 0.97950
2019-02-11 04:50:52,897 [steps/nnet3/train_raw_dnn.py:388 - train - INFO ] Iter: 28/162    Epoch: 1.20/7.0 (17.1% complete)    lr: 0.002022    shrink: 0.97978
2019-02-11 04:59:59,911 [steps/nnet3/train_raw_dnn.py:388 - train - INFO ] Iter: 29/162    Epoch: 1.24/7.0 (17.8% complete)    lr: 0.001993    shrink: 0.98007
2019-02-11 05:08:31,115 [steps/nnet3/train_raw_dnn.py:388 - train - INFO ] Iter: 30/162    Epoch: 1.29/7.0 (18.4% complete)    lr: 0.001965    shrink: 0.98035
2019-02-11 05:18:03,209 [steps/nnet3/train_raw_dnn.py:388 - train - INFO ] Iter: 31/162    Epoch: 1.33/7.0 (19.0% complete)    lr: 0.001938    shrink: 0.98062
2019-02-11 05:26:46,974 [steps/nnet3/train_raw_dnn.py:388 - train - INFO ] Iter: 32/162    Epoch: 1.37/7.0 (19.6% complete)    lr: 0.001911    shrink: 0.98089
2019-02-11 05:36:33,114 [steps/nnet3/train_raw_dnn.py:388 - train - INFO ] Iter: 33/162    Epoch: 1.41/7.0 (20.2% complete)    lr: 0.001884    shrink: 0.98116
2019-02-11 05:45:45,847 [steps/nnet3/train_raw_dnn.py:388 - train - INFO ] Iter: 34/162    Epoch: 1.46/7.0 (20.8% complete)    lr: 0.001858    shrink: 0.98142
2019-02-11 05:54:58,707 [steps/nnet3/train_raw_dnn.py:388 - train - INFO ] Iter: 35/162    Epoch: 1.50/7.0 (21.4% complete)    lr: 0.001832    shrink: 0.98168
2019-02-11 06:05:06,511 [steps/nnet3/train_raw_dnn.py:388 - train - INFO ] Iter: 36/162    Epoch: 1.54/7.0 (22.0% complete)    lr: 0.001806    shrink: 0.98194
2019-02-11 06:12:58,673 [steps/nnet3/train_raw_dnn.py:388 - train - INFO ] Iter: 37/162    Epoch: 1.59/7.0 (22.7% complete)    lr: 0.001781    shrink: 0.98219
2019-02-11 06:22:22,710 [steps/nnet3/train_raw_dnn.py:388 - train - INFO ] Iter: 38/162    Epoch: 1.63/7.0 (23.3% complete)    lr: 0.001756    shrink: 0.98244
2019-02-11 06:28:49,135 [steps/nnet3/train_raw_dnn.py:388 - train - INFO ] Iter: 39/162    Epoch: 1.67/7.0 (23.9% complete)    lr: 0.001731    shrink: 0.98269
2019-02-11 06:37:19,153 [steps/nnet3/train_raw_dnn.py:388 - train - INFO ] Iter: 40/162    Epoch: 1.71/7.0 (24.5% complete)    lr: 0.001707    shrink: 0.98293
2019-02-11 06:45:29,866 [steps/nnet3/train_raw_dnn.py:388 - train - INFO ] Iter: 41/162    Epoch: 1.76/7.0 (25.1% complete)    lr: 0.001683    shrink: 0.98317
2019-02-11 06:52:36,702 [steps/nnet3/train_raw_dnn.py:388 - train - INFO ] Iter: 42/162    Epoch: 1.80/7.0 (25.7% complete)    lr: 0.001660    shrink: 0.98340
2019-02-11 06:59:58,559 [steps/nnet3/train_raw_dnn.py:388 - train - INFO ] Iter: 43/162    Epoch: 1.84/7.0 (26.3% complete)    lr: 0.001636    shrink: 0.98364
2019-02-11 07:09:18,122 [steps/nnet3/train_raw_dnn.py:388 - train - INFO ] Iter: 44/162    Epoch: 1.89/7.0 (26.9% complete)    lr: 0.001613    shrink: 0.98387
2019-02-11 07:17:29,128 [steps/nnet3/train_raw_dnn.py:388 - train - INFO ] Iter: 45/162    Epoch: 1.93/7.0 (27.6% complete)    lr: 0.001591    shrink: 0.98409
2019-02-11 07:25:52,449 [steps/nnet3/train_raw_dnn.py:388 - train - INFO ] Iter: 46/162    Epoch: 1.97/7.0 (28.2% complete)    lr: 0.001569    shrink: 0.98431
2019-02-11 07:35:37,201 [steps/nnet3/train_raw_dnn.py:388 - train - INFO ] Iter: 47/162    Epoch: 2.01/7.0 (28.8% complete)    lr: 0.001547    shrink: 0.98453
2019-02-11 07:42:58,316 [steps/nnet3/train_raw_dnn.py:388 - train - INFO ] Iter: 48/162    Epoch: 2.06/7.0 (29.4% complete)    lr: 0.001525    shrink: 0.98475
2019-02-11 07:48:24,415 [steps/nnet3/train_raw_dnn.py:388 - train - INFO ] Iter: 49/162    Epoch: 2.10/7.0 (30.0% complete)    lr: 0.001504    shrink: 0.98496
2019-02-11 07:56:04,683 [steps/nnet3/train_raw_dnn.py:388 - train - INFO ] Iter: 50/162    Epoch: 2.14/7.0 (30.6% complete)    lr: 0.001483    shrink: 0.98517
2019-02-11 08:06:28,607 [steps/nnet3/train_raw_dnn.py:388 - train - INFO ] Iter: 51/162    Epoch: 2.19/7.0 (31.2% complete)    lr: 0.001462    shrink: 0.98538
2019-02-11 08:15:36,431 [steps/nnet3/train_raw_dnn.py:388 - train - INFO ] Iter: 52/162    Epoch: 2.23/7.0 (31.8% complete)    lr: 0.001441    shrink: 0.98559
2019-02-11 08:24:47,650 [steps/nnet3/train_raw_dnn.py:388 - train - INFO ] Iter: 53/162    Epoch: 2.27/7.0 (32.4% complete)    lr: 0.001421    shrink: 0.98579
2019-02-11 08:34:17,885 [steps/nnet3/train_raw_dnn.py:388 - train - INFO ] Iter: 54/162    Epoch: 2.31/7.0 (33.1% complete)    lr: 0.001401    shrink: 0.98599
2019-02-11 08:43:01,948 [steps/nnet3/train_raw_dnn.py:388 - train - INFO ] Iter: 55/162    Epoch: 2.36/7.0 (33.7% complete)    lr: 0.001382    shrink: 0.98618
2019-02-11 08:52:47,273 [steps/nnet3/train_raw_dnn.py:388 - train - INFO ] Iter: 56/162    Epoch: 2.40/7.0 (34.3% complete)    lr: 0.001362    shrink: 0.98638
2019-02-11 09:02:32,811 [steps/nnet3/train_raw_dnn.py:388 - train - INFO ] Iter: 57/162    Epoch: 2.44/7.0 (34.9% complete)    lr: 0.001343    shrink: 0.98657
2019-02-11 09:11:47,762 [steps/nnet3/train_raw_dnn.py:388 - train - INFO ] Iter: 58/162    Epoch: 2.49/7.0 (35.5% complete)    lr: 0.001324    shrink: 0.98676
2019-02-11 09:21:04,393 [steps/nnet3/train_raw_dnn.py:388 - train - INFO ] Iter: 59/162    Epoch: 2.53/7.0 (36.1% complete)    lr: 0.001306    shrink: 0.98694
2019-02-11 09:31:31,551 [steps/nnet3/train_raw_dnn.py:388 - train - INFO ] Iter: 60/162    Epoch: 2.57/7.0 (36.7% complete)    lr: 0.001288    shrink: 0.98712
2019-02-11 09:37:59,806 [steps/nnet3/train_raw_dnn.py:388 - train - INFO ] Iter: 61/162    Epoch: 2.61/7.0 (37.3% complete)    lr: 0.001270    shrink: 0.98730
2019-02-11 09:45:35,214 [steps/nnet3/train_raw_dnn.py:388 - train - INFO ] Iter: 62/162    Epoch: 2.66/7.0 (38.0% complete)    lr: 0.001252    shrink: 0.98748
2019-02-11 09:53:31,469 [steps/nnet3/train_raw_dnn.py:388 - train - INFO ] Iter: 63/162    Epoch: 2.70/7.0 (38.6% complete)    lr: 0.001234    shrink: 0.98766
2019-02-11 10:01:58,381 [steps/nnet3/train_raw_dnn.py:388 - train - INFO ] Iter: 64/162    Epoch: 2.74/7.0 (39.2% complete)    lr: 0.001217    shrink: 0.98783
2019-02-11 10:11:54,518 [steps/nnet3/train_raw_dnn.py:388 - train - INFO ] Iter: 65/162    Epoch: 2.79/7.0 (39.8% complete)    lr: 0.001200    shrink: 0.98800
2019-02-11 10:20:49,976 [steps/nnet3/train_raw_dnn.py:388 - train - INFO ] Iter: 66/162    Epoch: 2.83/7.0 (40.4% complete)    lr: 0.001183    shrink: 0.98817
2019-02-11 10:29:54,392 [steps/nnet3/train_raw_dnn.py:388 - train - INFO ] Iter: 67/162    Epoch: 2.87/7.0 (41.0% complete)    lr: 0.001167    shrink: 0.98833
2019-02-11 10:37:53,985 [steps/nnet3/train_raw_dnn.py:388 - train - INFO ] Iter: 68/162    Epoch: 2.91/7.0 (41.6% complete)    lr: 0.001150    shrink: 0.98850
2019-02-11 10:46:17,805 [steps/nnet3/train_raw_dnn.py:388 - train - INFO ] Iter: 69/162    Epoch: 2.96/7.0 (42.2% complete)    lr: 0.001134    shrink: 0.98866
2019-02-11 10:55:55,002 [steps/nnet3/train_raw_dnn.py:388 - train - INFO ] Iter: 70/162    Epoch: 3.00/7.0 (42.9% complete)    lr: 0.001118    shrink: 0.98882
2019-02-11 11:02:35,702 [steps/nnet3/train_raw_dnn.py:388 - train - INFO ] Iter: 71/162    Epoch: 3.04/7.0 (43.5% complete)    lr: 0.001103    shrink: 0.98897
2019-02-11 11:09:45,463 [steps/nnet3/train_raw_dnn.py:388 - train - INFO ] Iter: 72/162    Epoch: 3.09/7.0 (44.1% complete)    lr: 0.001087    shrink: 0.98913
2019-02-11 11:17:22,351 [steps/nnet3/train_raw_dnn.py:388 - train - INFO ] Iter: 73/162    Epoch: 3.13/7.0 (44.7% complete)    lr: 0.001072    shrink: 0.98928
2019-02-11 12:09:26,877 [steps/nnet3/train_raw_dnn.py:388 - train - INFO ] Iter: 74/162    Epoch: 3.17/7.0 (45.3% complete)    lr: 0.001057    shrink: 0.98943
2019-02-11 12:17:17,228 [steps/nnet3/train_raw_dnn.py:388 - train - INFO ] Iter: 75/162    Epoch: 3.21/7.0 (45.9% complete)    lr: 0.001042    shrink: 0.98958
2019-02-11 12:26:13,407 [steps/nnet3/train_raw_dnn.py:388 - train - INFO ] Iter: 76/162    Epoch: 3.26/7.0 (46.5% complete)    lr: 0.001028    shrink: 0.98972
2019-02-11 12:34:50,699 [steps/nnet3/train_raw_dnn.py:388 - train - INFO ] Iter: 77/162    Epoch: 3.30/7.0 (47.1% complete)    lr: 0.001013    shrink: 0.98987
2019-02-11 12:44:41,142 [steps/nnet3/train_raw_dnn.py:388 - train - INFO ] Iter: 78/162    Epoch: 3.34/7.0 (47.8% complete)    lr: 0.000999    shrink: 0.99001
2019-02-11 12:53:49,082 [steps/nnet3/train_raw_dnn.py:388 - train - INFO ] Iter: 79/162    Epoch: 3.39/7.0 (48.4% complete)    lr: 0.000985    shrink: 0.99015
2019-02-11 13:02:14,125 [steps/nnet3/train_raw_dnn.py:388 - train - INFO ] Iter: 80/162    Epoch: 3.43/7.0 (49.0% complete)    lr: 0.000971    shrink: 0.99029
2019-02-11 13:10:46,441 [steps/nnet3/train_raw_dnn.py:388 - train - INFO ] Iter: 81/162    Epoch: 3.47/7.0 (49.6% complete)    lr: 0.000958    shrink: 0.99042
2019-02-11 13:20:21,369 [steps/nnet3/train_raw_dnn.py:388 - train - INFO ] Iter: 82/162    Epoch: 3.51/7.0 (50.2% complete)    lr: 0.000944    shrink: 0.99056
2019-02-11 13:31:03,610 [steps/nnet3/train_raw_dnn.py:388 - train - INFO ] Iter: 83/162    Epoch: 3.56/7.0 (50.8% complete)    lr: 0.000931    shrink: 0.99069
2019-02-11 13:37:59,860 [steps/nnet3/train_raw_dnn.py:388 - train - INFO ] Iter: 84/162    Epoch: 3.60/7.0 (51.4% complete)    lr: 0.000918    shrink: 0.99082
2019-02-11 13:48:01,714 [steps/nnet3/train_raw_dnn.py:388 - train - INFO ] Iter: 85/162    Epoch: 3.64/7.0 (52.0% complete)    lr: 0.000905    shrink: 0.99095
2019-02-11 13:55:29,507 [steps/nnet3/train_raw_dnn.py:388 - train - INFO ] Iter: 86/162    Epoch: 3.69/7.0 (52.7% complete)    lr: 0.000892    shrink: 0.99108
2019-02-11 14:06:26,286 [steps/nnet3/train_raw_dnn.py:388 - train - INFO ] Iter: 87/162    Epoch: 3.73/7.0 (53.3% complete)    lr: 0.000880    shrink: 0.99120
2019-02-11 14:17:29,326 [steps/nnet3/train_raw_dnn.py:388 - train - INFO ] Iter: 88/162    Epoch: 3.77/7.0 (53.9% complete)    lr: 0.000868    shrink: 0.99132
2019-02-11 14:28:13,666 [steps/nnet3/train_raw_dnn.py:388 - train - INFO ] Iter: 89/162    Epoch: 3.81/7.0 (54.5% complete)    lr: 0.000856    shrink: 0.99144
2019-02-11 14:37:43,289 [steps/nnet3/train_raw_dnn.py:388 - train - INFO ] Iter: 90/162    Epoch: 3.86/7.0 (55.1% complete)    lr: 0.000844    shrink: 0.99156
2019-02-11 14:47:01,714 [steps/nnet3/train_raw_dnn.py:388 - train - INFO ] Iter: 91/162    Epoch: 3.90/7.0 (55.7% complete)    lr: 0.000832    shrink: 0.99168
2019-02-11 14:55:21,493 [steps/nnet3/train_raw_dnn.py:388 - train - INFO ] Iter: 92/162    Epoch: 3.94/7.0 (56.3% complete)    lr: 0.000820    shrink: 0.99180
2019-02-11 15:04:28,368 [steps/nnet3/train_raw_dnn.py:388 - train - INFO ] Iter: 93/162    Epoch: 3.99/7.0 (56.9% complete)    lr: 0.000809    shrink: 0.99191
2019-02-11 15:14:21,986 [steps/nnet3/train_raw_dnn.py:388 - train - INFO ] Iter: 94/162    Epoch: 4.03/7.0 (57.6% complete)    lr: 0.000797    shrink: 0.99203
2019-02-11 15:23:02,874 [steps/nnet3/train_raw_dnn.py:388 - train - INFO ] Iter: 95/162    Epoch: 4.07/7.0 (58.2% complete)    lr: 0.000786    shrink: 0.99214
2019-02-11 15:33:19,070 [steps/nnet3/train_raw_dnn.py:388 - train - INFO ] Iter: 96/162    Epoch: 4.11/7.0 (58.8% complete)    lr: 0.000775    shrink: 0.99225
2019-02-11 15:42:24,920 [steps/nnet3/train_raw_dnn.py:388 - train - INFO ] Iter: 97/162    Epoch: 4.16/7.0 (59.4% complete)    lr: 0.000764    shrink: 0.99236
2019-02-11 15:51:35,721 [steps/nnet3/train_raw_dnn.py:388 - train - INFO ] Iter: 98/162    Epoch: 4.20/7.0 (60.0% complete)    lr: 0.000754    shrink: 0.99246
2019-02-11 16:00:10,908 [steps/nnet3/train_raw_dnn.py:388 - train - INFO ] Iter: 99/162    Epoch: 4.24/7.0 (60.6% complete)    lr: 0.000743    shrink: 0.99257
2019-02-11 16:10:31,067 [steps/nnet3/train_raw_dnn.py:388 - train - INFO ] Iter: 100/162    Epoch: 4.29/7.0 (61.2% complete)    lr: 0.000733    shrink: 0.99267
2019-02-11 16:22:03,267 [steps/nnet3/train_raw_dnn.py:388 - train - INFO ] Iter: 101/162    Epoch: 4.33/7.0 (61.8% complete)    lr: 0.000722    shrink: 0.99278
2019-02-11 16:30:09,837 [steps/nnet3/train_raw_dnn.py:388 - train - INFO ] Iter: 102/162    Epoch: 4.37/7.0 (62.4% complete)    lr: 0.000712    shrink: 0.99288
2019-02-11 16:40:03,993 [steps/nnet3/train_raw_dnn.py:388 - train - INFO ] Iter: 103/162    Epoch: 4.41/7.0 (63.1% complete)    lr: 0.000702    shrink: 0.99298
2019-02-11 16:50:20,382 [steps/nnet3/train_raw_dnn.py:388 - train - INFO ] Iter: 104/162    Epoch: 4.46/7.0 (63.7% complete)    lr: 0.000692    shrink: 0.99308
2019-02-11 16:59:35,315 [steps/nnet3/train_raw_dnn.py:388 - train - INFO ] Iter: 105/162    Epoch: 4.50/7.0 (64.3% complete)    lr: 0.000683    shrink: 0.99317
2019-02-11 17:11:00,219 [steps/nnet3/train_raw_dnn.py:388 - train - INFO ] Iter: 106/162    Epoch: 4.54/7.0 (64.9% complete)    lr: 0.000673    shrink: 0.99327
2019-02-11 17:20:44,865 [steps/nnet3/train_raw_dnn.py:388 - train - INFO ] Iter: 107/162    Epoch: 4.59/7.0 (65.5% complete)    lr: 0.000664    shrink: 0.99336
2019-02-11 17:31:53,868 [steps/nnet3/train_raw_dnn.py:388 - train - INFO ] Iter: 108/162    Epoch: 4.63/7.0 (66.1% complete)    lr: 0.000654    shrink: 0.99346
2019-02-11 17:40:10,562 [steps/nnet3/train_raw_dnn.py:388 - train - INFO ] Iter: 109/162    Epoch: 4.67/7.0 (66.7% complete)    lr: 0.000645    shrink: 0.99355
2019-02-11 17:50:29,303 [steps/nnet3/train_raw_dnn.py:388 - train - INFO ] Iter: 110/162    Epoch: 4.71/7.0 (67.3% complete)    lr: 0.000636    shrink: 0.99364
2019-02-11 18:01:31,430 [steps/nnet3/train_raw_dnn.py:388 - train - INFO ] Iter: 111/162    Epoch: 4.76/7.0 (68.0% complete)    lr: 0.000627    shrink: 0.99373
2019-02-11 18:10:29,858 [steps/nnet3/train_raw_dnn.py:388 - train - INFO ] Iter: 112/162    Epoch: 4.80/7.0 (68.6% complete)    lr: 0.000619    shrink: 0.99381
2019-02-11 18:18:04,832 [steps/nnet3/train_raw_dnn.py:388 - train - INFO ] Iter: 113/162    Epoch: 4.84/7.0 (69.2% complete)    lr: 0.000610    shrink: 0.99390
2019-02-11 18:27:33,804 [steps/nnet3/train_raw_dnn.py:388 - train - INFO ] Iter: 114/162    Epoch: 4.89/7.0 (69.8% complete)    lr: 0.000601    shrink: 0.99399
2019-02-11 18:36:52,260 [steps/nnet3/train_raw_dnn.py:388 - train - INFO ] Iter: 115/162    Epoch: 4.93/7.0 (70.4% complete)    lr: 0.000593    shrink: 0.99407
2019-02-11 18:45:21,090 [steps/nnet3/train_raw_dnn.py:388 - train - INFO ] Iter: 116/162    Epoch: 4.97/7.0 (71.0% complete)    lr: 0.000585    shrink: 0.99415
2019-02-11 18:55:52,039 [steps/nnet3/train_raw_dnn.py:388 - train - INFO ] Iter: 117/162    Epoch: 5.01/7.0 (71.6% complete)    lr: 0.000576    shrink: 0.99424
2019-02-11 19:04:23,378 [steps/nnet3/train_raw_dnn.py:388 - train - INFO ] Iter: 118/162    Epoch: 5.06/7.0 (72.2% complete)    lr: 0.000568    shrink: 0.99432
2019-02-11 19:11:45,898 [steps/nnet3/train_raw_dnn.py:388 - train - INFO ] Iter: 119/162    Epoch: 5.10/7.0 (72.9% complete)    lr: 0.000560    shrink: 0.99440
2019-02-11 19:22:06,732 [steps/nnet3/train_raw_dnn.py:388 - train - INFO ] Iter: 120/162    Epoch: 5.14/7.0 (73.5% complete)    lr: 0.000553    shrink: 0.99447
2019-02-11 19:33:04,151 [steps/nnet3/train_raw_dnn.py:388 - train - INFO ] Iter: 121/162    Epoch: 5.19/7.0 (74.1% complete)    lr: 0.000545    shrink: 0.99455
2019-02-11 19:40:47,738 [steps/nnet3/train_raw_dnn.py:388 - train - INFO ] Iter: 122/162    Epoch: 5.23/7.0 (74.7% complete)    lr: 0.000537    shrink: 0.99463
2019-02-11 19:48:21,336 [steps/nnet3/train_raw_dnn.py:388 - train - INFO ] Iter: 123/162    Epoch: 5.27/7.0 (75.3% complete)    lr: 0.000530    shrink: 0.99470
2019-02-11 19:58:22,253 [steps/nnet3/train_raw_dnn.py:388 - train - INFO ] Iter: 124/162    Epoch: 5.31/7.0 (75.9% complete)    lr: 0.000522    shrink: 0.99478
2019-02-11 20:07:03,971 [steps/nnet3/train_raw_dnn.py:388 - train - INFO ] Iter: 125/162    Epoch: 5.36/7.0 (76.5% complete)    lr: 0.000515    shrink: 0.99485
2019-02-11 20:16:15,908 [steps/nnet3/train_raw_dnn.py:388 - train - INFO ] Iter: 126/162    Epoch: 5.40/7.0 (77.1% complete)    lr: 0.000508    shrink: 0.99492
2019-02-11 20:26:38,852 [steps/nnet3/train_raw_dnn.py:388 - train - INFO ] Iter: 127/162    Epoch: 5.44/7.0 (77.8% complete)    lr: 0.000501    shrink: 0.99499
2019-02-11 20:37:43,855 [steps/nnet3/train_raw_dnn.py:388 - train - INFO ] Iter: 128/162    Epoch: 5.49/7.0 (78.4% complete)    lr: 0.000494    shrink: 0.99506
2019-02-11 20:48:46,866 [steps/nnet3/train_raw_dnn.py:388 - train - INFO ] Iter: 129/162    Epoch: 5.53/7.0 (79.0% complete)    lr: 0.000487    shrink: 0.99513
2019-02-11 20:59:28,544 [steps/nnet3/train_raw_dnn.py:388 - train - INFO ] Iter: 130/162    Epoch: 5.57/7.0 (79.6% complete)    lr: 0.000480    shrink: 0.99520
2019-02-11 21:07:14,210 [steps/nnet3/train_raw_dnn.py:388 - train - INFO ] Iter: 131/162    Epoch: 5.61/7.0 (80.2% complete)    lr: 0.000473    shrink: 0.99527
2019-02-11 21:16:04,757 [steps/nnet3/train_raw_dnn.py:388 - train - INFO ] Iter: 132/162    Epoch: 5.66/7.0 (80.8% complete)    lr: 0.000467    shrink: 0.99533
2019-02-11 21:25:22,762 [steps/nnet3/train_raw_dnn.py:388 - train - INFO ] Iter: 133/162    Epoch: 5.70/7.0 (81.4% complete)    lr: 0.000460    shrink: 0.99540
2019-02-11 21:35:31,754 [steps/nnet3/train_raw_dnn.py:388 - train - INFO ] Iter: 134/162    Epoch: 5.74/7.0 (82.0% complete)    lr: 0.000454    shrink: 0.99546
2019-02-11 21:45:31,634 [steps/nnet3/train_raw_dnn.py:388 - train - INFO ] Iter: 135/162    Epoch: 5.79/7.0 (82.7% complete)    lr: 0.000447    shrink: 0.99553
2019-02-11 21:54:26,447 [steps/nnet3/train_raw_dnn.py:388 - train - INFO ] Iter: 136/162    Epoch: 5.83/7.0 (83.3% complete)    lr: 0.000441    shrink: 0.99559
2019-02-11 22:03:08,658 [steps/nnet3/train_raw_dnn.py:388 - train - INFO ] Iter: 137/162    Epoch: 5.87/7.0 (83.9% complete)    lr: 0.000435    shrink: 0.99565
2019-02-11 22:11:25,369 [steps/nnet3/train_raw_dnn.py:388 - train - INFO ] Iter: 138/162    Epoch: 5.91/7.0 (84.5% complete)    lr: 0.000429    shrink: 0.99571
2019-02-11 22:19:42,719 [steps/nnet3/train_raw_dnn.py:388 - train - INFO ] Iter: 139/162    Epoch: 5.96/7.0 (85.1% complete)    lr: 0.000423    shrink: 0.99577
2019-02-11 22:29:23,000 [steps/nnet3/train_raw_dnn.py:388 - train - INFO ] Iter: 140/162    Epoch: 6.00/7.0 (85.7% complete)    lr: 0.000417    shrink: 0.99583
2019-02-11 22:35:19,349 [steps/nnet3/train_raw_dnn.py:388 - train - INFO ] Iter: 141/162    Epoch: 6.04/7.0 (86.3% complete)    lr: 0.000411    shrink: 0.99589
2019-02-11 22:42:36,012 [steps/nnet3/train_raw_dnn.py:388 - train - INFO ] Iter: 142/162    Epoch: 6.09/7.0 (86.9% complete)    lr: 0.000405    shrink: 0.99595
2019-02-11 22:51:46,994 [steps/nnet3/train_raw_dnn.py:388 - train - INFO ] Iter: 143/162    Epoch: 6.13/7.0 (87.6% complete)    lr: 0.000400    shrink: 0.99600
2019-02-11 23:00:06,791 [steps/nnet3/train_raw_dnn.py:388 - train - INFO ] Iter: 144/162    Epoch: 6.17/7.0 (88.2% complete)    lr: 0.000394    shrink: 0.99606
2019-02-11 23:07:23,301 [steps/nnet3/train_raw_dnn.py:388 - train - INFO ] Iter: 145/162    Epoch: 6.21/7.0 (88.8% complete)    lr: 0.000388    shrink: 0.99612
2019-02-11 23:17:56,150 [steps/nnet3/train_raw_dnn.py:388 - train - INFO ] Iter: 146/162    Epoch: 6.26/7.0 (89.4% complete)    lr: 0.000383    shrink: 0.99617
2019-02-11 23:26:38,360 [steps/nnet3/train_raw_dnn.py:388 - train - INFO ] Iter: 147/162    Epoch: 6.30/7.0 (90.0% complete)    lr: 0.000378    shrink: 0.99622
2019-02-11 23:38:10,491 [steps/nnet3/train_raw_dnn.py:388 - train - INFO ] Iter: 148/162    Epoch: 6.34/7.0 (90.6% complete)    lr: 0.000372    shrink: 0.99628
2019-02-11 23:47:34,865 [steps/nnet3/train_raw_dnn.py:388 - train - INFO ] Iter: 149/162    Epoch: 6.39/7.0 (91.2% complete)    lr: 0.000367    shrink: 0.99633
2019-02-11 23:57:55,256 [steps/nnet3/train_raw_dnn.py:388 - train - INFO ] Iter: 150/162    Epoch: 6.43/7.0 (91.8% complete)    lr: 0.000362    shrink: 0.99638
2019-02-12 00:07:52,194 [steps/nnet3/train_raw_dnn.py:388 - train - INFO ] Iter: 151/162    Epoch: 6.47/7.0 (92.4% complete)    lr: 0.000357    shrink: 0.99643
2019-02-12 00:18:16,091 [steps/nnet3/train_raw_dnn.py:388 - train - INFO ] Iter: 152/162    Epoch: 6.51/7.0 (93.1% complete)    lr: 0.000352    shrink: 0.99648
2019-02-12 00:30:59,938 [steps/nnet3/train_raw_dnn.py:388 - train - INFO ] Iter: 153/162    Epoch: 6.56/7.0 (93.7% complete)    lr: 0.000347    shrink: 0.99653
2019-02-12 00:38:59,207 [steps/nnet3/train_raw_dnn.py:388 - train - INFO ] Iter: 154/162    Epoch: 6.60/7.0 (94.3% complete)    lr: 0.000342    shrink: 0.99658
2019-02-12 00:48:08,835 [steps/nnet3/train_raw_dnn.py:388 - train - INFO ] Iter: 155/162    Epoch: 6.64/7.0 (94.9% complete)    lr: 0.000337    shrink: 0.99663
2019-02-12 00:56:13,695 [steps/nnet3/train_raw_dnn.py:388 - train - INFO ] Iter: 156/162    Epoch: 6.69/7.0 (95.5% complete)    lr: 0.000333    shrink: 0.99667
2019-02-12 01:13:59,027 [steps/nnet3/train_raw_dnn.py:388 - train - INFO ] Iter: 157/162    Epoch: 6.73/7.0 (96.1% complete)    lr: 0.000328    shrink: 0.99672
2019-02-12 01:24:07,283 [steps/nnet3/train_raw_dnn.py:388 - train - INFO ] Iter: 158/162    Epoch: 6.77/7.0 (96.7% complete)    lr: 0.000323    shrink: 0.99677
2019-02-12 01:41:22,335 [steps/nnet3/train_raw_dnn.py:388 - train - INFO ] Iter: 159/162    Epoch: 6.81/7.0 (97.3% complete)    lr: 0.000319    shrink: 0.99681
2019-02-12 01:51:36,533 [steps/nnet3/train_raw_dnn.py:388 - train - INFO ] Iter: 160/162    Epoch: 6.86/7.0 (98.0% complete)    lr: 0.000314    shrink: 0.99686
2019-02-12 02:01:55,379 [steps/nnet3/train_raw_dnn.py:388 - train - INFO ] Iter: 161/162    Epoch: 6.90/7.0 (98.6% complete)    lr: 0.000310    shrink: 0.99690
2019-02-12 02:10:42,395 [steps/nnet3/train_raw_dnn.py:388 - train - INFO ] Iter: 162/162    Epoch: 6.94/7.0 (99.2% complete)    lr: 0.000300    shrink: 0.99700
2019-02-12 02:20:36,542 [steps/nnet3/train_raw_dnn.py:440 - train - INFO ] Doing final combination to produce final.raw
2019-02-12 02:20:36,542 [steps/libs/nnet3/train/frame_level_objf/common.py:491 - combine_models - INFO ] Combining {144, 145, 146, 147, 148, 149, 150, 151, 152, 153, 154, 155, 156, 157, 158, 159, 160, 161, 162, 163} models.
2019-02-12 02:25:51,865 [steps/nnet3/train_raw_dnn.py:462 - train - INFO ] Cleaning up the experiment directory /home/s1513472/lid/mfcc/nnet
/home/s1513472/lid/mfcc/nnet: num-iters=163 nj=3..3 num-params=4.5M dim=23->19 combine=-0.09->-0.08 (over 19) loglike:train/valid[107,162]=(-0.142,-0.129/-0.24,-0.193) accuracy:train/valid[107,162]=(0.926,0.963/0.941,0.961)
steps/nnet3/train_raw_dnn.py --stage=-1 --cmd=slurm.pl --trainer.optimization.proportional-shrink 10 --trainer.optimization.momentum=0.5 --trainer.optimization.num-jobs-initial=3 --trainer.optimization.num-jobs-final=3 --trainer.optimization.initial-effective-lrate=0.001 --trainer.optimization.final-effective-lrate=0.0001 --trainer.optimization.minibatch-size=64 --trainer.srand=123 --trainer.max-param-change=2 --trainer.num-epochs=7 --trainer.dropout-schedule=0,0@0.20,0.1@0.50,0 --trainer.shuffle-buffer-size=1000 --egs.frames-per-eg=1 --egs.dir=/home/s1513472/lid/mfcc/nnet/egs --cleanup.remove-egs false --cleanup.preserve-model-interval=10 --use-gpu=true --dir=/home/s1513472/lid/mfcc/nnet
['steps/nnet3/train_raw_dnn.py', '--stage=-1', '--cmd=slurm.pl', '--trainer.optimization.proportional-shrink', '10', '--trainer.optimization.momentum=0.5', '--trainer.optimization.num-jobs-initial=3', '--trainer.optimization.num-jobs-final=3', '--trainer.optimization.initial-effective-lrate=0.001', '--trainer.optimization.final-effective-lrate=0.0001', '--trainer.optimization.minibatch-size=64', '--trainer.srand=123', '--trainer.max-param-change=2', '--trainer.num-epochs=7', '--trainer.dropout-schedule=0,0@0.20,0.1@0.50,0', '--trainer.shuffle-buffer-size=1000', '--egs.frames-per-eg=1', '--egs.dir=/home/s1513472/lid/mfcc/nnet/egs', '--cleanup.remove-egs', 'false', '--cleanup.preserve-model-interval=10', '--use-gpu=true', '--dir=/home/s1513472/lid/mfcc/nnet']
Finished stage 4.
#### STAGE 7: Extracting X-vectors from the trained DNN. ####
./local/extract_xvectors.sh --cmd slurm.pl --mem 6G --use-gpu true --nj 32 --stage 0 --remove-nonspeech true /home/s1513472/lid/mfcc/nnet /home/s1513472/lid/mfcc/enroll /home/s1513472/lid/mfcc/exp/xvectors_enroll
./local/extract_xvectors.sh --cmd slurm.pl --mem 6G --use-gpu true --nj 32 --stage 0 --remove-nonspeech true /home/s1513472/lid/mfcc/nnet /home/s1513472/lid/mfcc/eval /home/s1513472/lid/mfcc/exp/xvectors_eval
Conda environment 'lid' active.
Conda environment 'lid' active.
./local/extract_xvectors.sh: using /home/s1513472/lid/mfcc/nnet/extract.config to extract xvectors
./local/extract_xvectors.sh: using /home/s1513472/lid/mfcc/nnet/extract.config to extract xvectors
./local/extract_xvectors.sh: extracting xvectors for /home/s1513472/lid/mfcc/eval
./local/extract_xvectors.sh: extracting xvectors from nnet
./local/extract_xvectors.sh: extracting xvectors for /home/s1513472/lid/mfcc/enroll
./local/extract_xvectors.sh: extracting xvectors from nnet
./local/extract_xvectors.sh: combining xvectors across jobs
./local/extract_xvectors.sh: computing mean of xvectors for each language
./local/extract_xvectors.sh: combining xvectors across jobs
./local/extract_xvectors.sh: computing mean of xvectors for each language
Finished stage 7.
#### STAGE 8: Training logistic regression classifier and classifying test utterances. ####
Finished stage 8.
#### STAGE 9: Calculating results. ####
Finished stage 9.
