Obtaining renewable credentials, you will be asked to type in your password
Password for s1513472@INF.ED.AC.UK: 
Running job " ./run.sh --exp-config=conf/exp_configs/pitch.conf --stage=1" for maximum of 28 days in background
Waiting for job to start...
+++++++++++++++++++++++++++++++++++++++++++++++++++++++++++++++++++++++++
 	 This shell script runs the GlobalPhone+X-vectors recipe.
 	 Use like this: ./run.sh <options>
 	 --stage=INT		Stage from which to start
 	 --run-all=(false|true)	Whether to run all stages
 	 			or just the specified one
 	 --experiment=STR	Experiment name (also name of directory 
 	 			where all files will be stored).
 	 			Default: 'baseline'.
 	 --exp-config=FILE	Config file with all kinds of options,
 	 			see conf/exp_default.conf for an example.
 	 			NOTE: Where arguments are passed on the command line,
 	 			the values overwrite those found in the config file.

 	 If no stage number is provided, either all stages
 	 will be run (--run-all=true) or no stages at all.
 +++++++++++++++++++++++++++++++++++++++++++++++++++++++++++++++++++++++++
Overwriting the experiment config value of stage=1 using the value '1' passed as a command-line argument.
Running experiment: 'pitch'
Running only stage 1.
Running on the cluster.
Conda environment not activated, sourcing ~/.bashrc and activating the 'lid' env.
Using shorten (v3.6.1) from ~/language-ident-from-speech/gp-xvectors-recipe/tools/shorten-3.6.1/bin/shorten
Using sox (v14.3.2) from ~/language-ident-from-speech/gp-xvectors-recipe/tools/sox-14.3.2/bin/sox
Conda environment not activated, sourcing ~/.bashrc and activating the 'lid' env.
The experiment directory is: /home/s1513472/lid/pitch
Running with languages: AR BG CH CR CZ FR GE JA KO PL PO RU SP SW TA TH TU WU VN
#### STAGE 1: Organising speakers into sets. ####
Conda environment 'lid' active.
datadir is: /home/s1513472/lid/pitch
Job started successfully
Language - GE: formatting train/enroll/eval/test data.
Language - AR: formatting train/enroll/eval/test data.
Language - CR: formatting train/enroll/eval/test data.
Language - CZ: formatting train/enroll/eval/test data.
Language - BG: formatting train/enroll/eval/test data.
Language - FR: formatting train/enroll/eval/test data.
Language - CH: formatting train/enroll/eval/test data.
Language - JA: formatting train/enroll/eval/test data.
Language - PO: formatting train/enroll/eval/test data.
Language - KO: formatting train/enroll/eval/test data.
Language - PL: formatting train/enroll/eval/test data.
Language - RU: formatting train/enroll/eval/test data.
Language - SW: formatting train/enroll/eval/test data.
Language - TA: formatting train/enroll/eval/test data.
Language - SP: formatting train/enroll/eval/test data.
Language - TH: formatting train/enroll/eval/test data.
Language - TU: formatting train/enroll/eval/test data.
Language - VN: formatting train/enroll/eval/test data.
Language - WU: formatting train/enroll/eval/test data.
Removing short utterances (< 0.1s)
utils/fix_data_dir.sh: file /home/s1513472/lid/pitch/WU/train/utt2spk is not in sorted order or not unique, sorting it
Removing short utterances (< 0.1s)
fix_data_dir.sh: kept all 294 utterances.
Removing short utterances (< 0.1s)
Removing short utterances (< 0.1s)
Removing short utterances (< 0.1s)
Removing short utterances (< 0.1s)
Removing short utterances (< 0.1s)
Removing short utterances (< 0.1s)
Removing short utterances (< 0.1s)
Removing short utterances (< 0.1s)
Removing short utterances (< 0.1s)
Removing short utterances (< 0.1s)
Removing short utterances (< 0.1s)
Removing short utterances (< 0.1s)
Removing short utterances (< 0.1s)
Removing short utterances (< 0.1s)
Removing short utterances (< 0.1s)
fix_data_dir.sh: old files are kept in /home/s1513472/lid/pitch/WU/train/.backup
Removing short utterances (< 0.1s)
utils/fix_data_dir.sh: file /home/s1513472/lid/pitch/AR/train/utt2spk is not in sorted order or not unique, sorting it
Removing short utterances (< 0.1s)
Removing short utterances (< 0.1s)
utils/fix_data_dir.sh: file /home/s1513472/lid/pitch/GE/train/utt2spk is not in sorted order or not unique, sorting it
utils/fix_data_dir.sh: file /home/s1513472/lid/pitch/BG/train/utt2spk is not in sorted order or not unique, sorting it
utils/fix_data_dir.sh: file /home/s1513472/lid/pitch/CR/train/utt2spk is not in sorted order or not unique, sorting it
utils/fix_data_dir.sh: file /home/s1513472/lid/pitch/CZ/train/utt2spk is not in sorted order or not unique, sorting it
utils/fix_data_dir.sh: file /home/s1513472/lid/pitch/PL/train/utt2spk is not in sorted order or not unique, sorting it
utils/fix_data_dir.sh: file /home/s1513472/lid/pitch/FR/train/utt2spk is not in sorted order or not unique, sorting it
utils/fix_data_dir.sh: file /home/s1513472/lid/pitch/KO/train/utt2spk is not in sorted order or not unique, sorting it
utils/fix_data_dir.sh: file /home/s1513472/lid/pitch/SW/train/utt2spk is not in sorted order or not unique, sorting it
utils/fix_data_dir.sh: file /home/s1513472/lid/pitch/SP/train/utt2spk is not in sorted order or not unique, sorting it
utils/fix_data_dir.sh: file /home/s1513472/lid/pitch/PO/train/utt2spk is not in sorted order or not unique, sorting it
utils/fix_data_dir.sh: file /home/s1513472/lid/pitch/TH/train/utt2spk is not in sorted order or not unique, sorting it
utils/fix_data_dir.sh: file /home/s1513472/lid/pitch/TU/train/utt2spk is not in sorted order or not unique, sorting it
utils/fix_data_dir.sh: file /home/s1513472/lid/pitch/CH/train/utt2spk is not in sorted order or not unique, sorting it
utils/fix_data_dir.sh: file /home/s1513472/lid/pitch/RU/train/utt2spk is not in sorted order or not unique, sorting it
utils/fix_data_dir.sh: file /home/s1513472/lid/pitch/WU/enroll/utt2spk is not in sorted order or not unique, sorting it
utils/fix_data_dir.sh: file /home/s1513472/lid/pitch/JA/train/utt2spk is not in sorted order or not unique, sorting it
utils/fix_data_dir.sh: file /home/s1513472/lid/pitch/VN/train/utt2spk is not in sorted order or not unique, sorting it
fix_data_dir.sh: kept all 35 utterances.
fix_data_dir.sh: kept all 3727 utterances.
fix_data_dir.sh: kept all 2873 utterances.
fix_data_dir.sh: kept all 6226 utterances.
fix_data_dir.sh: kept all 9115 utterances.
fix_data_dir.sh: kept all 7070 utterances.
fix_data_dir.sh: old files are kept in /home/s1513472/lid/pitch/TA/train/.backup
fix_data_dir.sh: kept all 7283 utterances.
fix_data_dir.sh: kept all 7770 utterances.
fix_data_dir.sh: kept all 5024 utterances.
fix_data_dir.sh: kept all 8141 utterances.
fix_data_dir.sh: kept all 8266 utterances.
fix_data_dir.sh: kept all 5552 utterances.
fix_data_dir.sh: kept all 7592 utterances.
fix_data_dir.sh: kept all 10878 utterances.
Removing short utterances (< 0.1s)
fix_data_dir.sh: kept all 4847 utterances.
fix_data_dir.sh: kept all 8234 utterances.
fix_data_dir.sh: kept all 194 utterances.
fix_data_dir.sh: kept all 11165 utterances.
fix_data_dir.sh: old files are kept in /home/s1513472/lid/pitch/CR/train/.backup
fix_data_dir.sh: kept all 15016 utterances.
fix_data_dir.sh: old files are kept in /home/s1513472/lid/pitch/AR/train/.backup
fix_data_dir.sh: old files are kept in /home/s1513472/lid/pitch/BG/train/.backup
fix_data_dir.sh: old files are kept in /home/s1513472/lid/pitch/PL/train/.backup
fix_data_dir.sh: old files are kept in /home/s1513472/lid/pitch/CZ/train/.backup
fix_data_dir.sh: old files are kept in /home/s1513472/lid/pitch/GE/train/.backup
fix_data_dir.sh: old files are kept in /home/s1513472/lid/pitch/FR/train/.backup
fix_data_dir.sh: old files are kept in /home/s1513472/lid/pitch/SP/train/.backup
fix_data_dir.sh: old files are kept in /home/s1513472/lid/pitch/KO/train/.backup
fix_data_dir.sh: old files are kept in /home/s1513472/lid/pitch/SW/train/.backup
fix_data_dir.sh: old files are kept in /home/s1513472/lid/pitch/PO/train/.backup
fix_data_dir.sh: old files are kept in /home/s1513472/lid/pitch/CH/train/.backup
fix_data_dir.sh: old files are kept in /home/s1513472/lid/pitch/TH/train/.backup
Removing short utterances (< 0.1s)
fix_data_dir.sh: old files are kept in /home/s1513472/lid/pitch/TU/train/.backup
Removing short utterances (< 0.1s)
Removing short utterances (< 0.1s)
Removing short utterances (< 0.1s)
fix_data_dir.sh: old files are kept in /home/s1513472/lid/pitch/RU/train/.backup
Removing short utterances (< 0.1s)
Removing short utterances (< 0.1s)
Removing short utterances (< 0.1s)
Removing short utterances (< 0.1s)
Removing short utterances (< 0.1s)
Removing short utterances (< 0.1s)
fix_data_dir.sh: old files are kept in /home/s1513472/lid/pitch/WU/enroll/.backup
Removing short utterances (< 0.1s)
Removing short utterances (< 0.1s)
fix_data_dir.sh: old files are kept in /home/s1513472/lid/pitch/JA/train/.backup
Removing short utterances (< 0.1s)
Removing short utterances (< 0.1s)
fix_data_dir.sh: old files are kept in /home/s1513472/lid/pitch/VN/train/.backup
Removing short utterances (< 0.1s)
Removing short utterances (< 0.1s)
utils/fix_data_dir.sh: file /home/s1513472/lid/pitch/CR/enroll/utt2spk is not in sorted order or not unique, sorting it
Removing short utterances (< 0.1s)
Removing short utterances (< 0.1s)
utils/fix_data_dir.sh: file /home/s1513472/lid/pitch/PL/enroll/utt2spk is not in sorted order or not unique, sorting it
utils/fix_data_dir.sh: file /home/s1513472/lid/pitch/GE/enroll/utt2spk is not in sorted order or not unique, sorting it
utils/fix_data_dir.sh: file /home/s1513472/lid/pitch/FR/enroll/utt2spk is not in sorted order or not unique, sorting it
utils/fix_data_dir.sh: file /home/s1513472/lid/pitch/AR/enroll/utt2spk is not in sorted order or not unique, sorting it
utils/fix_data_dir.sh: file /home/s1513472/lid/pitch/SP/enroll/utt2spk is not in sorted order or not unique, sorting it
utils/fix_data_dir.sh: file /home/s1513472/lid/pitch/CZ/enroll/utt2spk is not in sorted order or not unique, sorting it
utils/fix_data_dir.sh: file /home/s1513472/lid/pitch/KO/enroll/utt2spk is not in sorted order or not unique, sorting it
utils/fix_data_dir.sh: file /home/s1513472/lid/pitch/TH/enroll/utt2spk is not in sorted order or not unique, sorting it
utils/fix_data_dir.sh: file /home/s1513472/lid/pitch/TU/enroll/utt2spk is not in sorted order or not unique, sorting it
utils/fix_data_dir.sh: file /home/s1513472/lid/pitch/CH/enroll/utt2spk is not in sorted order or not unique, sorting it
utils/fix_data_dir.sh: file /home/s1513472/lid/pitch/RU/enroll/utt2spk is not in sorted order or not unique, sorting it
utils/fix_data_dir.sh: file /home/s1513472/lid/pitch/BG/enroll/utt2spk is not in sorted order or not unique, sorting it
utils/fix_data_dir.sh: file /home/s1513472/lid/pitch/SW/enroll/utt2spk is not in sorted order or not unique, sorting it
utils/fix_data_dir.sh: file /home/s1513472/lid/pitch/PO/enroll/utt2spk is not in sorted order or not unique, sorting it
fix_data_dir.sh: kept all 4 utterances.
utils/fix_data_dir.sh: file /home/s1513472/lid/pitch/JA/enroll/utt2spk is not in sorted order or not unique, sorting it
utils/fix_data_dir.sh: file /home/s1513472/lid/pitch/VN/enroll/utt2spk is not in sorted order or not unique, sorting it
utils/fix_data_dir.sh: file /home/s1513472/lid/pitch/WU/eval/utt2spk is not in sorted order or not unique, sorting it
fix_data_dir.sh: kept all 513 utterances.
fix_data_dir.sh: old files are kept in /home/s1513472/lid/pitch/TA/enroll/.backup
fix_data_dir.sh: kept all 902 utterances.
fix_data_dir.sh: kept all 982 utterances.
fix_data_dir.sh: kept all 1048 utterances.
Removing short utterances (< 0.1s)
fix_data_dir.sh: kept all 400 utterances.
fix_data_dir.sh: kept all 630 utterances.
fix_data_dir.sh: kept all 1252 utterances.
fix_data_dir.sh: kept all 889 utterances.
fix_data_dir.sh: kept all 1580 utterances.
fix_data_dir.sh: kept all 994 utterances.
fix_data_dir.sh: kept all 1181 utterances.
fix_data_dir.sh: kept all 637 utterances.
fix_data_dir.sh: kept all 1140 utterances.
fix_data_dir.sh: kept all 795 utterances.
fix_data_dir.sh: kept all 722 utterances.
fix_data_dir.sh: kept all 1261 utterances.
fix_data_dir.sh: old files are kept in /home/s1513472/lid/pitch/CR/enroll/.backup
fix_data_dir.sh: kept all 1740 utterances.
fix_data_dir.sh: kept all 198 utterances.
fix_data_dir.sh: old files are kept in /home/s1513472/lid/pitch/GE/enroll/.backup
fix_data_dir.sh: old files are kept in /home/s1513472/lid/pitch/PL/enroll/.backup
fix_data_dir.sh: old files are kept in /home/s1513472/lid/pitch/FR/enroll/.backup
fix_data_dir.sh: old files are kept in /home/s1513472/lid/pitch/SP/enroll/.backup
fix_data_dir.sh: old files are kept in /home/s1513472/lid/pitch/CZ/enroll/.backup
fix_data_dir.sh: old files are kept in /home/s1513472/lid/pitch/KO/enroll/.backup
fix_data_dir.sh: old files are kept in /home/s1513472/lid/pitch/AR/enroll/.backup
fix_data_dir.sh: old files are kept in /home/s1513472/lid/pitch/TH/enroll/.backup
fix_data_dir.sh: old files are kept in /home/s1513472/lid/pitch/CH/enroll/.backup
fix_data_dir.sh: old files are kept in /home/s1513472/lid/pitch/RU/enroll/.backup
fix_data_dir.sh: old files are kept in /home/s1513472/lid/pitch/SW/enroll/.backup
Removing short utterances (< 0.1s)
fix_data_dir.sh: old files are kept in /home/s1513472/lid/pitch/TU/enroll/.backup
Removing short utterances (< 0.1s)
fix_data_dir.sh: old files are kept in /home/s1513472/lid/pitch/PO/enroll/.backup
fix_data_dir.sh: old files are kept in /home/s1513472/lid/pitch/BG/enroll/.backup
Removing short utterances (< 0.1s)
fix_data_dir.sh: old files are kept in /home/s1513472/lid/pitch/JA/enroll/.backup
Removing short utterances (< 0.1s)
Removing short utterances (< 0.1s)
fix_data_dir.sh: old files are kept in /home/s1513472/lid/pitch/VN/enroll/.backup
Removing short utterances (< 0.1s)
fix_data_dir.sh: old files are kept in /home/s1513472/lid/pitch/WU/eval/.backup
Removing short utterances (< 0.1s)
Removing short utterances (< 0.1s)
Removing short utterances (< 0.1s)
Removing short utterances (< 0.1s)
Removing short utterances (< 0.1s)
Removing short utterances (< 0.1s)
Removing short utterances (< 0.1s)
Removing short utterances (< 0.1s)
Removing short utterances (< 0.1s)
Removing short utterances (< 0.1s)
Removing short utterances (< 0.1s)
Removing short utterances (< 0.1s)
utils/fix_data_dir.sh: file /home/s1513472/lid/pitch/SP/eval/utt2spk is not in sorted order or not unique, sorting it
utils/fix_data_dir.sh: file /home/s1513472/lid/pitch/GE/eval/utt2spk is not in sorted order or not unique, sorting it
utils/fix_data_dir.sh: file /home/s1513472/lid/pitch/AR/eval/utt2spk is not in sorted order or not unique, sorting it
utils/fix_data_dir.sh: file /home/s1513472/lid/pitch/KO/eval/utt2spk is not in sorted order or not unique, sorting it
utils/fix_data_dir.sh: file /home/s1513472/lid/pitch/TH/eval/utt2spk is not in sorted order or not unique, sorting it
utils/fix_data_dir.sh: file /home/s1513472/lid/pitch/CR/eval/utt2spk is not in sorted order or not unique, sorting it
utils/fix_data_dir.sh: file /home/s1513472/lid/pitch/CH/eval/utt2spk is not in sorted order or not unique, sorting it
utils/fix_data_dir.sh: file /home/s1513472/lid/pitch/PL/eval/utt2spk is not in sorted order or not unique, sorting it
fix_data_dir.sh: kept all 4 utterances.
utils/fix_data_dir.sh: file /home/s1513472/lid/pitch/FR/eval/utt2spk is not in sorted order or not unique, sorting it
utils/fix_data_dir.sh: file /home/s1513472/lid/pitch/CZ/eval/utt2spk is not in sorted order or not unique, sorting it
utils/fix_data_dir.sh: file /home/s1513472/lid/pitch/RU/eval/utt2spk is not in sorted order or not unique, sorting it
utils/fix_data_dir.sh: file /home/s1513472/lid/pitch/SW/eval/utt2spk is not in sorted order or not unique, sorting it
utils/fix_data_dir.sh: file /home/s1513472/lid/pitch/PO/eval/utt2spk is not in sorted order or not unique, sorting it
utils/fix_data_dir.sh: file /home/s1513472/lid/pitch/BG/eval/utt2spk is not in sorted order or not unique, sorting it
utils/fix_data_dir.sh: file /home/s1513472/lid/pitch/TU/eval/utt2spk is not in sorted order or not unique, sorting it
utils/fix_data_dir.sh: file /home/s1513472/lid/pitch/WU/test/utt2spk is not in sorted order or not unique, sorting it
utils/fix_data_dir.sh: file /home/s1513472/lid/pitch/VN/eval/utt2spk is not in sorted order or not unique, sorting it
utils/fix_data_dir.sh: file /home/s1513472/lid/pitch/JA/eval/utt2spk is not in sorted order or not unique, sorting it
fix_data_dir.sh: old files are kept in /home/s1513472/lid/pitch/TA/eval/.backup
Removing short utterances (< 0.1s)
fix_data_dir.sh: kept all 797 utterances.
fix_data_dir.sh: kept all 600 utterances.
fix_data_dir.sh: kept all 1181 utterances.
fix_data_dir.sh: kept all 839 utterances.
fix_data_dir.sh: kept all 1028 utterances.
fix_data_dir.sh: kept all 1073 utterances.
fix_data_dir.sh: kept all 1207 utterances.
fix_data_dir.sh: kept all 309 utterances.
fix_data_dir.sh: kept all 1019 utterances.
fix_data_dir.sh: kept all 1415 utterances.
fix_data_dir.sh: kept all 1161 utterances.
fix_data_dir.sh: kept all 734 utterances.
fix_data_dir.sh: kept all 648 utterances.
fix_data_dir.sh: kept all 411 utterances.
fix_data_dir.sh: kept all 830 utterances.
fix_data_dir.sh: kept all 724 utterances.
fix_data_dir.sh: kept all 680 utterances.
fix_data_dir.sh: kept all 350 utterances.
fix_data_dir.sh: old files are kept in /home/s1513472/lid/pitch/KO/eval/.backup
fix_data_dir.sh: old files are kept in /home/s1513472/lid/pitch/CR/eval/.backup
fix_data_dir.sh: old files are kept in /home/s1513472/lid/pitch/TH/eval/.backup
fix_data_dir.sh: old files are kept in /home/s1513472/lid/pitch/FR/eval/.backup
fix_data_dir.sh: old files are kept in /home/s1513472/lid/pitch/CZ/eval/.backup
fix_data_dir.sh: old files are kept in /home/s1513472/lid/pitch/GE/eval/.backup
fix_data_dir.sh: old files are kept in /home/s1513472/lid/pitch/WU/test/.backup
fix_data_dir.sh: old files are kept in /home/s1513472/lid/pitch/SW/eval/.backup
fix_data_dir.sh: old files are kept in /home/s1513472/lid/pitch/PL/eval/.backup
fix_data_dir.sh: old files are kept in /home/s1513472/lid/pitch/RU/eval/.backup
fix_data_dir.sh: old files are kept in /home/s1513472/lid/pitch/VN/eval/.backup
fix_data_dir.sh: old files are kept in /home/s1513472/lid/pitch/TU/eval/.backup
fix_data_dir.sh: old files are kept in /home/s1513472/lid/pitch/PO/eval/.backup
fix_data_dir.sh: old files are kept in /home/s1513472/lid/pitch/CH/eval/.backup
fix_data_dir.sh: old files are kept in /home/s1513472/lid/pitch/AR/eval/.backup
fix_data_dir.sh: old files are kept in /home/s1513472/lid/pitch/BG/eval/.backup
Removing short utterances (< 0.1s)
fix_data_dir.sh: old files are kept in /home/s1513472/lid/pitch/SP/eval/.backup
Removing short utterances (< 0.1s)
Removing short utterances (< 0.1s)
Removing short utterances (< 0.1s)
Removing short utterances (< 0.1s)
Removing short utterances (< 0.1s)
Removing short utterances (< 0.1s)
fix_data_dir.sh: old files are kept in /home/s1513472/lid/pitch/JA/eval/.backup
Removing short utterances (< 0.1s)
Removing short utterances (< 0.1s)
Removing short utterances (< 0.1s)
Removing short utterances (< 0.1s)
Removing short utterances (< 0.1s)
Removing short utterances (< 0.1s)
Removing short utterances (< 0.1s)
Removing short utterances (< 0.1s)
Removing short utterances (< 0.1s)
Removing short utterances (< 0.1s)
fix_data_dir.sh: kept all 4 utterances.
utils/fix_data_dir.sh: file /home/s1513472/lid/pitch/CR/test/utt2spk is not in sorted order or not unique, sorting it
utils/fix_data_dir.sh: file /home/s1513472/lid/pitch/TH/test/utt2spk is not in sorted order or not unique, sorting it
utils/fix_data_dir.sh: file /home/s1513472/lid/pitch/CZ/test/utt2spk is not in sorted order or not unique, sorting it
utils/fix_data_dir.sh: file /home/s1513472/lid/pitch/GE/test/utt2spk is not in sorted order or not unique, sorting it
utils/fix_data_dir.sh: file /home/s1513472/lid/pitch/VN/test/utt2spk is not in sorted order or not unique, sorting it
utils/fix_data_dir.sh: file /home/s1513472/lid/pitch/FR/test/utt2spk is not in sorted order or not unique, sorting it
utils/fix_data_dir.sh: file /home/s1513472/lid/pitch/AR/test/utt2spk is not in sorted order or not unique, sorting it
utils/fix_data_dir.sh: file /home/s1513472/lid/pitch/SW/test/utt2spk is not in sorted order or not unique, sorting it
utils/fix_data_dir.sh: file /home/s1513472/lid/pitch/PL/test/utt2spk is not in sorted order or not unique, sorting it
utils/fix_data_dir.sh: file /home/s1513472/lid/pitch/RU/test/utt2spk is not in sorted order or not unique, sorting it
utils/fix_data_dir.sh: file /home/s1513472/lid/pitch/BG/test/utt2spk is not in sorted order or not unique, sorting it
utils/fix_data_dir.sh: file /home/s1513472/lid/pitch/SP/test/utt2spk is not in sorted order or not unique, sorting it
utils/fix_data_dir.sh: file /home/s1513472/lid/pitch/JA/test/utt2spk is not in sorted order or not unique, sorting it
utils/fix_data_dir.sh: file /home/s1513472/lid/pitch/KO/test/utt2spk is not in sorted order or not unique, sorting it
utils/fix_data_dir.sh: file /home/s1513472/lid/pitch/PO/test/utt2spk is not in sorted order or not unique, sorting it
fix_data_dir.sh: old files are kept in /home/s1513472/lid/pitch/TA/test/.backup
utils/fix_data_dir.sh: file /home/s1513472/lid/pitch/TU/test/utt2spk is not in sorted order or not unique, sorting it
utils/fix_data_dir.sh: file /home/s1513472/lid/pitch/CH/test/utt2spk is not in sorted order or not unique, sorting it
fix_data_dir.sh: kept all 513 utterances.
fix_data_dir.sh: kept all 400 utterances.
fix_data_dir.sh: kept all 826 utterances.
fix_data_dir.sh: kept all 369 utterances.
fix_data_dir.sh: kept all 821 utterances.
fix_data_dir.sh: kept all 1203 utterances.
fix_data_dir.sh: kept all 1059 utterances.
fix_data_dir.sh: kept all 1030 utterances.
fix_data_dir.sh: kept all 924 utterances.
fix_data_dir.sh: kept all 564 utterances.
fix_data_dir.sh: kept all 1373 utterances.
fix_data_dir.sh: kept all 831 utterances.
fix_data_dir.sh: kept all 291 utterances.
fix_data_dir.sh: kept all 869 utterances.
fix_data_dir.sh: kept all 693 utterances.
fix_data_dir.sh: old files are kept in /home/s1513472/lid/pitch/CR/test/.backup
fix_data_dir.sh: old files are kept in /home/s1513472/lid/pitch/TH/test/.backup
fix_data_dir.sh: kept all 731 utterances.
fix_data_dir.sh: kept all 871 utterances.
fix_data_dir.sh: old files are kept in /home/s1513472/lid/pitch/GE/test/.backup
fix_data_dir.sh: old files are kept in /home/s1513472/lid/pitch/AR/test/.backup
fix_data_dir.sh: old files are kept in /home/s1513472/lid/pitch/FR/test/.backup
fix_data_dir.sh: old files are kept in /home/s1513472/lid/pitch/SW/test/.backup
fix_data_dir.sh: old files are kept in /home/s1513472/lid/pitch/PL/test/.backup
fix_data_dir.sh: old files are kept in /home/s1513472/lid/pitch/CZ/test/.backup
fix_data_dir.sh: old files are kept in /home/s1513472/lid/pitch/VN/test/.backup
fix_data_dir.sh: old files are kept in /home/s1513472/lid/pitch/SP/test/.backup
fix_data_dir.sh: old files are kept in /home/s1513472/lid/pitch/RU/test/.backup
fix_data_dir.sh: old files are kept in /home/s1513472/lid/pitch/BG/test/.backup
fix_data_dir.sh: old files are kept in /home/s1513472/lid/pitch/JA/test/.backup
fix_data_dir.sh: old files are kept in /home/s1513472/lid/pitch/KO/test/.backup
fix_data_dir.sh: old files are kept in /home/s1513472/lid/pitch/PO/test/.backup
fix_data_dir.sh: old files are kept in /home/s1513472/lid/pitch/TU/test/.backup
fix_data_dir.sh: old files are kept in /home/s1513472/lid/pitch/CH/test/.backup
Done
Combining training directories: /AR/train /BG/train /CH/train /CR/train /CZ/train /FR/train /GE/train /JA/train /KO/train /PL/train /PO/train /RU/train /SP/train /SW/train /TA/train /TH/train /TU/train /WU/train /VN/train
utils/combine_data.sh --extra-files utt2len /home/s1513472/lid/pitch/train /home/s1513472/lid/pitch/AR/train /home/s1513472/lid/pitch/BG/train /home/s1513472/lid/pitch/CH/train /home/s1513472/lid/pitch/CR/train /home/s1513472/lid/pitch/CZ/train /home/s1513472/lid/pitch/FR/train /home/s1513472/lid/pitch/GE/train /home/s1513472/lid/pitch/JA/train /home/s1513472/lid/pitch/KO/train /home/s1513472/lid/pitch/PL/train /home/s1513472/lid/pitch/PO/train /home/s1513472/lid/pitch/RU/train /home/s1513472/lid/pitch/SP/train /home/s1513472/lid/pitch/SW/train /home/s1513472/lid/pitch/TA/train /home/s1513472/lid/pitch/TH/train /home/s1513472/lid/pitch/TU/train /home/s1513472/lid/pitch/WU/train /home/s1513472/lid/pitch/VN/train
Conda environment 'lid' active.
utils/combine_data.sh [info]: not combining utt2uniq as it does not exist
utils/combine_data.sh [info]: not combining segments as it does not exist
utils/combine_data.sh: combined utt2spk
utils/combine_data.sh [info]: not combining utt2lang as it does not exist
utils/combine_data.sh [info]: not combining utt2dur as it does not exist
utils/combine_data.sh [info]: not combining reco2dur as it does not exist
utils/combine_data.sh [info]: not combining feats.scp as it does not exist
utils/combine_data.sh [info]: not combining text as it does not exist
utils/combine_data.sh [info]: not combining cmvn.scp as it does not exist
utils/combine_data.sh [info]: not combining vad.scp as it does not exist
utils/combine_data.sh [info]: not combining reco2file_and_channel as it does not exist
utils/combine_data.sh: combined wav.scp
utils/combine_data.sh [info]: not combining spk2gender as it does not exist
utils/combine_data.sh: combined utt2len
fix_data_dir.sh: kept all 129108 utterances.
fix_data_dir.sh: old files are kept in /home/s1513472/lid/pitch/train/.backup
Combining enrollment directories: /AR/enroll /BG/enroll /CH/enroll /CR/enroll /CZ/enroll /FR/enroll /GE/enroll /JA/enroll /KO/enroll /PL/enroll /PO/enroll /RU/enroll /SP/enroll /SW/enroll /TA/enroll /TH/enroll /TU/enroll /WU/enroll /VN/enroll
utils/combine_data.sh --extra-files utt2len /home/s1513472/lid/pitch/enroll /home/s1513472/lid/pitch/AR/enroll /home/s1513472/lid/pitch/BG/enroll /home/s1513472/lid/pitch/CH/enroll /home/s1513472/lid/pitch/CR/enroll /home/s1513472/lid/pitch/CZ/enroll /home/s1513472/lid/pitch/FR/enroll /home/s1513472/lid/pitch/GE/enroll /home/s1513472/lid/pitch/JA/enroll /home/s1513472/lid/pitch/KO/enroll /home/s1513472/lid/pitch/PL/enroll /home/s1513472/lid/pitch/PO/enroll /home/s1513472/lid/pitch/RU/enroll /home/s1513472/lid/pitch/SP/enroll /home/s1513472/lid/pitch/SW/enroll /home/s1513472/lid/pitch/TA/enroll /home/s1513472/lid/pitch/TH/enroll /home/s1513472/lid/pitch/TU/enroll /home/s1513472/lid/pitch/WU/enroll /home/s1513472/lid/pitch/VN/enroll
Conda environment 'lid' active.
utils/combine_data.sh [info]: not combining utt2uniq as it does not exist
utils/combine_data.sh [info]: not combining segments as it does not exist
utils/combine_data.sh: combined utt2spk
utils/combine_data.sh [info]: not combining utt2lang as it does not exist
utils/combine_data.sh [info]: not combining utt2dur as it does not exist
utils/combine_data.sh [info]: not combining reco2dur as it does not exist
utils/combine_data.sh [info]: not combining feats.scp as it does not exist
utils/combine_data.sh [info]: not combining text as it does not exist
utils/combine_data.sh [info]: not combining cmvn.scp as it does not exist
utils/combine_data.sh [info]: not combining vad.scp as it does not exist
utils/combine_data.sh [info]: not combining reco2file_and_channel as it does not exist
utils/combine_data.sh: combined wav.scp
utils/combine_data.sh [info]: not combining spk2gender as it does not exist
utils/combine_data.sh: combined utt2len
fix_data_dir.sh: kept all 16864 utterances.
fix_data_dir.sh: old files are kept in /home/s1513472/lid/pitch/enroll/.backup
Combining evaluation directories: /AR/eval /BG/eval /CH/eval /CR/eval /CZ/eval /FR/eval /GE/eval /JA/eval /KO/eval /PL/eval /PO/eval /RU/eval /SP/eval /SW/eval /TA/eval /TH/eval /TU/eval /WU/eval /VN/eval
utils/combine_data.sh --extra-files utt2len /home/s1513472/lid/pitch/eval /home/s1513472/lid/pitch/AR/eval /home/s1513472/lid/pitch/BG/eval /home/s1513472/lid/pitch/CH/eval /home/s1513472/lid/pitch/CR/eval /home/s1513472/lid/pitch/CZ/eval /home/s1513472/lid/pitch/FR/eval /home/s1513472/lid/pitch/GE/eval /home/s1513472/lid/pitch/JA/eval /home/s1513472/lid/pitch/KO/eval /home/s1513472/lid/pitch/PL/eval /home/s1513472/lid/pitch/PO/eval /home/s1513472/lid/pitch/RU/eval /home/s1513472/lid/pitch/SP/eval /home/s1513472/lid/pitch/SW/eval /home/s1513472/lid/pitch/TA/eval /home/s1513472/lid/pitch/TH/eval /home/s1513472/lid/pitch/TU/eval /home/s1513472/lid/pitch/WU/eval /home/s1513472/lid/pitch/VN/eval
Conda environment 'lid' active.
utils/combine_data.sh [info]: not combining utt2uniq as it does not exist
utils/combine_data.sh [info]: not combining segments as it does not exist
utils/combine_data.sh: combined utt2spk
utils/combine_data.sh [info]: not combining utt2lang as it does not exist
utils/combine_data.sh [info]: not combining utt2dur as it does not exist
utils/combine_data.sh [info]: not combining reco2dur as it does not exist
utils/combine_data.sh [info]: not combining feats.scp as it does not exist
utils/combine_data.sh [info]: not combining text as it does not exist
utils/combine_data.sh [info]: not combining cmvn.scp as it does not exist
utils/combine_data.sh [info]: not combining vad.scp as it does not exist
utils/combine_data.sh [info]: not combining reco2file_and_channel as it does not exist
utils/combine_data.sh: combined wav.scp
utils/combine_data.sh [info]: not combining spk2gender as it does not exist
utils/combine_data.sh: combined utt2len
fix_data_dir.sh: kept all 14899 utterances.
fix_data_dir.sh: old files are kept in /home/s1513472/lid/pitch/eval/.backup
Combining testing directories: /AR/test /BG/test /CH/test /CR/test /CZ/test /FR/test /GE/test /JA/test /KO/test /PL/test /PO/test /RU/test /SP/test /SW/test /TA/test /TH/test /TU/test /WU/test /VN/test
utils/combine_data.sh --extra-files utt2len /home/s1513472/lid/pitch/test /home/s1513472/lid/pitch/AR/test /home/s1513472/lid/pitch/BG/test /home/s1513472/lid/pitch/CH/test /home/s1513472/lid/pitch/CR/test /home/s1513472/lid/pitch/CZ/test /home/s1513472/lid/pitch/FR/test /home/s1513472/lid/pitch/GE/test /home/s1513472/lid/pitch/JA/test /home/s1513472/lid/pitch/KO/test /home/s1513472/lid/pitch/PL/test /home/s1513472/lid/pitch/PO/test /home/s1513472/lid/pitch/RU/test /home/s1513472/lid/pitch/SP/test /home/s1513472/lid/pitch/SW/test /home/s1513472/lid/pitch/TA/test /home/s1513472/lid/pitch/TH/test /home/s1513472/lid/pitch/TU/test /home/s1513472/lid/pitch/WU/test /home/s1513472/lid/pitch/VN/test
Conda environment 'lid' active.
utils/combine_data.sh [info]: not combining utt2uniq as it does not exist
utils/combine_data.sh [info]: not combining segments as it does not exist
utils/combine_data.sh: combined utt2spk
utils/combine_data.sh [info]: not combining utt2lang as it does not exist
utils/combine_data.sh [info]: not combining utt2dur as it does not exist
utils/combine_data.sh [info]: not combining reco2dur as it does not exist
utils/combine_data.sh [info]: not combining feats.scp as it does not exist
utils/combine_data.sh [info]: not combining text as it does not exist
utils/combine_data.sh [info]: not combining cmvn.scp as it does not exist
utils/combine_data.sh [info]: not combining vad.scp as it does not exist
utils/combine_data.sh [info]: not combining reco2file_and_channel as it does not exist
utils/combine_data.sh: combined wav.scp
utils/combine_data.sh [info]: not combining spk2gender as it does not exist
utils/combine_data.sh: combined utt2len
fix_data_dir.sh: kept all 13681 utterances.
fix_data_dir.sh: old files are kept in /home/s1513472/lid/pitch/test/.backup
Finished data preparation.
Input and output directory are the same one. Backing up original utt2spk, spk2utt, utt2lang, lang2utt, utt2len and wav.scp files (with the '.unsplit' suffix).
utils/validate_data_dir.sh: Successfully validated data-directory /home/s1513472/lid/pitch/enroll
Input and output directory are the same one. Backing up original utt2spk, spk2utt, utt2lang, lang2utt, utt2len and wav.scp files (with the '.unsplit' suffix).
utils/validate_data_dir.sh: Successfully validated data-directory /home/s1513472/lid/pitch/eval
Input and output directory are the same one. Backing up original utt2spk, spk2utt, utt2lang, lang2utt, utt2len and wav.scp files (with the '.unsplit' suffix).
utils/validate_data_dir.sh: Successfully validated data-directory /home/s1513472/lid/pitch/test
Finished stage 1.
Obtaining renewable credentials, you will be asked to type in your password
Password for s1513472@INF.ED.AC.UK: 
Running job " ./run.sh --exp-config=conf/exp_configs/pitch.conf --stage=2" for maximum of 28 days in background
Waiting for job to start...
+++++++++++++++++++++++++++++++++++++++++++++++++++++++++++++++++++++++++
 	 This shell script runs the GlobalPhone+X-vectors recipe.
 	 Use like this: ./run.sh <options>
 	 --stage=INT		Stage from which to start
 	 --run-all=(false|true)	Whether to run all stages
 	 			or just the specified one
 	 --experiment=STR	Experiment name (also name of directory 
 	 			where all files will be stored).
 	 			Default: 'baseline'.
 	 --exp-config=FILE	Config file with all kinds of options,
 	 			see conf/exp_default.conf for an example.
 	 			NOTE: Where arguments are passed on the command line,
 	 			the values overwrite those found in the config file.

 	 If no stage number is provided, either all stages
 	 will be run (--run-all=true) or no stages at all.
 +++++++++++++++++++++++++++++++++++++++++++++++++++++++++++++++++++++++++
Overwriting the experiment config value of stage=1 using the value '2' passed as a command-line argument.
Running experiment: 'pitch'
Running only stage 2.
Running on the cluster.
Conda environment not activated, sourcing ~/.bashrc and activating the 'lid' env.
Using shorten (v3.6.1) from ~/language-ident-from-speech/gp-xvectors-recipe/tools/shorten-3.6.1/bin/shorten
Using sox (v14.3.2) from ~/language-ident-from-speech/gp-xvectors-recipe/tools/sox-14.3.2/bin/sox
Conda environment not activated, sourcing ~/.bashrc and activating the 'lid' env.
The experiment directory is: /home/s1513472/lid/pitch
Running with languages: AR BG CH CR CZ FR GE JA KO PL PO RU SP SW TA TH TU WU VN
#### STAGE 2: features (MFCC, SDC, pitch, energy, etc) and VAD. ####
Job started successfully
Finished stage 2.
Obtaining renewable credentials, you will be asked to type in your password
Password for s1513472@INF.ED.AC.UK: 
Running job " ./run.sh --exp-config=conf/exp_configs/pitch.conf --stage=3" for maximum of 28 days in background
Waiting for job to start...
+++++++++++++++++++++++++++++++++++++++++++++++++++++++++++++++++++++++++
 	 This shell script runs the GlobalPhone+X-vectors recipe.
 	 Use like this: ./run.sh <options>
 	 --stage=INT		Stage from which to start
 	 --run-all=(false|true)	Whether to run all stages
 	 			or just the specified one
 	 --experiment=STR	Experiment name (also name of directory 
 	 			where all files will be stored).
 	 			Default: 'baseline'.
 	 --exp-config=FILE	Config file with all kinds of options,
 	 			see conf/exp_default.conf for an example.
 	 			NOTE: Where arguments are passed on the command line,
 	 			the values overwrite those found in the config file.

 	 If no stage number is provided, either all stages
 	 will be run (--run-all=true) or no stages at all.
 +++++++++++++++++++++++++++++++++++++++++++++++++++++++++++++++++++++++++
Overwriting the experiment config value of stage=1 using the value '3' passed as a command-line argument.
Running experiment: 'pitch'
Running only stage 3.
Running on the cluster.
Conda environment not activated, sourcing ~/.bashrc and activating the 'lid' env.
Using shorten (v3.6.1) from ~/language-ident-from-speech/gp-xvectors-recipe/tools/shorten-3.6.1/bin/shorten
Using sox (v14.3.2) from ~/language-ident-from-speech/gp-xvectors-recipe/tools/sox-14.3.2/bin/sox
Conda environment not activated, sourcing ~/.bashrc and activating the 'lid' env.
The experiment directory is: /home/s1513472/lid/pitch
Running with languages: AR BG CH CR CZ FR GE JA KO PL PO RU SP SW TA TH TU WU VN
#### STAGE 3: Preprocessing for X-vector training examples. ####
./local/prepare_feats_for_egs.sh --nj 32 --cmd run.pl --remove-nonspeech true /home/s1513472/lid/pitch/train /home/s1513472/lid/pitch/nnet_train_data /home/s1513472/lid/pitch/x_vector_features
Conda environment 'lid' active.
Job started successfully
./local/prepare_feats_for_egs.sh: Succeeded creating xvector features for train
utils/data/get_utt2num_frames.sh: /home/s1513472/lid/pitch/nnet_train_data/utt2num_frames already present!
fix_data_dir.sh: kept 129012 utterances out of 129108
fix_data_dir.sh: old files are kept in /home/s1513472/lid/pitch/nnet_train_data/.backup
Removing short features...
fix_data_dir.sh: kept all 91094 utterances.
fix_data_dir.sh: old files are kept in /home/s1513472/lid/pitch/nnet_train_data/.backup
Finished stage 3.
Obtaining renewable credentials, you will be asked to type in your password
Password for s1513472@INF.ED.AC.UK: 
Running job " ./run.sh --exp-config=conf/exp_configs/pitch.conf --stage=4 --run-all=true" for maximum of 28 days in background
Waiting for job to start...
+++++++++++++++++++++++++++++++++++++++++++++++++++++++++++++++++++++++++
 	 This shell script runs the GlobalPhone+X-vectors recipe.
 	 Use like this: ./run.sh <options>
 	 --stage=INT		Stage from which to start
 	 --run-all=(false|true)	Whether to run all stages
 	 			or just the specified one
 	 --experiment=STR	Experiment name (also name of directory 
 	 			where all files will be stored).
 	 			Default: 'baseline'.
 	 --exp-config=FILE	Config file with all kinds of options,
 	 			see conf/exp_default.conf for an example.
 	 			NOTE: Where arguments are passed on the command line,
 	 			the values overwrite those found in the config file.

 	 If no stage number is provided, either all stages
 	 will be run (--run-all=true) or no stages at all.
 +++++++++++++++++++++++++++++++++++++++++++++++++++++++++++++++++++++++++
Overwriting the experiment config value of run_all=false using the value 'true' passed as a command-line argument.
Overwriting the experiment config value of stage=1 using the value '4' passed as a command-line argument.
Running experiment: 'pitch'
Running all stages starting with 4.
Running on the cluster.
Conda environment not activated, sourcing ~/.bashrc and activating the 'lid' env.
Job started successfully
Using shorten (v3.6.1) from ~/language-ident-from-speech/gp-xvectors-recipe/tools/shorten-3.6.1/bin/shorten
Using sox (v14.3.2) from ~/language-ident-from-speech/gp-xvectors-recipe/tools/sox-14.3.2/bin/sox
Conda environment not activated, sourcing ~/.bashrc and activating the 'lid' env.
The experiment directory is: /home/s1513472/lid/pitch
Running with languages: AR BG CH CR CZ FR GE JA KO PL PO RU SP SW TA TH TU WU VN
#### STAGE 4: Training the X-vector DNN. ####
Running on the cluster.
Conda environment 'lid' active.
Running on the cluster.
Taking data from: /home/s1513472/lid/pitch/nnet_train_data
Storing training examples in: /home/s1513472/lid/pitch/nnet/egs
Storing TDNN in: /home/s1513472/lid/pitch/nnet
#### STAGE 4: Getting NN training egs. ####
./local/get_egs.sh --cmd slurm.pl --nj 32 --stage 0 --frames-per-iter 50000000 --frames-per-iter-diagnostic 100000 --min-frames-per-chunk 200 --max-frames-per-chunk 400 --num-diagnostic-archives 3 --num-repeats 35 /home/s1513472/lid/pitch/nnet_train_data /home/s1513472/lid/pitch/nnet/egs
Conda environment 'lid' active.
feat-to-dim scp:/home/s1513472/lid/pitch/nnet_train_data/feats.scp - 
./local/get_egs.sh: Preparing train and validation lists
./local/get_egs.sh: Producing 70 archives for training
./local/get_egs.sh: Allocating training examples
./local/get_egs.sh: Allocating training subset examples
./local/get_egs.sh: Allocating validation examples
./local/get_egs.sh: Generating training examples on disk
./local/get_egs.sh: Generating training subset examples on disk
./local/get_egs.sh: Generating validation examples on disk
./local/get_egs.sh: Shuffling order of archives on disk
./local/get_egs.sh: Finished preparing training examples
#### STAGE 5: Creating NN configs using the xconfig parser. ####
./local/run_xvector.sh: creating neural net configs using the xconfig parser
nnet3-init /home/s1513472/lid/pitch/nnet/configs/ref.config /home/s1513472/lid/pitch/nnet/configs/ref.raw 
LOG (nnet3-init[5.5.142~5-ff514]:main():nnet3-init.cc:80) Initialized raw neural net and wrote it to /home/s1513472/lid/pitch/nnet/configs/ref.raw
nnet3-info /home/s1513472/lid/pitch/nnet/configs/ref.raw 
nnet3-init /home/s1513472/lid/pitch/nnet/configs/ref.config /home/s1513472/lid/pitch/nnet/configs/ref.raw 
LOG (nnet3-init[5.5.142~5-ff514]:main():nnet3-init.cc:80) Initialized raw neural net and wrote it to /home/s1513472/lid/pitch/nnet/configs/ref.raw
nnet3-info /home/s1513472/lid/pitch/nnet/configs/ref.raw 
steps/nnet3/xconfig_to_configs.py --xconfig-file /home/s1513472/lid/pitch/nnet/configs/network.xconfig --config-dir /home/s1513472/lid/pitch/nnet/configs
#### STAGE 6: Training the network. ####
2019-02-10 01:21:39,520 [steps/nnet3/train_raw_dnn.py:35 - <module> - INFO ] Starting raw DNN trainer (train_raw_dnn.py)
2019-02-10 01:21:45,665 [steps/nnet3/train_raw_dnn.py:156 - process_args - WARNING ] You are running with one thread but you have not compiled
                   for CUDA.  You may be running a setup optimized for GPUs.
                   If you have GPUs and have nvcc installed, go to src/ and do
                   ./configure; make
2019-02-10 01:21:45,666 [steps/nnet3/train_raw_dnn.py:195 - train - INFO ] Arguments for the experiment
{'backstitch_training_interval': 1,
 'backstitch_training_scale': 0.0,
 'cleanup': True,
 'cmvn_opts': None,
 'combine_sum_to_one_penalty': 0.0,
 'command': 'slurm.pl',
 'compute_average_posteriors': False,
 'compute_per_dim_accuracy': False,
 'dir': '/home/s1513472/lid/pitch/nnet',
 'do_final_combination': True,
 'dropout_schedule': '0,0@0.20,0.1@0.50,0',
 'egs_command': None,
 'egs_dir': '/home/s1513472/lid/pitch/nnet/egs',
 'egs_opts': None,
 'egs_stage': 0,
 'email': None,
 'exit_stage': None,
 'feat_dir': None,
 'final_effective_lrate': 0.0001,
 'frames_per_eg': 1,
 'image_augmentation_opts': None,
 'initial_effective_lrate': 0.001,
 'input_model': None,
 'max_lda_jobs': 10,
 'max_models_combine': 20,
 'max_objective_evaluations': 30,
 'max_param_change': 2.0,
 'minibatch_size': '64',
 'momentum': 0.5,
 'nj': 4,
 'num_epochs': 7.0,
 'num_jobs_compute_prior': 10,
 'num_jobs_final': 3,
 'num_jobs_initial': 3,
 'online_ivector_dir': None,
 'preserve_model_interval': 10,
 'presoftmax_prior_scale_power': -0.25,
 'prior_subset_size': 20000,
 'proportional_shrink': 10.0,
 'rand_prune': 4.0,
 'remove_egs': False,
 'reporting_interval': 0.1,
 'samples_per_iter': 400000,
 'shuffle_buffer_size': 1000,
 'srand': 123,
 'stage': -1,
 'targets_scp': None,
 'train_opts': [],
 'use_dense_targets': True,
 'use_gpu': 'yes'}
2019-02-10 01:21:46,844 [steps/nnet3/train_raw_dnn.py:315 - train - INFO ] Preparing the initial network.
2019-02-10 01:22:09,041 [steps/nnet3/train_raw_dnn.py:353 - train - INFO ] Training will run for 7.0 epochs = 163 iterations
2019-02-10 01:22:09,042 [steps/nnet3/train_raw_dnn.py:388 - train - INFO ] Iter: 0/162    Epoch: 0.00/7.0 (0.0% complete)    lr: 0.003000    shrink: 0.97000
2019-02-10 01:28:25,357 [steps/nnet3/train_raw_dnn.py:388 - train - INFO ] Iter: 1/162    Epoch: 0.04/7.0 (0.6% complete)    lr: 0.002958    shrink: 0.97042
2019-02-10 01:34:35,521 [steps/nnet3/train_raw_dnn.py:388 - train - INFO ] Iter: 2/162    Epoch: 0.09/7.0 (1.2% complete)    lr: 0.002917    shrink: 0.97083
2019-02-10 01:41:19,932 [steps/nnet3/train_raw_dnn.py:388 - train - INFO ] Iter: 3/162    Epoch: 0.13/7.0 (1.8% complete)    lr: 0.002876    shrink: 0.97124
2019-02-10 01:49:30,875 [steps/nnet3/train_raw_dnn.py:388 - train - INFO ] Iter: 4/162    Epoch: 0.17/7.0 (2.4% complete)    lr: 0.002836    shrink: 0.97164
2019-02-10 01:57:27,552 [steps/nnet3/train_raw_dnn.py:388 - train - INFO ] Iter: 5/162    Epoch: 0.21/7.0 (3.1% complete)    lr: 0.002796    shrink: 0.97204
2019-02-10 02:04:34,446 [steps/nnet3/train_raw_dnn.py:388 - train - INFO ] Iter: 6/162    Epoch: 0.26/7.0 (3.7% complete)    lr: 0.002757    shrink: 0.97243
2019-02-10 02:11:54,565 [steps/nnet3/train_raw_dnn.py:388 - train - INFO ] Iter: 7/162    Epoch: 0.30/7.0 (4.3% complete)    lr: 0.002718    shrink: 0.97282
2019-02-10 02:19:20,662 [steps/nnet3/train_raw_dnn.py:388 - train - INFO ] Iter: 8/162    Epoch: 0.34/7.0 (4.9% complete)    lr: 0.002680    shrink: 0.97320
2019-02-10 02:25:55,761 [steps/nnet3/train_raw_dnn.py:388 - train - INFO ] Iter: 9/162    Epoch: 0.39/7.0 (5.5% complete)    lr: 0.002643    shrink: 0.97357
2019-02-10 02:32:31,829 [steps/nnet3/train_raw_dnn.py:388 - train - INFO ] Iter: 10/162    Epoch: 0.43/7.0 (6.1% complete)    lr: 0.002606    shrink: 0.97394
2019-02-10 02:39:34,426 [steps/nnet3/train_raw_dnn.py:388 - train - INFO ] Iter: 11/162    Epoch: 0.47/7.0 (6.7% complete)    lr: 0.002569    shrink: 0.97431
2019-02-10 02:46:39,663 [steps/nnet3/train_raw_dnn.py:388 - train - INFO ] Iter: 12/162    Epoch: 0.51/7.0 (7.3% complete)    lr: 0.002533    shrink: 0.97467
2019-02-10 02:53:32,146 [steps/nnet3/train_raw_dnn.py:388 - train - INFO ] Iter: 13/162    Epoch: 0.56/7.0 (8.0% complete)    lr: 0.002498    shrink: 0.97502
2019-02-10 03:01:17,623 [steps/nnet3/train_raw_dnn.py:388 - train - INFO ] Iter: 14/162    Epoch: 0.60/7.0 (8.6% complete)    lr: 0.002463    shrink: 0.97537
2019-02-10 03:09:20,481 [steps/nnet3/train_raw_dnn.py:388 - train - INFO ] Iter: 15/162    Epoch: 0.64/7.0 (9.2% complete)    lr: 0.002428    shrink: 0.97572
2019-02-10 03:15:45,799 [steps/nnet3/train_raw_dnn.py:388 - train - INFO ] Iter: 16/162    Epoch: 0.69/7.0 (9.8% complete)    lr: 0.002394    shrink: 0.97606
2019-02-10 03:22:54,554 [steps/nnet3/train_raw_dnn.py:388 - train - INFO ] Iter: 17/162    Epoch: 0.73/7.0 (10.4% complete)    lr: 0.002361    shrink: 0.97639
2019-02-10 03:30:06,358 [steps/nnet3/train_raw_dnn.py:388 - train - INFO ] Iter: 18/162    Epoch: 0.77/7.0 (11.0% complete)    lr: 0.002328    shrink: 0.97672
2019-02-10 03:38:17,695 [steps/nnet3/train_raw_dnn.py:388 - train - INFO ] Iter: 19/162    Epoch: 0.81/7.0 (11.6% complete)    lr: 0.002295    shrink: 0.97705
2019-02-10 03:44:55,090 [steps/nnet3/train_raw_dnn.py:388 - train - INFO ] Iter: 20/162    Epoch: 0.86/7.0 (12.2% complete)    lr: 0.002263    shrink: 0.97737
2019-02-10 03:55:00,052 [steps/nnet3/train_raw_dnn.py:388 - train - INFO ] Iter: 21/162    Epoch: 0.90/7.0 (12.9% complete)    lr: 0.002231    shrink: 0.97769
2019-02-10 04:01:38,355 [steps/nnet3/train_raw_dnn.py:388 - train - INFO ] Iter: 22/162    Epoch: 0.94/7.0 (13.5% complete)    lr: 0.002200    shrink: 0.97800
2019-02-10 04:08:43,311 [steps/nnet3/train_raw_dnn.py:388 - train - INFO ] Iter: 23/162    Epoch: 0.99/7.0 (14.1% complete)    lr: 0.002169    shrink: 0.97831
2019-02-10 04:15:29,732 [steps/nnet3/train_raw_dnn.py:388 - train - INFO ] Iter: 24/162    Epoch: 1.03/7.0 (14.7% complete)    lr: 0.002139    shrink: 0.97861
2019-02-10 04:21:33,918 [steps/nnet3/train_raw_dnn.py:388 - train - INFO ] Iter: 25/162    Epoch: 1.07/7.0 (15.3% complete)    lr: 0.002109    shrink: 0.97891
2019-02-10 04:29:10,335 [steps/nnet3/train_raw_dnn.py:388 - train - INFO ] Iter: 26/162    Epoch: 1.11/7.0 (15.9% complete)    lr: 0.002079    shrink: 0.97921
2019-02-10 04:37:13,183 [steps/nnet3/train_raw_dnn.py:388 - train - INFO ] Iter: 27/162    Epoch: 1.16/7.0 (16.5% complete)    lr: 0.002050    shrink: 0.97950
2019-02-10 04:45:15,139 [steps/nnet3/train_raw_dnn.py:388 - train - INFO ] Iter: 28/162    Epoch: 1.20/7.0 (17.1% complete)    lr: 0.002022    shrink: 0.97978
2019-02-10 04:55:04,092 [steps/nnet3/train_raw_dnn.py:388 - train - INFO ] Iter: 29/162    Epoch: 1.24/7.0 (17.8% complete)    lr: 0.001993    shrink: 0.98007
2019-02-10 05:04:08,509 [steps/nnet3/train_raw_dnn.py:388 - train - INFO ] Iter: 30/162    Epoch: 1.29/7.0 (18.4% complete)    lr: 0.001965    shrink: 0.98035
2019-02-10 05:12:28,142 [steps/nnet3/train_raw_dnn.py:388 - train - INFO ] Iter: 31/162    Epoch: 1.33/7.0 (19.0% complete)    lr: 0.001938    shrink: 0.98062
2019-02-10 05:19:19,070 [steps/nnet3/train_raw_dnn.py:388 - train - INFO ] Iter: 32/162    Epoch: 1.37/7.0 (19.6% complete)    lr: 0.001911    shrink: 0.98089
2019-02-10 05:27:47,162 [steps/nnet3/train_raw_dnn.py:388 - train - INFO ] Iter: 33/162    Epoch: 1.41/7.0 (20.2% complete)    lr: 0.001884    shrink: 0.98116
2019-02-10 05:34:43,478 [steps/nnet3/train_raw_dnn.py:388 - train - INFO ] Iter: 34/162    Epoch: 1.46/7.0 (20.8% complete)    lr: 0.001858    shrink: 0.98142
2019-02-10 05:42:35,180 [steps/nnet3/train_raw_dnn.py:388 - train - INFO ] Iter: 35/162    Epoch: 1.50/7.0 (21.4% complete)    lr: 0.001832    shrink: 0.98168
2019-02-10 05:50:32,297 [steps/nnet3/train_raw_dnn.py:388 - train - INFO ] Iter: 36/162    Epoch: 1.54/7.0 (22.0% complete)    lr: 0.001806    shrink: 0.98194
2019-02-10 05:57:11,104 [steps/nnet3/train_raw_dnn.py:388 - train - INFO ] Iter: 37/162    Epoch: 1.59/7.0 (22.7% complete)    lr: 0.001781    shrink: 0.98219
2019-02-10 06:05:02,081 [steps/nnet3/train_raw_dnn.py:388 - train - INFO ] Iter: 38/162    Epoch: 1.63/7.0 (23.3% complete)    lr: 0.001756    shrink: 0.98244
2019-02-10 06:13:09,408 [steps/nnet3/train_raw_dnn.py:388 - train - INFO ] Iter: 39/162    Epoch: 1.67/7.0 (23.9% complete)    lr: 0.001731    shrink: 0.98269
2019-02-10 06:20:24,221 [steps/nnet3/train_raw_dnn.py:388 - train - INFO ] Iter: 40/162    Epoch: 1.71/7.0 (24.5% complete)    lr: 0.001707    shrink: 0.98293
2019-02-10 06:27:42,307 [steps/nnet3/train_raw_dnn.py:388 - train - INFO ] Iter: 41/162    Epoch: 1.76/7.0 (25.1% complete)    lr: 0.001683    shrink: 0.98317
2019-02-10 06:36:39,300 [steps/nnet3/train_raw_dnn.py:388 - train - INFO ] Iter: 42/162    Epoch: 1.80/7.0 (25.7% complete)    lr: 0.001660    shrink: 0.98340
2019-02-10 06:46:08,017 [steps/nnet3/train_raw_dnn.py:388 - train - INFO ] Iter: 43/162    Epoch: 1.84/7.0 (26.3% complete)    lr: 0.001636    shrink: 0.98364
2019-02-10 06:56:12,889 [steps/nnet3/train_raw_dnn.py:388 - train - INFO ] Iter: 44/162    Epoch: 1.89/7.0 (26.9% complete)    lr: 0.001613    shrink: 0.98387
2019-02-10 07:04:32,512 [steps/nnet3/train_raw_dnn.py:388 - train - INFO ] Iter: 45/162    Epoch: 1.93/7.0 (27.6% complete)    lr: 0.001591    shrink: 0.98409
2019-02-10 07:11:35,594 [steps/nnet3/train_raw_dnn.py:388 - train - INFO ] Iter: 46/162    Epoch: 1.97/7.0 (28.2% complete)    lr: 0.001569    shrink: 0.98431
2019-02-10 07:18:04,743 [steps/nnet3/train_raw_dnn.py:388 - train - INFO ] Iter: 47/162    Epoch: 2.01/7.0 (28.8% complete)    lr: 0.001547    shrink: 0.98453
2019-02-10 07:26:02,132 [steps/nnet3/train_raw_dnn.py:388 - train - INFO ] Iter: 48/162    Epoch: 2.06/7.0 (29.4% complete)    lr: 0.001525    shrink: 0.98475
2019-02-10 07:34:24,076 [steps/nnet3/train_raw_dnn.py:388 - train - INFO ] Iter: 49/162    Epoch: 2.10/7.0 (30.0% complete)    lr: 0.001504    shrink: 0.98496
2019-02-10 07:42:25,910 [steps/nnet3/train_raw_dnn.py:388 - train - INFO ] Iter: 50/162    Epoch: 2.14/7.0 (30.6% complete)    lr: 0.001483    shrink: 0.98517
2019-02-10 07:50:24,334 [steps/nnet3/train_raw_dnn.py:388 - train - INFO ] Iter: 51/162    Epoch: 2.19/7.0 (31.2% complete)    lr: 0.001462    shrink: 0.98538
2019-02-10 07:59:59,269 [steps/nnet3/train_raw_dnn.py:388 - train - INFO ] Iter: 52/162    Epoch: 2.23/7.0 (31.8% complete)    lr: 0.001441    shrink: 0.98559
2019-02-10 08:07:37,963 [steps/nnet3/train_raw_dnn.py:388 - train - INFO ] Iter: 53/162    Epoch: 2.27/7.0 (32.4% complete)    lr: 0.001421    shrink: 0.98579
2019-02-10 08:14:14,295 [steps/nnet3/train_raw_dnn.py:388 - train - INFO ] Iter: 54/162    Epoch: 2.31/7.0 (33.1% complete)    lr: 0.001401    shrink: 0.98599
2019-02-10 08:21:34,040 [steps/nnet3/train_raw_dnn.py:388 - train - INFO ] Iter: 55/162    Epoch: 2.36/7.0 (33.7% complete)    lr: 0.001382    shrink: 0.98618
2019-02-10 08:29:36,918 [steps/nnet3/train_raw_dnn.py:388 - train - INFO ] Iter: 56/162    Epoch: 2.40/7.0 (34.3% complete)    lr: 0.001362    shrink: 0.98638
2019-02-10 08:36:15,947 [steps/nnet3/train_raw_dnn.py:388 - train - INFO ] Iter: 57/162    Epoch: 2.44/7.0 (34.9% complete)    lr: 0.001343    shrink: 0.98657
2019-02-10 08:44:20,658 [steps/nnet3/train_raw_dnn.py:388 - train - INFO ] Iter: 58/162    Epoch: 2.49/7.0 (35.5% complete)    lr: 0.001324    shrink: 0.98676
2019-02-10 08:52:06,803 [steps/nnet3/train_raw_dnn.py:388 - train - INFO ] Iter: 59/162    Epoch: 2.53/7.0 (36.1% complete)    lr: 0.001306    shrink: 0.98694
2019-02-10 09:00:40,554 [steps/nnet3/train_raw_dnn.py:388 - train - INFO ] Iter: 60/162    Epoch: 2.57/7.0 (36.7% complete)    lr: 0.001288    shrink: 0.98712
2019-02-10 09:10:23,586 [steps/nnet3/train_raw_dnn.py:388 - train - INFO ] Iter: 61/162    Epoch: 2.61/7.0 (37.3% complete)    lr: 0.001270    shrink: 0.98730
2019-02-10 09:20:33,564 [steps/nnet3/train_raw_dnn.py:388 - train - INFO ] Iter: 62/162    Epoch: 2.66/7.0 (38.0% complete)    lr: 0.001252    shrink: 0.98748
2019-02-10 09:27:45,603 [steps/nnet3/train_raw_dnn.py:388 - train - INFO ] Iter: 63/162    Epoch: 2.70/7.0 (38.6% complete)    lr: 0.001234    shrink: 0.98766
2019-02-10 09:36:17,476 [steps/nnet3/train_raw_dnn.py:388 - train - INFO ] Iter: 64/162    Epoch: 2.74/7.0 (39.2% complete)    lr: 0.001217    shrink: 0.98783
2019-02-10 09:43:34,035 [steps/nnet3/train_raw_dnn.py:388 - train - INFO ] Iter: 65/162    Epoch: 2.79/7.0 (39.8% complete)    lr: 0.001200    shrink: 0.98800
2019-02-10 09:51:02,591 [steps/nnet3/train_raw_dnn.py:388 - train - INFO ] Iter: 66/162    Epoch: 2.83/7.0 (40.4% complete)    lr: 0.001183    shrink: 0.98817
2019-02-10 09:59:41,461 [steps/nnet3/train_raw_dnn.py:388 - train - INFO ] Iter: 67/162    Epoch: 2.87/7.0 (41.0% complete)    lr: 0.001167    shrink: 0.98833
2019-02-10 10:08:16,738 [steps/nnet3/train_raw_dnn.py:388 - train - INFO ] Iter: 68/162    Epoch: 2.91/7.0 (41.6% complete)    lr: 0.001150    shrink: 0.98850
2019-02-10 10:15:26,490 [steps/nnet3/train_raw_dnn.py:388 - train - INFO ] Iter: 69/162    Epoch: 2.96/7.0 (42.2% complete)    lr: 0.001134    shrink: 0.98866
2019-02-10 10:21:47,420 [steps/nnet3/train_raw_dnn.py:388 - train - INFO ] Iter: 70/162    Epoch: 3.00/7.0 (42.9% complete)    lr: 0.001118    shrink: 0.98882
2019-02-10 10:29:42,886 [steps/nnet3/train_raw_dnn.py:388 - train - INFO ] Iter: 71/162    Epoch: 3.04/7.0 (43.5% complete)    lr: 0.001103    shrink: 0.98897
2019-02-10 10:37:08,205 [steps/nnet3/train_raw_dnn.py:388 - train - INFO ] Iter: 72/162    Epoch: 3.09/7.0 (44.1% complete)    lr: 0.001087    shrink: 0.98913
2019-02-10 10:45:28,746 [steps/nnet3/train_raw_dnn.py:388 - train - INFO ] Iter: 73/162    Epoch: 3.13/7.0 (44.7% complete)    lr: 0.001072    shrink: 0.98928
2019-02-10 10:53:32,123 [steps/nnet3/train_raw_dnn.py:388 - train - INFO ] Iter: 74/162    Epoch: 3.17/7.0 (45.3% complete)    lr: 0.001057    shrink: 0.98943
2019-02-10 11:01:19,349 [steps/nnet3/train_raw_dnn.py:388 - train - INFO ] Iter: 75/162    Epoch: 3.21/7.0 (45.9% complete)    lr: 0.001042    shrink: 0.98958
2019-02-10 11:08:21,130 [steps/nnet3/train_raw_dnn.py:388 - train - INFO ] Iter: 76/162    Epoch: 3.26/7.0 (46.5% complete)    lr: 0.001028    shrink: 0.98972
2019-02-10 11:17:00,524 [steps/nnet3/train_raw_dnn.py:388 - train - INFO ] Iter: 77/162    Epoch: 3.30/7.0 (47.1% complete)    lr: 0.001013    shrink: 0.98987
2019-02-10 11:26:08,198 [steps/nnet3/train_raw_dnn.py:388 - train - INFO ] Iter: 78/162    Epoch: 3.34/7.0 (47.8% complete)    lr: 0.000999    shrink: 0.99001
2019-02-10 11:34:18,469 [steps/nnet3/train_raw_dnn.py:388 - train - INFO ] Iter: 79/162    Epoch: 3.39/7.0 (48.4% complete)    lr: 0.000985    shrink: 0.99015
2019-02-10 11:41:29,255 [steps/nnet3/train_raw_dnn.py:388 - train - INFO ] Iter: 80/162    Epoch: 3.43/7.0 (49.0% complete)    lr: 0.000971    shrink: 0.99029
2019-02-10 11:48:41,728 [steps/nnet3/train_raw_dnn.py:388 - train - INFO ] Iter: 81/162    Epoch: 3.47/7.0 (49.6% complete)    lr: 0.000958    shrink: 0.99042
2019-02-10 11:55:35,908 [steps/nnet3/train_raw_dnn.py:388 - train - INFO ] Iter: 82/162    Epoch: 3.51/7.0 (50.2% complete)    lr: 0.000944    shrink: 0.99056
2019-02-10 12:03:46,398 [steps/nnet3/train_raw_dnn.py:388 - train - INFO ] Iter: 83/162    Epoch: 3.56/7.0 (50.8% complete)    lr: 0.000931    shrink: 0.99069
2019-02-10 12:13:35,941 [steps/nnet3/train_raw_dnn.py:388 - train - INFO ] Iter: 84/162    Epoch: 3.60/7.0 (51.4% complete)    lr: 0.000918    shrink: 0.99082
2019-02-10 12:23:38,696 [steps/nnet3/train_raw_dnn.py:388 - train - INFO ] Iter: 85/162    Epoch: 3.64/7.0 (52.0% complete)    lr: 0.000905    shrink: 0.99095
2019-02-10 12:30:04,787 [steps/nnet3/train_raw_dnn.py:388 - train - INFO ] Iter: 86/162    Epoch: 3.69/7.0 (52.7% complete)    lr: 0.000892    shrink: 0.99108
2019-02-10 12:37:17,051 [steps/nnet3/train_raw_dnn.py:388 - train - INFO ] Iter: 87/162    Epoch: 3.73/7.0 (53.3% complete)    lr: 0.000880    shrink: 0.99120
2019-02-10 12:44:47,729 [steps/nnet3/train_raw_dnn.py:388 - train - INFO ] Iter: 88/162    Epoch: 3.77/7.0 (53.9% complete)    lr: 0.000868    shrink: 0.99132
2019-02-10 12:53:02,531 [steps/nnet3/train_raw_dnn.py:388 - train - INFO ] Iter: 89/162    Epoch: 3.81/7.0 (54.5% complete)    lr: 0.000856    shrink: 0.99144
2019-02-10 13:01:13,331 [steps/nnet3/train_raw_dnn.py:388 - train - INFO ] Iter: 90/162    Epoch: 3.86/7.0 (55.1% complete)    lr: 0.000844    shrink: 0.99156
2019-02-10 13:10:25,028 [steps/nnet3/train_raw_dnn.py:388 - train - INFO ] Iter: 91/162    Epoch: 3.90/7.0 (55.7% complete)    lr: 0.000832    shrink: 0.99168
2019-02-10 13:17:34,639 [steps/nnet3/train_raw_dnn.py:388 - train - INFO ] Iter: 92/162    Epoch: 3.94/7.0 (56.3% complete)    lr: 0.000820    shrink: 0.99180
2019-02-10 13:24:38,148 [steps/nnet3/train_raw_dnn.py:388 - train - INFO ] Iter: 93/162    Epoch: 3.99/7.0 (56.9% complete)    lr: 0.000809    shrink: 0.99191
2019-02-10 13:32:51,764 [steps/nnet3/train_raw_dnn.py:388 - train - INFO ] Iter: 94/162    Epoch: 4.03/7.0 (57.6% complete)    lr: 0.000797    shrink: 0.99203
2019-02-10 13:38:59,919 [steps/nnet3/train_raw_dnn.py:388 - train - INFO ] Iter: 95/162    Epoch: 4.07/7.0 (58.2% complete)    lr: 0.000786    shrink: 0.99214
2019-02-10 13:47:23,721 [steps/nnet3/train_raw_dnn.py:388 - train - INFO ] Iter: 96/162    Epoch: 4.11/7.0 (58.8% complete)    lr: 0.000775    shrink: 0.99225
2019-02-10 13:57:20,541 [steps/nnet3/train_raw_dnn.py:388 - train - INFO ] Iter: 97/162    Epoch: 4.16/7.0 (59.4% complete)    lr: 0.000764    shrink: 0.99236
2019-02-10 14:04:45,806 [steps/nnet3/train_raw_dnn.py:388 - train - INFO ] Iter: 98/162    Epoch: 4.20/7.0 (60.0% complete)    lr: 0.000754    shrink: 0.99246
2019-02-10 14:14:28,229 [steps/nnet3/train_raw_dnn.py:388 - train - INFO ] Iter: 99/162    Epoch: 4.24/7.0 (60.6% complete)    lr: 0.000743    shrink: 0.99257
2019-02-10 14:23:20,432 [steps/nnet3/train_raw_dnn.py:388 - train - INFO ] Iter: 100/162    Epoch: 4.29/7.0 (61.2% complete)    lr: 0.000733    shrink: 0.99267
2019-02-10 14:33:07,168 [steps/nnet3/train_raw_dnn.py:388 - train - INFO ] Iter: 101/162    Epoch: 4.33/7.0 (61.8% complete)    lr: 0.000722    shrink: 0.99278
2019-02-10 14:41:16,916 [steps/nnet3/train_raw_dnn.py:388 - train - INFO ] Iter: 102/162    Epoch: 4.37/7.0 (62.4% complete)    lr: 0.000712    shrink: 0.99288
2019-02-10 14:49:28,312 [steps/nnet3/train_raw_dnn.py:388 - train - INFO ] Iter: 103/162    Epoch: 4.41/7.0 (63.1% complete)    lr: 0.000702    shrink: 0.99298
2019-02-10 14:56:16,898 [steps/nnet3/train_raw_dnn.py:388 - train - INFO ] Iter: 104/162    Epoch: 4.46/7.0 (63.7% complete)    lr: 0.000692    shrink: 0.99308
2019-02-10 15:04:58,908 [steps/nnet3/train_raw_dnn.py:388 - train - INFO ] Iter: 105/162    Epoch: 4.50/7.0 (64.3% complete)    lr: 0.000683    shrink: 0.99317
2019-02-10 15:13:35,851 [steps/nnet3/train_raw_dnn.py:388 - train - INFO ] Iter: 106/162    Epoch: 4.54/7.0 (64.9% complete)    lr: 0.000673    shrink: 0.99327
2019-02-10 15:21:21,243 [steps/nnet3/train_raw_dnn.py:388 - train - INFO ] Iter: 107/162    Epoch: 4.59/7.0 (65.5% complete)    lr: 0.000664    shrink: 0.99336
2019-02-10 15:30:58,788 [steps/nnet3/train_raw_dnn.py:388 - train - INFO ] Iter: 108/162    Epoch: 4.63/7.0 (66.1% complete)    lr: 0.000654    shrink: 0.99346
2019-02-10 15:40:20,763 [steps/nnet3/train_raw_dnn.py:388 - train - INFO ] Iter: 109/162    Epoch: 4.67/7.0 (66.7% complete)    lr: 0.000645    shrink: 0.99355
2019-02-10 15:47:30,213 [steps/nnet3/train_raw_dnn.py:388 - train - INFO ] Iter: 110/162    Epoch: 4.71/7.0 (67.3% complete)    lr: 0.000636    shrink: 0.99364
2019-02-10 15:56:09,665 [steps/nnet3/train_raw_dnn.py:388 - train - INFO ] Iter: 111/162    Epoch: 4.76/7.0 (68.0% complete)    lr: 0.000627    shrink: 0.99373
2019-02-10 16:04:41,749 [steps/nnet3/train_raw_dnn.py:388 - train - INFO ] Iter: 112/162    Epoch: 4.80/7.0 (68.6% complete)    lr: 0.000619    shrink: 0.99381
2019-02-10 16:14:04,957 [steps/nnet3/train_raw_dnn.py:388 - train - INFO ] Iter: 113/162    Epoch: 4.84/7.0 (69.2% complete)    lr: 0.000610    shrink: 0.99390
2019-02-10 16:23:37,035 [steps/nnet3/train_raw_dnn.py:388 - train - INFO ] Iter: 114/162    Epoch: 4.89/7.0 (69.8% complete)    lr: 0.000601    shrink: 0.99399
2019-02-10 16:32:23,970 [steps/nnet3/train_raw_dnn.py:388 - train - INFO ] Iter: 115/162    Epoch: 4.93/7.0 (70.4% complete)    lr: 0.000593    shrink: 0.99407
2019-02-10 16:41:11,168 [steps/nnet3/train_raw_dnn.py:388 - train - INFO ] Iter: 116/162    Epoch: 4.97/7.0 (71.0% complete)    lr: 0.000585    shrink: 0.99415
2019-02-10 16:46:43,373 [steps/nnet3/train_raw_dnn.py:388 - train - INFO ] Iter: 117/162    Epoch: 5.01/7.0 (71.6% complete)    lr: 0.000576    shrink: 0.99424
2019-02-10 16:54:22,508 [steps/nnet3/train_raw_dnn.py:388 - train - INFO ] Iter: 118/162    Epoch: 5.06/7.0 (72.2% complete)    lr: 0.000568    shrink: 0.99432
2019-02-10 17:01:48,283 [steps/nnet3/train_raw_dnn.py:388 - train - INFO ] Iter: 119/162    Epoch: 5.10/7.0 (72.9% complete)    lr: 0.000560    shrink: 0.99440
2019-02-10 17:09:55,178 [steps/nnet3/train_raw_dnn.py:388 - train - INFO ] Iter: 120/162    Epoch: 5.14/7.0 (73.5% complete)    lr: 0.000553    shrink: 0.99447
2019-02-10 17:16:20,984 [steps/nnet3/train_raw_dnn.py:388 - train - INFO ] Iter: 121/162    Epoch: 5.19/7.0 (74.1% complete)    lr: 0.000545    shrink: 0.99455
2019-02-10 17:24:24,864 [steps/nnet3/train_raw_dnn.py:388 - train - INFO ] Iter: 122/162    Epoch: 5.23/7.0 (74.7% complete)    lr: 0.000537    shrink: 0.99463
2019-02-10 17:33:39,054 [steps/nnet3/train_raw_dnn.py:388 - train - INFO ] Iter: 123/162    Epoch: 5.27/7.0 (75.3% complete)    lr: 0.000530    shrink: 0.99470
2019-02-10 17:39:08,469 [steps/nnet3/train_raw_dnn.py:388 - train - INFO ] Iter: 124/162    Epoch: 5.31/7.0 (75.9% complete)    lr: 0.000522    shrink: 0.99478
2019-02-10 17:46:35,845 [steps/nnet3/train_raw_dnn.py:388 - train - INFO ] Iter: 125/162    Epoch: 5.36/7.0 (76.5% complete)    lr: 0.000515    shrink: 0.99485
2019-02-10 17:54:00,022 [steps/nnet3/train_raw_dnn.py:388 - train - INFO ] Iter: 126/162    Epoch: 5.40/7.0 (77.1% complete)    lr: 0.000508    shrink: 0.99492
2019-02-10 18:02:16,512 [steps/nnet3/train_raw_dnn.py:388 - train - INFO ] Iter: 127/162    Epoch: 5.44/7.0 (77.8% complete)    lr: 0.000501    shrink: 0.99499
2019-02-10 18:09:17,593 [steps/nnet3/train_raw_dnn.py:388 - train - INFO ] Iter: 128/162    Epoch: 5.49/7.0 (78.4% complete)    lr: 0.000494    shrink: 0.99506
2019-02-10 18:16:14,204 [steps/nnet3/train_raw_dnn.py:388 - train - INFO ] Iter: 129/162    Epoch: 5.53/7.0 (79.0% complete)    lr: 0.000487    shrink: 0.99513
2019-02-10 18:24:53,414 [steps/nnet3/train_raw_dnn.py:388 - train - INFO ] Iter: 130/162    Epoch: 5.57/7.0 (79.6% complete)    lr: 0.000480    shrink: 0.99520
2019-02-10 18:33:10,043 [steps/nnet3/train_raw_dnn.py:388 - train - INFO ] Iter: 131/162    Epoch: 5.61/7.0 (80.2% complete)    lr: 0.000473    shrink: 0.99527
2019-02-10 18:41:13,197 [steps/nnet3/train_raw_dnn.py:388 - train - INFO ] Iter: 132/162    Epoch: 5.66/7.0 (80.8% complete)    lr: 0.000467    shrink: 0.99533
2019-02-10 18:48:27,883 [steps/nnet3/train_raw_dnn.py:388 - train - INFO ] Iter: 133/162    Epoch: 5.70/7.0 (81.4% complete)    lr: 0.000460    shrink: 0.99540
2019-02-10 18:55:21,462 [steps/nnet3/train_raw_dnn.py:388 - train - INFO ] Iter: 134/162    Epoch: 5.74/7.0 (82.0% complete)    lr: 0.000454    shrink: 0.99546
2019-02-10 19:02:49,436 [steps/nnet3/train_raw_dnn.py:388 - train - INFO ] Iter: 135/162    Epoch: 5.79/7.0 (82.7% complete)    lr: 0.000447    shrink: 0.99553
2019-02-10 19:10:15,176 [steps/nnet3/train_raw_dnn.py:388 - train - INFO ] Iter: 136/162    Epoch: 5.83/7.0 (83.3% complete)    lr: 0.000441    shrink: 0.99559
2019-02-10 19:19:48,351 [steps/nnet3/train_raw_dnn.py:388 - train - INFO ] Iter: 137/162    Epoch: 5.87/7.0 (83.9% complete)    lr: 0.000435    shrink: 0.99565
2019-02-10 19:28:50,650 [steps/nnet3/train_raw_dnn.py:388 - train - INFO ] Iter: 138/162    Epoch: 5.91/7.0 (84.5% complete)    lr: 0.000429    shrink: 0.99571
2019-02-10 19:36:25,558 [steps/nnet3/train_raw_dnn.py:388 - train - INFO ] Iter: 139/162    Epoch: 5.96/7.0 (85.1% complete)    lr: 0.000423    shrink: 0.99577
2019-02-10 19:43:41,065 [steps/nnet3/train_raw_dnn.py:388 - train - INFO ] Iter: 140/162    Epoch: 6.00/7.0 (85.7% complete)    lr: 0.000417    shrink: 0.99583
2019-02-10 19:50:20,540 [steps/nnet3/train_raw_dnn.py:388 - train - INFO ] Iter: 141/162    Epoch: 6.04/7.0 (86.3% complete)    lr: 0.000411    shrink: 0.99589
2019-02-10 19:58:16,754 [steps/nnet3/train_raw_dnn.py:388 - train - INFO ] Iter: 142/162    Epoch: 6.09/7.0 (86.9% complete)    lr: 0.000405    shrink: 0.99595
2019-02-10 20:06:50,613 [steps/nnet3/train_raw_dnn.py:388 - train - INFO ] Iter: 143/162    Epoch: 6.13/7.0 (87.6% complete)    lr: 0.000400    shrink: 0.99600
2019-02-10 20:16:25,858 [steps/nnet3/train_raw_dnn.py:388 - train - INFO ] Iter: 144/162    Epoch: 6.17/7.0 (88.2% complete)    lr: 0.000394    shrink: 0.99606
2019-02-10 20:24:12,360 [steps/nnet3/train_raw_dnn.py:388 - train - INFO ] Iter: 145/162    Epoch: 6.21/7.0 (88.8% complete)    lr: 0.000388    shrink: 0.99612
2019-02-10 20:31:17,549 [steps/nnet3/train_raw_dnn.py:388 - train - INFO ] Iter: 146/162    Epoch: 6.26/7.0 (89.4% complete)    lr: 0.000383    shrink: 0.99617
2019-02-10 20:38:14,869 [steps/nnet3/train_raw_dnn.py:388 - train - INFO ] Iter: 147/162    Epoch: 6.30/7.0 (90.0% complete)    lr: 0.000378    shrink: 0.99622
2019-02-10 20:47:20,822 [steps/nnet3/train_raw_dnn.py:388 - train - INFO ] Iter: 148/162    Epoch: 6.34/7.0 (90.6% complete)    lr: 0.000372    shrink: 0.99628
2019-02-10 20:54:03,187 [steps/nnet3/train_raw_dnn.py:388 - train - INFO ] Iter: 149/162    Epoch: 6.39/7.0 (91.2% complete)    lr: 0.000367    shrink: 0.99633
2019-02-10 21:01:18,962 [steps/nnet3/train_raw_dnn.py:388 - train - INFO ] Iter: 150/162    Epoch: 6.43/7.0 (91.8% complete)    lr: 0.000362    shrink: 0.99638
2019-02-10 21:09:57,352 [steps/nnet3/train_raw_dnn.py:388 - train - INFO ] Iter: 151/162    Epoch: 6.47/7.0 (92.4% complete)    lr: 0.000357    shrink: 0.99643
2019-02-10 21:19:15,484 [steps/nnet3/train_raw_dnn.py:388 - train - INFO ] Iter: 152/162    Epoch: 6.51/7.0 (93.1% complete)    lr: 0.000352    shrink: 0.99648
2019-02-10 21:27:47,112 [steps/nnet3/train_raw_dnn.py:388 - train - INFO ] Iter: 153/162    Epoch: 6.56/7.0 (93.7% complete)    lr: 0.000347    shrink: 0.99653
2019-02-10 21:36:55,060 [steps/nnet3/train_raw_dnn.py:388 - train - INFO ] Iter: 154/162    Epoch: 6.60/7.0 (94.3% complete)    lr: 0.000342    shrink: 0.99658
2019-02-10 21:45:15,211 [steps/nnet3/train_raw_dnn.py:388 - train - INFO ] Iter: 155/162    Epoch: 6.64/7.0 (94.9% complete)    lr: 0.000337    shrink: 0.99663
2019-02-10 21:54:34,317 [steps/nnet3/train_raw_dnn.py:388 - train - INFO ] Iter: 156/162    Epoch: 6.69/7.0 (95.5% complete)    lr: 0.000333    shrink: 0.99667
2019-02-10 22:03:15,260 [steps/nnet3/train_raw_dnn.py:388 - train - INFO ] Iter: 157/162    Epoch: 6.73/7.0 (96.1% complete)    lr: 0.000328    shrink: 0.99672
2019-02-10 22:11:24,980 [steps/nnet3/train_raw_dnn.py:388 - train - INFO ] Iter: 158/162    Epoch: 6.77/7.0 (96.7% complete)    lr: 0.000323    shrink: 0.99677
2019-02-10 22:22:31,045 [steps/nnet3/train_raw_dnn.py:388 - train - INFO ] Iter: 159/162    Epoch: 6.81/7.0 (97.3% complete)    lr: 0.000319    shrink: 0.99681
2019-02-10 22:31:03,033 [steps/nnet3/train_raw_dnn.py:388 - train - INFO ] Iter: 160/162    Epoch: 6.86/7.0 (98.0% complete)    lr: 0.000314    shrink: 0.99686
2019-02-10 22:40:50,198 [steps/nnet3/train_raw_dnn.py:388 - train - INFO ] Iter: 161/162    Epoch: 6.90/7.0 (98.6% complete)    lr: 0.000310    shrink: 0.99690
2019-02-10 22:48:44,636 [steps/nnet3/train_raw_dnn.py:388 - train - INFO ] Iter: 162/162    Epoch: 6.94/7.0 (99.2% complete)    lr: 0.000300    shrink: 0.99700
2019-02-10 22:59:35,105 [steps/nnet3/train_raw_dnn.py:440 - train - INFO ] Doing final combination to produce final.raw
2019-02-10 22:59:35,118 [steps/libs/nnet3/train/frame_level_objf/common.py:491 - combine_models - INFO ] Combining {144, 145, 146, 147, 148, 149, 150, 151, 152, 153, 154, 155, 156, 157, 158, 159, 160, 161, 162, 163} models.
2019-02-10 23:04:07,346 [steps/nnet3/train_raw_dnn.py:462 - train - INFO ] Cleaning up the experiment directory /home/s1513472/lid/pitch/nnet
/home/s1513472/lid/pitch/nnet: num-iters=163 nj=3..3 num-params=4.4M dim=4->19 combine=-0.69->-0.63 (over 3) loglike:train/valid[107,162,final]=(-0.92,-0.68,-0.69/-0.60,-0.51,-0.62) accuracy:train/valid[107,162,final]=(0.741,0.815,0.796/0.765,0.804,0.804)
steps/nnet3/train_raw_dnn.py --stage=-1 --cmd=slurm.pl --trainer.optimization.proportional-shrink 10 --trainer.optimization.momentum=0.5 --trainer.optimization.num-jobs-initial=3 --trainer.optimization.num-jobs-final=3 --trainer.optimization.initial-effective-lrate=0.001 --trainer.optimization.final-effective-lrate=0.0001 --trainer.optimization.minibatch-size=64 --trainer.srand=123 --trainer.max-param-change=2 --trainer.num-epochs=7 --trainer.dropout-schedule=0,0@0.20,0.1@0.50,0 --trainer.shuffle-buffer-size=1000 --egs.frames-per-eg=1 --egs.dir=/home/s1513472/lid/pitch/nnet/egs --cleanup.remove-egs false --cleanup.preserve-model-interval=10 --use-gpu=true --dir=/home/s1513472/lid/pitch/nnet
['steps/nnet3/train_raw_dnn.py', '--stage=-1', '--cmd=slurm.pl', '--trainer.optimization.proportional-shrink', '10', '--trainer.optimization.momentum=0.5', '--trainer.optimization.num-jobs-initial=3', '--trainer.optimization.num-jobs-final=3', '--trainer.optimization.initial-effective-lrate=0.001', '--trainer.optimization.final-effective-lrate=0.0001', '--trainer.optimization.minibatch-size=64', '--trainer.srand=123', '--trainer.max-param-change=2', '--trainer.num-epochs=7', '--trainer.dropout-schedule=0,0@0.20,0.1@0.50,0', '--trainer.shuffle-buffer-size=1000', '--egs.frames-per-eg=1', '--egs.dir=/home/s1513472/lid/pitch/nnet/egs', '--cleanup.remove-egs', 'false', '--cleanup.preserve-model-interval=10', '--use-gpu=true', '--dir=/home/s1513472/lid/pitch/nnet']
Finished stage 4.
#### STAGE 7: Extracting X-vectors from the trained DNN. ####
./local/extract_xvectors.sh --cmd slurm.pl --mem 6G --use-gpu true --nj 32 --stage 0 --remove-nonspeech true /home/s1513472/lid/pitch/nnet /home/s1513472/lid/pitch/enroll /home/s1513472/lid/pitch/exp/xvectors_enroll
./local/extract_xvectors.sh --cmd slurm.pl --mem 6G --use-gpu true --nj 32 --stage 0 --remove-nonspeech true /home/s1513472/lid/pitch/nnet /home/s1513472/lid/pitch/eval /home/s1513472/lid/pitch/exp/xvectors_eval
Conda environment 'lid' active.
Conda environment 'lid' active.
./local/extract_xvectors.sh: using /home/s1513472/lid/pitch/nnet/extract.config to extract xvectors
./local/extract_xvectors.sh: using /home/s1513472/lid/pitch/nnet/extract.config to extract xvectors
./local/extract_xvectors.sh: extracting xvectors for /home/s1513472/lid/pitch/eval
./local/extract_xvectors.sh: extracting xvectors from nnet
./local/extract_xvectors.sh: extracting xvectors for /home/s1513472/lid/pitch/enroll
./local/extract_xvectors.sh: extracting xvectors from nnet
./local/extract_xvectors.sh: combining xvectors across jobs
./local/extract_xvectors.sh: computing mean of xvectors for each language
./local/extract_xvectors.sh: combining xvectors across jobs
./local/extract_xvectors.sh: computing mean of xvectors for each language
Finished stage 7.
#### STAGE 8: Training logistic regression classifier and classifying test utterances. ####
Finished stage 8.
#### STAGE 9: Calculating results. ####
Finished stage 9.
