Obtaining renewable credentials, you will be asked to type in your password
Password for s1513472@INF.ED.AC.UK: 
Running job "./run.sh --exp-config=conf/exp_configs/mfcc_pitch_energy.conf" for maximum of 28 days in background
Waiting for job to start...
+++++++++++++++++++++++++++++++++++++++++++++++++++++++++++++++++++++++++
 	 This shell script runs the GlobalPhone+X-vectors recipe.
 	 Use like this: ./run.sh <options>
 	 --stage=INT		Stage from which to start
 	 --run-all=(false|true)	Whether to run all stages
 	 			or just the specified one
 	 --experiment=STR	Experiment name (also name of directory 
 	 			where all files will be stored).
 	 			Default: 'baseline'.
 	 --exp-config=FILE	Config file with all kinds of options,
 	 			see conf/exp_default.conf for an example.
 	 			NOTE: Where arguments are passed on the command line,
 	 			the values overwrite those found in the config file.

 	 If no stage number is provided, either all stages
 	 will be run (--run-all=true) or no stages at all.
 +++++++++++++++++++++++++++++++++++++++++++++++++++++++++++++++++++++++++
Running experiment: 'mfcc_pitch_energy'
Running only stage 2.
Running on the cluster.
Conda environment not activated, sourcing ~/.bashrc and activating the 'lid' env.
Job started successfully
Using shorten (v3.6.1) from ~/language-ident-from-speech/gp-xvectors-recipe/tools/shorten-3.6.1/bin/shorten
Using sox (v14.3.2) from ~/language-ident-from-speech/gp-xvectors-recipe/tools/sox-14.3.2/bin/sox
Conda environment not activated, sourcing ~/.bashrc and activating the 'lid' env.
The experiment directory is: /home/s1513472/lid/mfcc_pitch_energy
Running with languages: AR BG CH CR CZ FR GE JA KO PL PO RU SP SW TA TH TU WU VN
#### STAGE 2: features (MFCC, SDC, pitch, energy, etc) and VAD. ####
Finished stage 2.
Obtaining renewable credentials, you will be asked to type in your password
Password for s1513472@INF.ED.AC.UK: 
Running job "./run.sh --exp-config=conf/exp_configs/mfcc_pitch_energy.conf --stage=3 --run-all=true" for maximum of 28 days in background
Waiting for job to start...
+++++++++++++++++++++++++++++++++++++++++++++++++++++++++++++++++++++++++
 	 This shell script runs the GlobalPhone+X-vectors recipe.
 	 Use like this: ./run.sh <options>
 	 --stage=INT		Stage from which to start
 	 --run-all=(false|true)	Whether to run all stages
 	 			or just the specified one
 	 --experiment=STR	Experiment name (also name of directory 
 	 			where all files will be stored).
 	 			Default: 'baseline'.
 	 --exp-config=FILE	Config file with all kinds of options,
 	 			see conf/exp_default.conf for an example.
 	 			NOTE: Where arguments are passed on the command line,
 	 			the values overwrite those found in the config file.

 	 If no stage number is provided, either all stages
 	 will be run (--run-all=true) or no stages at all.
 +++++++++++++++++++++++++++++++++++++++++++++++++++++++++++++++++++++++++
Overwriting the experiment config value of run_all=false using the value 'true' passed as a command-line argument.
Overwriting the experiment config value of stage=2 using the value '3' passed as a command-line argument.
Running experiment: 'mfcc_pitch_energy'
Running all stages starting with 3.
Running on the cluster.
Conda environment not activated, sourcing ~/.bashrc and activating the 'lid' env.
Using shorten (v3.6.1) from ~/language-ident-from-speech/gp-xvectors-recipe/tools/shorten-3.6.1/bin/shorten
Using sox (v14.3.2) from ~/language-ident-from-speech/gp-xvectors-recipe/tools/sox-14.3.2/bin/sox
Conda environment not activated, sourcing ~/.bashrc and activating the 'lid' env.
The experiment directory is: /home/s1513472/lid/mfcc_pitch_energy
Running with languages: AR BG CH CR CZ FR GE JA KO PL PO RU SP SW TA TH TU WU VN
#### STAGE 3: Preprocessing for X-vector training examples. ####
./local/prepare_feats_for_egs.sh --nj 32 --cmd run.pl --remove-nonspeech true /home/s1513472/lid/mfcc_pitch_energy/train /home/s1513472/lid/mfcc_pitch_energy/nnet_train_data /home/s1513472/lid/mfcc_pitch_energy/x_vector_features
Conda environment 'lid' active.
cp: cannot stat '/home/s1513472/lid/mfcc_pitch_energy/train/wav.scp': No such file or directory
Job started successfully
./local/prepare_feats_for_egs.sh: Succeeded creating xvector features for train
utils/data/get_utt2num_frames.sh: /home/s1513472/lid/mfcc_pitch_energy/nnet_train_data/utt2num_frames already present!
fix_data_dir.sh: kept all 129108 utterances.
fix_data_dir.sh: old files are kept in /home/s1513472/lid/mfcc_pitch_energy/nnet_train_data/.backup
Removing short features...
fix_data_dir.sh: kept all 91100 utterances.
fix_data_dir.sh: old files are kept in /home/s1513472/lid/mfcc_pitch_energy/nnet_train_data/.backup
Finished stage 3.
#### STAGE 4: Training the X-vector DNN. ####
Running on the cluster.
Conda environment 'lid' active.
Running on the cluster.
Taking data from: /home/s1513472/lid/mfcc_pitch_energy/nnet_train_data
Storing training examples in: /home/s1513472/lid/mfcc_pitch_energy/nnet/egs
Storing TDNN in: /home/s1513472/lid/mfcc_pitch_energy/nnet
#### STAGE 4: Getting NN training egs. ####
./local/get_egs.sh --cmd slurm.pl --nj 32 --stage 0 --frames-per-iter 50000000 --frames-per-iter-diagnostic 100000 --min-frames-per-chunk 200 --max-frames-per-chunk 400 --num-diagnostic-archives 3 --num-repeats 35 /home/s1513472/lid/mfcc_pitch_energy/nnet_train_data /home/s1513472/lid/mfcc_pitch_energy/nnet/egs
Conda environment 'lid' active.
feat-to-dim scp:/home/s1513472/lid/mfcc_pitch_energy/nnet_train_data/feats.scp - 
./local/get_egs.sh: Preparing train and validation lists
./local/get_egs.sh: Producing 70 archives for training
./local/get_egs.sh: Allocating training examples
./local/get_egs.sh: Allocating training subset examples
./local/get_egs.sh: Allocating validation examples
./local/get_egs.sh: Generating training examples on disk
./local/get_egs.sh: Generating training subset examples on disk
./local/get_egs.sh: Generating validation examples on disk
./local/get_egs.sh: Shuffling order of archives on disk
./local/get_egs.sh: Finished preparing training examples
#### STAGE 5: Creating NN configs using the xconfig parser. ####
./local/run_xvector.sh: creating neural net configs using the xconfig parser
nnet3-init /home/s1513472/lid/mfcc_pitch_energy/nnet/configs/ref.config /home/s1513472/lid/mfcc_pitch_energy/nnet/configs/ref.raw 
LOG (nnet3-init[5.5.142~5-ff514]:main():nnet3-init.cc:80) Initialized raw neural net and wrote it to /home/s1513472/lid/mfcc_pitch_energy/nnet/configs/ref.raw
nnet3-info /home/s1513472/lid/mfcc_pitch_energy/nnet/configs/ref.raw 
nnet3-init /home/s1513472/lid/mfcc_pitch_energy/nnet/configs/ref.config /home/s1513472/lid/mfcc_pitch_energy/nnet/configs/ref.raw 
LOG (nnet3-init[5.5.142~5-ff514]:main():nnet3-init.cc:80) Initialized raw neural net and wrote it to /home/s1513472/lid/mfcc_pitch_energy/nnet/configs/ref.raw
nnet3-info /home/s1513472/lid/mfcc_pitch_energy/nnet/configs/ref.raw 
steps/nnet3/xconfig_to_configs.py --xconfig-file /home/s1513472/lid/mfcc_pitch_energy/nnet/configs/network.xconfig --config-dir /home/s1513472/lid/mfcc_pitch_energy/nnet/configs
#### STAGE 6: Training the network. ####
2019-02-15 11:47:10,378 [steps/nnet3/train_raw_dnn.py:35 - <module> - INFO ] Starting raw DNN trainer (train_raw_dnn.py)
2019-02-15 11:47:11,086 [steps/nnet3/train_raw_dnn.py:156 - process_args - WARNING ] You are running with one thread but you have not compiled
                   for CUDA.  You may be running a setup optimized for GPUs.
                   If you have GPUs and have nvcc installed, go to src/ and do
                   ./configure; make
2019-02-15 11:47:11,088 [steps/nnet3/train_raw_dnn.py:195 - train - INFO ] Arguments for the experiment
{'backstitch_training_interval': 1,
 'backstitch_training_scale': 0.0,
 'cleanup': True,
 'cmvn_opts': None,
 'combine_sum_to_one_penalty': 0.0,
 'command': 'slurm.pl',
 'compute_average_posteriors': False,
 'compute_per_dim_accuracy': False,
 'dir': '/home/s1513472/lid/mfcc_pitch_energy/nnet',
 'do_final_combination': True,
 'dropout_schedule': '0,0@0.20,0.1@0.50,0',
 'egs_command': None,
 'egs_dir': '/home/s1513472/lid/mfcc_pitch_energy/nnet/egs',
 'egs_opts': None,
 'egs_stage': 0,
 'email': None,
 'exit_stage': None,
 'feat_dir': None,
 'final_effective_lrate': 0.0001,
 'frames_per_eg': 1,
 'image_augmentation_opts': None,
 'initial_effective_lrate': 0.001,
 'input_model': None,
 'max_lda_jobs': 10,
 'max_models_combine': 20,
 'max_objective_evaluations': 30,
 'max_param_change': 2.0,
 'minibatch_size': '64',
 'momentum': 0.5,
 'nj': 4,
 'num_epochs': 7.0,
 'num_jobs_compute_prior': 10,
 'num_jobs_final': 3,
 'num_jobs_initial': 3,
 'online_ivector_dir': None,
 'preserve_model_interval': 10,
 'presoftmax_prior_scale_power': -0.25,
 'prior_subset_size': 20000,
 'proportional_shrink': 10.0,
 'rand_prune': 4.0,
 'remove_egs': False,
 'reporting_interval': 0.1,
 'samples_per_iter': 400000,
 'shuffle_buffer_size': 1000,
 'srand': 123,
 'stage': -1,
 'targets_scp': None,
 'train_opts': [],
 'use_dense_targets': True,
 'use_gpu': 'yes'}
2019-02-15 11:47:11,135 [steps/nnet3/train_raw_dnn.py:315 - train - INFO ] Preparing the initial network.
2019-02-15 11:47:34,512 [steps/nnet3/train_raw_dnn.py:353 - train - INFO ] Training will run for 7.0 epochs = 163 iterations
2019-02-15 11:47:34,513 [steps/nnet3/train_raw_dnn.py:388 - train - INFO ] Iter: 0/162    Epoch: 0.00/7.0 (0.0% complete)    lr: 0.003000    shrink: 0.97000
2019-02-15 11:53:26,138 [steps/nnet3/train_raw_dnn.py:388 - train - INFO ] Iter: 1/162    Epoch: 0.04/7.0 (0.6% complete)    lr: 0.002958    shrink: 0.97042
2019-02-15 11:59:32,861 [steps/nnet3/train_raw_dnn.py:388 - train - INFO ] Iter: 2/162    Epoch: 0.09/7.0 (1.2% complete)    lr: 0.002917    shrink: 0.97083
2019-02-15 12:06:51,053 [steps/nnet3/train_raw_dnn.py:388 - train - INFO ] Iter: 3/162    Epoch: 0.13/7.0 (1.8% complete)    lr: 0.002876    shrink: 0.97124
2019-02-15 12:14:56,514 [steps/nnet3/train_raw_dnn.py:388 - train - INFO ] Iter: 4/162    Epoch: 0.17/7.0 (2.4% complete)    lr: 0.002836    shrink: 0.97164
2019-02-15 12:22:27,913 [steps/nnet3/train_raw_dnn.py:388 - train - INFO ] Iter: 5/162    Epoch: 0.21/7.0 (3.1% complete)    lr: 0.002796    shrink: 0.97204
2019-02-15 12:32:13,433 [steps/nnet3/train_raw_dnn.py:388 - train - INFO ] Iter: 6/162    Epoch: 0.26/7.0 (3.7% complete)    lr: 0.002757    shrink: 0.97243
2019-02-15 12:40:25,832 [steps/nnet3/train_raw_dnn.py:388 - train - INFO ] Iter: 7/162    Epoch: 0.30/7.0 (4.3% complete)    lr: 0.002718    shrink: 0.97282
2019-02-15 12:49:07,821 [steps/nnet3/train_raw_dnn.py:388 - train - INFO ] Iter: 8/162    Epoch: 0.34/7.0 (4.9% complete)    lr: 0.002680    shrink: 0.97320
2019-02-15 12:58:25,157 [steps/nnet3/train_raw_dnn.py:388 - train - INFO ] Iter: 9/162    Epoch: 0.39/7.0 (5.5% complete)    lr: 0.002643    shrink: 0.97357
2019-02-15 13:07:38,133 [steps/nnet3/train_raw_dnn.py:388 - train - INFO ] Iter: 10/162    Epoch: 0.43/7.0 (6.1% complete)    lr: 0.002606    shrink: 0.97394
2019-02-15 13:17:30,581 [steps/nnet3/train_raw_dnn.py:388 - train - INFO ] Iter: 11/162    Epoch: 0.47/7.0 (6.7% complete)    lr: 0.002569    shrink: 0.97431
2019-02-15 13:27:21,975 [steps/nnet3/train_raw_dnn.py:388 - train - INFO ] Iter: 12/162    Epoch: 0.51/7.0 (7.3% complete)    lr: 0.002533    shrink: 0.97467
2019-02-15 13:38:36,465 [steps/nnet3/train_raw_dnn.py:388 - train - INFO ] Iter: 13/162    Epoch: 0.56/7.0 (8.0% complete)    lr: 0.002498    shrink: 0.97502
2019-02-15 13:46:19,335 [steps/nnet3/train_raw_dnn.py:388 - train - INFO ] Iter: 14/162    Epoch: 0.60/7.0 (8.6% complete)    lr: 0.002463    shrink: 0.97537
2019-02-15 13:56:26,262 [steps/nnet3/train_raw_dnn.py:388 - train - INFO ] Iter: 15/162    Epoch: 0.64/7.0 (9.2% complete)    lr: 0.002428    shrink: 0.97572
2019-02-15 14:04:28,286 [steps/nnet3/train_raw_dnn.py:388 - train - INFO ] Iter: 16/162    Epoch: 0.69/7.0 (9.8% complete)    lr: 0.002394    shrink: 0.97606
2019-02-15 14:13:52,320 [steps/nnet3/train_raw_dnn.py:388 - train - INFO ] Iter: 17/162    Epoch: 0.73/7.0 (10.4% complete)    lr: 0.002361    shrink: 0.97639
2019-02-15 14:24:19,128 [steps/nnet3/train_raw_dnn.py:388 - train - INFO ] Iter: 18/162    Epoch: 0.77/7.0 (11.0% complete)    lr: 0.002328    shrink: 0.97672
2019-02-15 14:32:05,488 [steps/nnet3/train_raw_dnn.py:388 - train - INFO ] Iter: 19/162    Epoch: 0.81/7.0 (11.6% complete)    lr: 0.002295    shrink: 0.97705
2019-02-15 14:43:55,926 [steps/nnet3/train_raw_dnn.py:388 - train - INFO ] Iter: 20/162    Epoch: 0.86/7.0 (12.2% complete)    lr: 0.002263    shrink: 0.97737
2019-02-15 14:53:08,757 [steps/nnet3/train_raw_dnn.py:388 - train - INFO ] Iter: 21/162    Epoch: 0.90/7.0 (12.9% complete)    lr: 0.002231    shrink: 0.97769
2019-02-15 15:01:20,432 [steps/nnet3/train_raw_dnn.py:388 - train - INFO ] Iter: 22/162    Epoch: 0.94/7.0 (13.5% complete)    lr: 0.002200    shrink: 0.97800
2019-02-15 15:11:45,177 [steps/nnet3/train_raw_dnn.py:388 - train - INFO ] Iter: 23/162    Epoch: 0.99/7.0 (14.1% complete)    lr: 0.002169    shrink: 0.97831
2019-02-15 15:20:37,758 [steps/nnet3/train_raw_dnn.py:388 - train - INFO ] Iter: 24/162    Epoch: 1.03/7.0 (14.7% complete)    lr: 0.002139    shrink: 0.97861
2019-02-15 15:28:55,285 [steps/nnet3/train_raw_dnn.py:388 - train - INFO ] Iter: 25/162    Epoch: 1.07/7.0 (15.3% complete)    lr: 0.002109    shrink: 0.97891
2019-02-15 15:37:07,036 [steps/nnet3/train_raw_dnn.py:388 - train - INFO ] Iter: 26/162    Epoch: 1.11/7.0 (15.9% complete)    lr: 0.002079    shrink: 0.97921
2019-02-15 15:46:33,663 [steps/nnet3/train_raw_dnn.py:388 - train - INFO ] Iter: 27/162    Epoch: 1.16/7.0 (16.5% complete)    lr: 0.002050    shrink: 0.97950
2019-02-15 15:55:35,502 [steps/nnet3/train_raw_dnn.py:388 - train - INFO ] Iter: 28/162    Epoch: 1.20/7.0 (17.1% complete)    lr: 0.002022    shrink: 0.97978
2019-02-15 16:06:54,290 [steps/nnet3/train_raw_dnn.py:388 - train - INFO ] Iter: 29/162    Epoch: 1.24/7.0 (17.8% complete)    lr: 0.001993    shrink: 0.98007
2019-02-15 16:17:10,013 [steps/nnet3/train_raw_dnn.py:388 - train - INFO ] Iter: 30/162    Epoch: 1.29/7.0 (18.4% complete)    lr: 0.001965    shrink: 0.98035
2019-02-15 16:25:49,423 [steps/nnet3/train_raw_dnn.py:388 - train - INFO ] Iter: 31/162    Epoch: 1.33/7.0 (19.0% complete)    lr: 0.001938    shrink: 0.98062
2019-02-15 16:33:56,324 [steps/nnet3/train_raw_dnn.py:388 - train - INFO ] Iter: 32/162    Epoch: 1.37/7.0 (19.6% complete)    lr: 0.001911    shrink: 0.98089
2019-02-15 16:46:12,144 [steps/nnet3/train_raw_dnn.py:388 - train - INFO ] Iter: 33/162    Epoch: 1.41/7.0 (20.2% complete)    lr: 0.001884    shrink: 0.98116
2019-02-15 16:55:17,019 [steps/nnet3/train_raw_dnn.py:388 - train - INFO ] Iter: 34/162    Epoch: 1.46/7.0 (20.8% complete)    lr: 0.001858    shrink: 0.98142
2019-02-15 17:07:07,187 [steps/nnet3/train_raw_dnn.py:388 - train - INFO ] Iter: 35/162    Epoch: 1.50/7.0 (21.4% complete)    lr: 0.001832    shrink: 0.98168
2019-02-15 17:16:44,032 [steps/nnet3/train_raw_dnn.py:388 - train - INFO ] Iter: 36/162    Epoch: 1.54/7.0 (22.0% complete)    lr: 0.001806    shrink: 0.98194
2019-02-15 17:26:20,798 [steps/nnet3/train_raw_dnn.py:388 - train - INFO ] Iter: 37/162    Epoch: 1.59/7.0 (22.7% complete)    lr: 0.001781    shrink: 0.98219
2019-02-15 17:35:46,450 [steps/nnet3/train_raw_dnn.py:388 - train - INFO ] Iter: 38/162    Epoch: 1.63/7.0 (23.3% complete)    lr: 0.001756    shrink: 0.98244
2019-02-15 17:43:25,625 [steps/nnet3/train_raw_dnn.py:388 - train - INFO ] Iter: 39/162    Epoch: 1.67/7.0 (23.9% complete)    lr: 0.001731    shrink: 0.98269
2019-02-15 17:53:41,298 [steps/nnet3/train_raw_dnn.py:388 - train - INFO ] Iter: 40/162    Epoch: 1.71/7.0 (24.5% complete)    lr: 0.001707    shrink: 0.98293
2019-02-15 18:03:42,960 [steps/nnet3/train_raw_dnn.py:388 - train - INFO ] Iter: 41/162    Epoch: 1.76/7.0 (25.1% complete)    lr: 0.001683    shrink: 0.98317
2019-02-15 18:13:09,984 [steps/nnet3/train_raw_dnn.py:388 - train - INFO ] Iter: 42/162    Epoch: 1.80/7.0 (25.7% complete)    lr: 0.001660    shrink: 0.98340
2019-02-15 18:20:37,503 [steps/nnet3/train_raw_dnn.py:388 - train - INFO ] Iter: 43/162    Epoch: 1.84/7.0 (26.3% complete)    lr: 0.001636    shrink: 0.98364
2019-02-15 18:29:57,672 [steps/nnet3/train_raw_dnn.py:388 - train - INFO ] Iter: 44/162    Epoch: 1.89/7.0 (26.9% complete)    lr: 0.001613    shrink: 0.98387
2019-02-15 18:38:08,257 [steps/nnet3/train_raw_dnn.py:388 - train - INFO ] Iter: 45/162    Epoch: 1.93/7.0 (27.6% complete)    lr: 0.001591    shrink: 0.98409
2019-02-15 18:46:32,323 [steps/nnet3/train_raw_dnn.py:388 - train - INFO ] Iter: 46/162    Epoch: 1.97/7.0 (28.2% complete)    lr: 0.001569    shrink: 0.98431
2019-02-15 18:56:18,898 [steps/nnet3/train_raw_dnn.py:388 - train - INFO ] Iter: 47/162    Epoch: 2.01/7.0 (28.8% complete)    lr: 0.001547    shrink: 0.98453
2019-02-15 19:03:51,688 [steps/nnet3/train_raw_dnn.py:388 - train - INFO ] Iter: 48/162    Epoch: 2.06/7.0 (29.4% complete)    lr: 0.001525    shrink: 0.98475
2019-02-15 19:09:51,593 [steps/nnet3/train_raw_dnn.py:388 - train - INFO ] Iter: 49/162    Epoch: 2.10/7.0 (30.0% complete)    lr: 0.001504    shrink: 0.98496
2019-02-15 19:18:56,523 [steps/nnet3/train_raw_dnn.py:388 - train - INFO ] Iter: 50/162    Epoch: 2.14/7.0 (30.6% complete)    lr: 0.001483    shrink: 0.98517
2019-02-15 19:27:41,263 [steps/nnet3/train_raw_dnn.py:388 - train - INFO ] Iter: 51/162    Epoch: 2.19/7.0 (31.2% complete)    lr: 0.001462    shrink: 0.98538
2019-02-15 19:34:59,066 [steps/nnet3/train_raw_dnn.py:388 - train - INFO ] Iter: 52/162    Epoch: 2.23/7.0 (31.8% complete)    lr: 0.001441    shrink: 0.98559
2019-02-15 19:42:50,466 [steps/nnet3/train_raw_dnn.py:388 - train - INFO ] Iter: 53/162    Epoch: 2.27/7.0 (32.4% complete)    lr: 0.001421    shrink: 0.98579
2019-02-15 19:52:24,965 [steps/nnet3/train_raw_dnn.py:388 - train - INFO ] Iter: 54/162    Epoch: 2.31/7.0 (33.1% complete)    lr: 0.001401    shrink: 0.98599
2019-02-15 19:59:57,934 [steps/nnet3/train_raw_dnn.py:388 - train - INFO ] Iter: 55/162    Epoch: 2.36/7.0 (33.7% complete)    lr: 0.001382    shrink: 0.98618
2019-02-15 20:09:42,286 [steps/nnet3/train_raw_dnn.py:388 - train - INFO ] Iter: 56/162    Epoch: 2.40/7.0 (34.3% complete)    lr: 0.001362    shrink: 0.98638
2019-02-15 20:20:07,421 [steps/nnet3/train_raw_dnn.py:388 - train - INFO ] Iter: 57/162    Epoch: 2.44/7.0 (34.9% complete)    lr: 0.001343    shrink: 0.98657
2019-02-15 20:29:12,690 [steps/nnet3/train_raw_dnn.py:388 - train - INFO ] Iter: 58/162    Epoch: 2.49/7.0 (35.5% complete)    lr: 0.001324    shrink: 0.98676
2019-02-15 20:36:59,429 [steps/nnet3/train_raw_dnn.py:388 - train - INFO ] Iter: 59/162    Epoch: 2.53/7.0 (36.1% complete)    lr: 0.001306    shrink: 0.98694
2019-02-15 20:45:38,647 [steps/nnet3/train_raw_dnn.py:388 - train - INFO ] Iter: 60/162    Epoch: 2.57/7.0 (36.7% complete)    lr: 0.001288    shrink: 0.98712
2019-02-15 20:52:54,183 [steps/nnet3/train_raw_dnn.py:388 - train - INFO ] Iter: 61/162    Epoch: 2.61/7.0 (37.3% complete)    lr: 0.001270    shrink: 0.98730
2019-02-15 21:02:17,977 [steps/nnet3/train_raw_dnn.py:388 - train - INFO ] Iter: 62/162    Epoch: 2.66/7.0 (38.0% complete)    lr: 0.001252    shrink: 0.98748
2019-02-15 21:10:41,204 [steps/nnet3/train_raw_dnn.py:388 - train - INFO ] Iter: 63/162    Epoch: 2.70/7.0 (38.6% complete)    lr: 0.001234    shrink: 0.98766
2019-02-15 21:19:10,523 [steps/nnet3/train_raw_dnn.py:388 - train - INFO ] Iter: 64/162    Epoch: 2.74/7.0 (39.2% complete)    lr: 0.001217    shrink: 0.98783
2019-02-15 21:27:06,397 [steps/nnet3/train_raw_dnn.py:388 - train - INFO ] Iter: 65/162    Epoch: 2.79/7.0 (39.8% complete)    lr: 0.001200    shrink: 0.98800
2019-02-15 21:35:57,469 [steps/nnet3/train_raw_dnn.py:388 - train - INFO ] Iter: 66/162    Epoch: 2.83/7.0 (40.4% complete)    lr: 0.001183    shrink: 0.98817
2019-02-15 21:45:00,762 [steps/nnet3/train_raw_dnn.py:388 - train - INFO ] Iter: 67/162    Epoch: 2.87/7.0 (41.0% complete)    lr: 0.001167    shrink: 0.98833
2019-02-15 21:53:15,397 [steps/nnet3/train_raw_dnn.py:388 - train - INFO ] Iter: 68/162    Epoch: 2.91/7.0 (41.6% complete)    lr: 0.001150    shrink: 0.98850
2019-02-15 22:01:54,541 [steps/nnet3/train_raw_dnn.py:388 - train - INFO ] Iter: 69/162    Epoch: 2.96/7.0 (42.2% complete)    lr: 0.001134    shrink: 0.98866
2019-02-15 22:09:50,843 [steps/nnet3/train_raw_dnn.py:388 - train - INFO ] Iter: 70/162    Epoch: 3.00/7.0 (42.9% complete)    lr: 0.001118    shrink: 0.98882
2019-02-15 22:15:59,810 [steps/nnet3/train_raw_dnn.py:388 - train - INFO ] Iter: 71/162    Epoch: 3.04/7.0 (43.5% complete)    lr: 0.001103    shrink: 0.98897
2019-02-15 22:23:12,545 [steps/nnet3/train_raw_dnn.py:388 - train - INFO ] Iter: 72/162    Epoch: 3.09/7.0 (44.1% complete)    lr: 0.001087    shrink: 0.98913
2019-02-15 22:31:55,190 [steps/nnet3/train_raw_dnn.py:388 - train - INFO ] Iter: 73/162    Epoch: 3.13/7.0 (44.7% complete)    lr: 0.001072    shrink: 0.98928
2019-02-15 22:40:27,276 [steps/nnet3/train_raw_dnn.py:388 - train - INFO ] Iter: 74/162    Epoch: 3.17/7.0 (45.3% complete)    lr: 0.001057    shrink: 0.98943
2019-02-15 22:47:26,633 [steps/nnet3/train_raw_dnn.py:388 - train - INFO ] Iter: 75/162    Epoch: 3.21/7.0 (45.9% complete)    lr: 0.001042    shrink: 0.98958
2019-02-15 22:57:18,088 [steps/nnet3/train_raw_dnn.py:388 - train - INFO ] Iter: 76/162    Epoch: 3.26/7.0 (46.5% complete)    lr: 0.001028    shrink: 0.98972
2019-02-15 23:06:25,213 [steps/nnet3/train_raw_dnn.py:388 - train - INFO ] Iter: 77/162    Epoch: 3.30/7.0 (47.1% complete)    lr: 0.001013    shrink: 0.98987
2019-02-15 23:16:37,992 [steps/nnet3/train_raw_dnn.py:388 - train - INFO ] Iter: 78/162    Epoch: 3.34/7.0 (47.8% complete)    lr: 0.000999    shrink: 0.99001
2019-02-15 23:24:21,297 [steps/nnet3/train_raw_dnn.py:388 - train - INFO ] Iter: 79/162    Epoch: 3.39/7.0 (48.4% complete)    lr: 0.000985    shrink: 0.99015
2019-02-15 23:34:40,452 [steps/nnet3/train_raw_dnn.py:388 - train - INFO ] Iter: 80/162    Epoch: 3.43/7.0 (49.0% complete)    lr: 0.000971    shrink: 0.99029
2019-02-15 23:44:39,805 [steps/nnet3/train_raw_dnn.py:388 - train - INFO ] Iter: 81/162    Epoch: 3.47/7.0 (49.6% complete)    lr: 0.000958    shrink: 0.99042
2019-02-15 23:53:24,162 [steps/nnet3/train_raw_dnn.py:388 - train - INFO ] Iter: 82/162    Epoch: 3.51/7.0 (50.2% complete)    lr: 0.000944    shrink: 0.99056
2019-02-16 00:03:36,495 [steps/nnet3/train_raw_dnn.py:388 - train - INFO ] Iter: 83/162    Epoch: 3.56/7.0 (50.8% complete)    lr: 0.000931    shrink: 0.99069
2019-02-16 00:09:13,528 [steps/nnet3/train_raw_dnn.py:388 - train - INFO ] Iter: 84/162    Epoch: 3.60/7.0 (51.4% complete)    lr: 0.000918    shrink: 0.99082
2019-02-16 00:18:07,235 [steps/nnet3/train_raw_dnn.py:388 - train - INFO ] Iter: 85/162    Epoch: 3.64/7.0 (52.0% complete)    lr: 0.000905    shrink: 0.99095
2019-02-16 00:25:39,580 [steps/nnet3/train_raw_dnn.py:388 - train - INFO ] Iter: 86/162    Epoch: 3.69/7.0 (52.7% complete)    lr: 0.000892    shrink: 0.99108
2019-02-16 00:35:58,888 [steps/nnet3/train_raw_dnn.py:388 - train - INFO ] Iter: 87/162    Epoch: 3.73/7.0 (53.3% complete)    lr: 0.000880    shrink: 0.99120
2019-02-16 00:44:20,032 [steps/nnet3/train_raw_dnn.py:388 - train - INFO ] Iter: 88/162    Epoch: 3.77/7.0 (53.9% complete)    lr: 0.000868    shrink: 0.99132
2019-02-16 00:51:24,541 [steps/nnet3/train_raw_dnn.py:388 - train - INFO ] Iter: 89/162    Epoch: 3.81/7.0 (54.5% complete)    lr: 0.000856    shrink: 0.99144
2019-02-16 01:00:25,664 [steps/nnet3/train_raw_dnn.py:388 - train - INFO ] Iter: 90/162    Epoch: 3.86/7.0 (55.1% complete)    lr: 0.000844    shrink: 0.99156
2019-02-16 01:08:37,826 [steps/nnet3/train_raw_dnn.py:388 - train - INFO ] Iter: 91/162    Epoch: 3.90/7.0 (55.7% complete)    lr: 0.000832    shrink: 0.99168
2019-02-16 01:15:55,236 [steps/nnet3/train_raw_dnn.py:388 - train - INFO ] Iter: 92/162    Epoch: 3.94/7.0 (56.3% complete)    lr: 0.000820    shrink: 0.99180
2019-02-16 01:23:36,470 [steps/nnet3/train_raw_dnn.py:388 - train - INFO ] Iter: 93/162    Epoch: 3.99/7.0 (56.9% complete)    lr: 0.000809    shrink: 0.99191
2019-02-16 01:34:18,953 [steps/nnet3/train_raw_dnn.py:388 - train - INFO ] Iter: 94/162    Epoch: 4.03/7.0 (57.6% complete)    lr: 0.000797    shrink: 0.99203
2019-02-16 01:40:57,243 [steps/nnet3/train_raw_dnn.py:388 - train - INFO ] Iter: 95/162    Epoch: 4.07/7.0 (58.2% complete)    lr: 0.000786    shrink: 0.99214
2019-02-16 01:48:11,887 [steps/nnet3/train_raw_dnn.py:388 - train - INFO ] Iter: 96/162    Epoch: 4.11/7.0 (58.8% complete)    lr: 0.000775    shrink: 0.99225
2019-02-16 01:56:57,455 [steps/nnet3/train_raw_dnn.py:388 - train - INFO ] Iter: 97/162    Epoch: 4.16/7.0 (59.4% complete)    lr: 0.000764    shrink: 0.99236
2019-02-16 02:05:28,885 [steps/nnet3/train_raw_dnn.py:388 - train - INFO ] Iter: 98/162    Epoch: 4.20/7.0 (60.0% complete)    lr: 0.000754    shrink: 0.99246
2019-02-16 02:14:35,420 [steps/nnet3/train_raw_dnn.py:388 - train - INFO ] Iter: 99/162    Epoch: 4.24/7.0 (60.6% complete)    lr: 0.000743    shrink: 0.99257
2019-02-16 02:23:43,150 [steps/nnet3/train_raw_dnn.py:388 - train - INFO ] Iter: 100/162    Epoch: 4.29/7.0 (61.2% complete)    lr: 0.000733    shrink: 0.99267
2019-02-16 02:33:42,421 [steps/nnet3/train_raw_dnn.py:388 - train - INFO ] Iter: 101/162    Epoch: 4.33/7.0 (61.8% complete)    lr: 0.000722    shrink: 0.99278
2019-02-16 02:42:37,499 [steps/nnet3/train_raw_dnn.py:388 - train - INFO ] Iter: 102/162    Epoch: 4.37/7.0 (62.4% complete)    lr: 0.000712    shrink: 0.99288
2019-02-16 02:52:36,812 [steps/nnet3/train_raw_dnn.py:388 - train - INFO ] Iter: 103/162    Epoch: 4.41/7.0 (63.1% complete)    lr: 0.000702    shrink: 0.99298
2019-02-16 03:02:27,180 [steps/nnet3/train_raw_dnn.py:388 - train - INFO ] Iter: 104/162    Epoch: 4.46/7.0 (63.7% complete)    lr: 0.000692    shrink: 0.99308
2019-02-16 03:11:18,724 [steps/nnet3/train_raw_dnn.py:388 - train - INFO ] Iter: 105/162    Epoch: 4.50/7.0 (64.3% complete)    lr: 0.000683    shrink: 0.99317
2019-02-16 03:21:43,095 [steps/nnet3/train_raw_dnn.py:388 - train - INFO ] Iter: 106/162    Epoch: 4.54/7.0 (64.9% complete)    lr: 0.000673    shrink: 0.99327
2019-02-16 03:29:19,030 [steps/nnet3/train_raw_dnn.py:388 - train - INFO ] Iter: 107/162    Epoch: 4.59/7.0 (65.5% complete)    lr: 0.000664    shrink: 0.99336
2019-02-16 03:39:03,035 [steps/nnet3/train_raw_dnn.py:388 - train - INFO ] Iter: 108/162    Epoch: 4.63/7.0 (66.1% complete)    lr: 0.000654    shrink: 0.99346
2019-02-16 03:46:42,124 [steps/nnet3/train_raw_dnn.py:388 - train - INFO ] Iter: 109/162    Epoch: 4.67/7.0 (66.7% complete)    lr: 0.000645    shrink: 0.99355
2019-02-16 03:56:46,086 [steps/nnet3/train_raw_dnn.py:388 - train - INFO ] Iter: 110/162    Epoch: 4.71/7.0 (67.3% complete)    lr: 0.000636    shrink: 0.99364
2019-02-16 04:06:45,927 [steps/nnet3/train_raw_dnn.py:388 - train - INFO ] Iter: 111/162    Epoch: 4.76/7.0 (68.0% complete)    lr: 0.000627    shrink: 0.99373
2019-02-16 04:15:24,380 [steps/nnet3/train_raw_dnn.py:388 - train - INFO ] Iter: 112/162    Epoch: 4.80/7.0 (68.6% complete)    lr: 0.000619    shrink: 0.99381
2019-02-16 04:22:49,008 [steps/nnet3/train_raw_dnn.py:388 - train - INFO ] Iter: 113/162    Epoch: 4.84/7.0 (69.2% complete)    lr: 0.000610    shrink: 0.99390
2019-02-16 04:31:29,287 [steps/nnet3/train_raw_dnn.py:388 - train - INFO ] Iter: 114/162    Epoch: 4.89/7.0 (69.8% complete)    lr: 0.000601    shrink: 0.99399
2019-02-16 04:39:11,368 [steps/nnet3/train_raw_dnn.py:388 - train - INFO ] Iter: 115/162    Epoch: 4.93/7.0 (70.4% complete)    lr: 0.000593    shrink: 0.99407
2019-02-16 04:47:17,926 [steps/nnet3/train_raw_dnn.py:388 - train - INFO ] Iter: 116/162    Epoch: 4.97/7.0 (71.0% complete)    lr: 0.000585    shrink: 0.99415
2019-02-16 04:56:53,252 [steps/nnet3/train_raw_dnn.py:388 - train - INFO ] Iter: 117/162    Epoch: 5.01/7.0 (71.6% complete)    lr: 0.000576    shrink: 0.99424
2019-02-16 05:03:37,805 [steps/nnet3/train_raw_dnn.py:388 - train - INFO ] Iter: 118/162    Epoch: 5.06/7.0 (72.2% complete)    lr: 0.000568    shrink: 0.99432
2019-02-16 05:10:19,498 [steps/nnet3/train_raw_dnn.py:388 - train - INFO ] Iter: 119/162    Epoch: 5.10/7.0 (72.9% complete)    lr: 0.000560    shrink: 0.99440
2019-02-16 05:17:47,427 [steps/nnet3/train_raw_dnn.py:388 - train - INFO ] Iter: 120/162    Epoch: 5.14/7.0 (73.5% complete)    lr: 0.000553    shrink: 0.99447
2019-02-16 05:26:41,031 [steps/nnet3/train_raw_dnn.py:388 - train - INFO ] Iter: 121/162    Epoch: 5.19/7.0 (74.1% complete)    lr: 0.000545    shrink: 0.99455
2019-02-16 05:35:50,253 [steps/nnet3/train_raw_dnn.py:388 - train - INFO ] Iter: 122/162    Epoch: 5.23/7.0 (74.7% complete)    lr: 0.000537    shrink: 0.99463
2019-02-16 05:44:26,591 [steps/nnet3/train_raw_dnn.py:388 - train - INFO ] Iter: 123/162    Epoch: 5.27/7.0 (75.3% complete)    lr: 0.000530    shrink: 0.99470
2019-02-16 05:53:53,819 [steps/nnet3/train_raw_dnn.py:388 - train - INFO ] Iter: 124/162    Epoch: 5.31/7.0 (75.9% complete)    lr: 0.000522    shrink: 0.99478
2019-02-16 06:02:35,200 [steps/nnet3/train_raw_dnn.py:388 - train - INFO ] Iter: 125/162    Epoch: 5.36/7.0 (76.5% complete)    lr: 0.000515    shrink: 0.99485
2019-02-16 06:11:59,318 [steps/nnet3/train_raw_dnn.py:388 - train - INFO ] Iter: 126/162    Epoch: 5.40/7.0 (77.1% complete)    lr: 0.000508    shrink: 0.99492
2019-02-16 06:21:50,843 [steps/nnet3/train_raw_dnn.py:388 - train - INFO ] Iter: 127/162    Epoch: 5.44/7.0 (77.8% complete)    lr: 0.000501    shrink: 0.99499
2019-02-16 06:29:15,870 [steps/nnet3/train_raw_dnn.py:388 - train - INFO ] Iter: 128/162    Epoch: 5.49/7.0 (78.4% complete)    lr: 0.000494    shrink: 0.99506
2019-02-16 06:38:36,335 [steps/nnet3/train_raw_dnn.py:388 - train - INFO ] Iter: 129/162    Epoch: 5.53/7.0 (79.0% complete)    lr: 0.000487    shrink: 0.99513
2019-02-16 06:49:00,054 [steps/nnet3/train_raw_dnn.py:388 - train - INFO ] Iter: 130/162    Epoch: 5.57/7.0 (79.6% complete)    lr: 0.000480    shrink: 0.99520
2019-02-16 06:56:01,629 [steps/nnet3/train_raw_dnn.py:388 - train - INFO ] Iter: 131/162    Epoch: 5.61/7.0 (80.2% complete)    lr: 0.000473    shrink: 0.99527
2019-02-16 07:04:07,246 [steps/nnet3/train_raw_dnn.py:388 - train - INFO ] Iter: 132/162    Epoch: 5.66/7.0 (80.8% complete)    lr: 0.000467    shrink: 0.99533
2019-02-16 07:11:44,648 [steps/nnet3/train_raw_dnn.py:388 - train - INFO ] Iter: 133/162    Epoch: 5.70/7.0 (81.4% complete)    lr: 0.000460    shrink: 0.99540
2019-02-16 07:21:55,404 [steps/nnet3/train_raw_dnn.py:388 - train - INFO ] Iter: 134/162    Epoch: 5.74/7.0 (82.0% complete)    lr: 0.000454    shrink: 0.99546
2019-02-16 07:31:42,466 [steps/nnet3/train_raw_dnn.py:388 - train - INFO ] Iter: 135/162    Epoch: 5.79/7.0 (82.7% complete)    lr: 0.000447    shrink: 0.99553
2019-02-16 07:40:23,496 [steps/nnet3/train_raw_dnn.py:388 - train - INFO ] Iter: 136/162    Epoch: 5.83/7.0 (83.3% complete)    lr: 0.000441    shrink: 0.99559
2019-02-16 07:49:27,294 [steps/nnet3/train_raw_dnn.py:388 - train - INFO ] Iter: 137/162    Epoch: 5.87/7.0 (83.9% complete)    lr: 0.000435    shrink: 0.99565
2019-02-16 07:57:29,580 [steps/nnet3/train_raw_dnn.py:388 - train - INFO ] Iter: 138/162    Epoch: 5.91/7.0 (84.5% complete)    lr: 0.000429    shrink: 0.99571
2019-02-16 08:05:58,951 [steps/nnet3/train_raw_dnn.py:388 - train - INFO ] Iter: 139/162    Epoch: 5.96/7.0 (85.1% complete)    lr: 0.000423    shrink: 0.99577
2019-02-16 08:15:40,223 [steps/nnet3/train_raw_dnn.py:388 - train - INFO ] Iter: 140/162    Epoch: 6.00/7.0 (85.7% complete)    lr: 0.000417    shrink: 0.99583
2019-02-16 08:22:23,278 [steps/nnet3/train_raw_dnn.py:388 - train - INFO ] Iter: 141/162    Epoch: 6.04/7.0 (86.3% complete)    lr: 0.000411    shrink: 0.99589
2019-02-16 08:29:49,176 [steps/nnet3/train_raw_dnn.py:388 - train - INFO ] Iter: 142/162    Epoch: 6.09/7.0 (86.9% complete)    lr: 0.000405    shrink: 0.99595
2019-02-16 08:39:02,442 [steps/nnet3/train_raw_dnn.py:388 - train - INFO ] Iter: 143/162    Epoch: 6.13/7.0 (87.6% complete)    lr: 0.000400    shrink: 0.99600
2019-02-16 08:48:48,527 [steps/nnet3/train_raw_dnn.py:388 - train - INFO ] Iter: 144/162    Epoch: 6.17/7.0 (88.2% complete)    lr: 0.000394    shrink: 0.99606
2019-02-16 08:56:05,377 [steps/nnet3/train_raw_dnn.py:388 - train - INFO ] Iter: 145/162    Epoch: 6.21/7.0 (88.8% complete)    lr: 0.000388    shrink: 0.99612
2019-02-16 09:03:49,545 [steps/nnet3/train_raw_dnn.py:388 - train - INFO ] Iter: 146/162    Epoch: 6.26/7.0 (89.4% complete)    lr: 0.000383    shrink: 0.99617
2019-02-16 09:12:17,040 [steps/nnet3/train_raw_dnn.py:388 - train - INFO ] Iter: 147/162    Epoch: 6.30/7.0 (90.0% complete)    lr: 0.000378    shrink: 0.99622
2019-02-16 09:21:31,255 [steps/nnet3/train_raw_dnn.py:388 - train - INFO ] Iter: 148/162    Epoch: 6.34/7.0 (90.6% complete)    lr: 0.000372    shrink: 0.99628
2019-02-16 09:30:35,367 [steps/nnet3/train_raw_dnn.py:388 - train - INFO ] Iter: 149/162    Epoch: 6.39/7.0 (91.2% complete)    lr: 0.000367    shrink: 0.99633
2019-02-16 09:38:29,825 [steps/nnet3/train_raw_dnn.py:388 - train - INFO ] Iter: 150/162    Epoch: 6.43/7.0 (91.8% complete)    lr: 0.000362    shrink: 0.99638
2019-02-16 09:48:49,373 [steps/nnet3/train_raw_dnn.py:388 - train - INFO ] Iter: 151/162    Epoch: 6.47/7.0 (92.4% complete)    lr: 0.000357    shrink: 0.99643
2019-02-16 09:58:29,722 [steps/nnet3/train_raw_dnn.py:388 - train - INFO ] Iter: 152/162    Epoch: 6.51/7.0 (93.1% complete)    lr: 0.000352    shrink: 0.99648
2019-02-16 10:09:03,440 [steps/nnet3/train_raw_dnn.py:388 - train - INFO ] Iter: 153/162    Epoch: 6.56/7.0 (93.7% complete)    lr: 0.000347    shrink: 0.99653
2019-02-16 10:16:07,312 [steps/nnet3/train_raw_dnn.py:388 - train - INFO ] Iter: 154/162    Epoch: 6.60/7.0 (94.3% complete)    lr: 0.000342    shrink: 0.99658
2019-02-16 10:25:45,811 [steps/nnet3/train_raw_dnn.py:388 - train - INFO ] Iter: 155/162    Epoch: 6.64/7.0 (94.9% complete)    lr: 0.000337    shrink: 0.99663
2019-02-16 10:32:22,549 [steps/nnet3/train_raw_dnn.py:388 - train - INFO ] Iter: 156/162    Epoch: 6.69/7.0 (95.5% complete)    lr: 0.000333    shrink: 0.99667
2019-02-16 10:42:07,067 [steps/nnet3/train_raw_dnn.py:388 - train - INFO ] Iter: 157/162    Epoch: 6.73/7.0 (96.1% complete)    lr: 0.000328    shrink: 0.99672
2019-02-16 10:51:21,787 [steps/nnet3/train_raw_dnn.py:388 - train - INFO ] Iter: 158/162    Epoch: 6.77/7.0 (96.7% complete)    lr: 0.000323    shrink: 0.99677
2019-02-16 11:00:04,291 [steps/nnet3/train_raw_dnn.py:388 - train - INFO ] Iter: 159/162    Epoch: 6.81/7.0 (97.3% complete)    lr: 0.000319    shrink: 0.99681
2019-02-16 11:09:23,410 [steps/nnet3/train_raw_dnn.py:388 - train - INFO ] Iter: 160/162    Epoch: 6.86/7.0 (98.0% complete)    lr: 0.000314    shrink: 0.99686
2019-02-16 11:19:27,862 [steps/nnet3/train_raw_dnn.py:388 - train - INFO ] Iter: 161/162    Epoch: 6.90/7.0 (98.6% complete)    lr: 0.000310    shrink: 0.99690
2019-02-16 11:29:35,694 [steps/nnet3/train_raw_dnn.py:388 - train - INFO ] Iter: 162/162    Epoch: 6.94/7.0 (99.2% complete)    lr: 0.000300    shrink: 0.99700
2019-02-16 12:18:46,187 [steps/nnet3/train_raw_dnn.py:440 - train - INFO ] Doing final combination to produce final.raw
2019-02-16 12:18:46,187 [steps/libs/nnet3/train/frame_level_objf/common.py:491 - combine_models - INFO ] Combining {144, 145, 146, 147, 148, 149, 150, 151, 152, 153, 154, 155, 156, 157, 158, 159, 160, 161, 162, 163} models.
2019-02-16 12:24:20,811 [steps/nnet3/train_raw_dnn.py:462 - train - INFO ] Cleaning up the experiment directory /home/s1513472/lid/mfcc_pitch_energy/nnet
/home/s1513472/lid/mfcc_pitch_energy/nnet: num-iters=163 nj=3..3 num-params=4.5M dim=28->19 combine=-0.07->-0.07 (over 20) loglike:train/valid[107,162]=(-0.137,-0.112/-0.117,-0.114) accuracy:train/valid[107,162]=(0.963,0.963/0.9804,0.9804)
steps/nnet3/train_raw_dnn.py --stage=-1 --cmd=slurm.pl --trainer.optimization.proportional-shrink 10 --trainer.optimization.momentum=0.5 --trainer.optimization.num-jobs-initial=3 --trainer.optimization.num-jobs-final=3 --trainer.optimization.initial-effective-lrate=0.001 --trainer.optimization.final-effective-lrate=0.0001 --trainer.optimization.minibatch-size=64 --trainer.srand=123 --trainer.max-param-change=2 --trainer.num-epochs=7 --trainer.dropout-schedule=0,0@0.20,0.1@0.50,0 --trainer.shuffle-buffer-size=1000 --egs.frames-per-eg=1 --egs.dir=/home/s1513472/lid/mfcc_pitch_energy/nnet/egs --cleanup.remove-egs false --cleanup.preserve-model-interval=10 --use-gpu=true --dir=/home/s1513472/lid/mfcc_pitch_energy/nnet
['steps/nnet3/train_raw_dnn.py', '--stage=-1', '--cmd=slurm.pl', '--trainer.optimization.proportional-shrink', '10', '--trainer.optimization.momentum=0.5', '--trainer.optimization.num-jobs-initial=3', '--trainer.optimization.num-jobs-final=3', '--trainer.optimization.initial-effective-lrate=0.001', '--trainer.optimization.final-effective-lrate=0.0001', '--trainer.optimization.minibatch-size=64', '--trainer.srand=123', '--trainer.max-param-change=2', '--trainer.num-epochs=7', '--trainer.dropout-schedule=0,0@0.20,0.1@0.50,0', '--trainer.shuffle-buffer-size=1000', '--egs.frames-per-eg=1', '--egs.dir=/home/s1513472/lid/mfcc_pitch_energy/nnet/egs', '--cleanup.remove-egs', 'false', '--cleanup.preserve-model-interval=10', '--use-gpu=true', '--dir=/home/s1513472/lid/mfcc_pitch_energy/nnet']
Finished stage 4.
#### STAGE 7: Extracting X-vectors from the trained DNN. ####
./local/extract_xvectors.sh --cmd slurm.pl --mem 6G --use-gpu true --nj 32 --stage 0 --remove-nonspeech true /home/s1513472/lid/mfcc_pitch_energy/nnet /home/s1513472/lid/mfcc_pitch_energy/enroll /home/s1513472/lid/mfcc_pitch_energy/exp/xvectors_enroll
./local/extract_xvectors.sh --cmd slurm.pl --mem 6G --use-gpu true --nj 32 --stage 0 --remove-nonspeech true /home/s1513472/lid/mfcc_pitch_energy/nnet /home/s1513472/lid/mfcc_pitch_energy/eval /home/s1513472/lid/mfcc_pitch_energy/exp/xvectors_eval
Conda environment 'lid' active.
Conda environment 'lid' active.
./local/extract_xvectors.sh: using /home/s1513472/lid/mfcc_pitch_energy/nnet/extract.config to extract xvectors
./local/extract_xvectors.sh: using /home/s1513472/lid/mfcc_pitch_energy/nnet/extract.config to extract xvectors
./local/extract_xvectors.sh: extracting xvectors for /home/s1513472/lid/mfcc_pitch_energy/enroll
./local/extract_xvectors.sh: extracting xvectors from nnet
./local/extract_xvectors.sh: extracting xvectors for /home/s1513472/lid/mfcc_pitch_energy/eval
./local/extract_xvectors.sh: extracting xvectors from nnet
./local/extract_xvectors.sh: combining xvectors across jobs
./local/extract_xvectors.sh: computing mean of xvectors for each language
./local/extract_xvectors.sh: combining xvectors across jobs
./local/extract_xvectors.sh: computing mean of xvectors for each language
Finished stage 7.
#### STAGE 8: Training logistic regression classifier and classifying test utterances. ####
Finished stage 8.
#### STAGE 9: Calculating results. ####
Finished stage 9.
