Obtaining renewable credentials, you will be asked to type in your password
Password for s1513472@INF.ED.AC.UK: 
Running job "./run.sh --exp-config=conf/exp_configs/epochs13.conf" for maximum of 28 days in background
Waiting for job to start...
+++++++++++++++++++++++++++++++++++++++++++++++++++++++++++++++++++++++++
 	 This shell script runs the GlobalPhone+X-vectors recipe.
 	 Use like this: ./run.sh <options>
 	 --stage=INT		Stage from which to start
 	 --run-all=(false|true)	Whether to run all stages
 	 			or just the specified one
 	 --experiment=STR	Experiment name (also name of directory 
 	 			where all files will be stored).
 	 			Default: 'baseline'.
 	 --exp-config=FILE	Config file with all kinds of options,
 	 			see conf/exp_default.conf for an example.
 	 			NOTE: Where arguments are passed on the command line,
 	 			the values overwrite those found in the config file.

 	 If no stage number is provided, either all stages
 	 will be run (--run-all=true) or no stages at all.
 +++++++++++++++++++++++++++++++++++++++++++++++++++++++++++++++++++++++++
Running experiment: 'epochs13'
Running all stages starting with 4.
Running on the cluster.
Conda environment not activated, sourcing ~/.bashrc and activating the 'lid' env.
Using shorten (v3.6.1) from ~/language-ident-from-speech/gp-xvectors-recipe/tools/shorten-3.6.1/bin/shorten
Using sox (v14.3.2) from ~/language-ident-from-speech/gp-xvectors-recipe/tools/sox-14.3.2/bin/sox
Conda environment not activated, sourcing ~/.bashrc and activating the 'lid' env.
Using preprocessed data	from: /home/s1513472/lid/baseline
The experiment directory is: /home/s1513472/lid/epochs13
Running with languages: AR BG CH CR CZ FR GE JA KO PL PO RU SP SW TA TH TU WU VN
#### STAGE 4: Training the X-vector DNN. ####
Running on the cluster.
Conda environment 'lid' active.
Running on the cluster.
/home/s1513472/lid/baseline/nnet_train_data
/home/s1513472/lid/baseline/nnet/egs
#### STAGE 5: Creating NN configs using the xconfig parser. ####
./local/run_xvector.sh: creating neural net configs using the xconfig parser
nnet3-init /home/s1513472/lid/epochs13/nnet/configs/ref.config /home/s1513472/lid/epochs13/nnet/configs/ref.raw 
LOG (nnet3-init[5.5.142~5-ff514]:main():nnet3-init.cc:80) Initialized raw neural net and wrote it to /home/s1513472/lid/epochs13/nnet/configs/ref.raw
nnet3-info /home/s1513472/lid/epochs13/nnet/configs/ref.raw 
nnet3-init /home/s1513472/lid/epochs13/nnet/configs/ref.config /home/s1513472/lid/epochs13/nnet/configs/ref.raw 
LOG (nnet3-init[5.5.142~5-ff514]:main():nnet3-init.cc:80) Initialized raw neural net and wrote it to /home/s1513472/lid/epochs13/nnet/configs/ref.raw
nnet3-info /home/s1513472/lid/epochs13/nnet/configs/ref.raw 
steps/nnet3/xconfig_to_configs.py --xconfig-file /home/s1513472/lid/epochs13/nnet/configs/network.xconfig --config-dir /home/s1513472/lid/epochs13/nnet/configs
#### STAGE 6: Training the network. ####
Job started successfully
2019-01-29 23:55:39,546 [steps/nnet3/train_raw_dnn.py:35 - <module> - INFO ] Starting raw DNN trainer (train_raw_dnn.py)
2019-01-29 23:55:39,775 [steps/nnet3/train_raw_dnn.py:156 - process_args - WARNING ] You are running with one thread but you have not compiled
                   for CUDA.  You may be running a setup optimized for GPUs.
                   If you have GPUs and have nvcc installed, go to src/ and do
                   ./configure; make
2019-01-29 23:55:39,777 [steps/nnet3/train_raw_dnn.py:195 - train - INFO ] Arguments for the experiment
{'backstitch_training_interval': 1,
 'backstitch_training_scale': 0.0,
 'cleanup': True,
 'cmvn_opts': None,
 'combine_sum_to_one_penalty': 0.0,
 'command': 'slurm.pl',
 'compute_average_posteriors': False,
 'compute_per_dim_accuracy': False,
 'dir': '/home/s1513472/lid/epochs13/nnet',
 'do_final_combination': True,
 'dropout_schedule': '0,0@0.20,0.1@0.50,0',
 'egs_command': None,
 'egs_dir': '/home/s1513472/lid/baseline/nnet/egs',
 'egs_opts': None,
 'egs_stage': 0,
 'email': None,
 'exit_stage': None,
 'feat_dir': None,
 'final_effective_lrate': 0.0001,
 'frames_per_eg': 1,
 'image_augmentation_opts': None,
 'initial_effective_lrate': 0.001,
 'input_model': None,
 'max_lda_jobs': 10,
 'max_models_combine': 20,
 'max_objective_evaluations': 30,
 'max_param_change': 2.0,
 'minibatch_size': '64',
 'momentum': 0.5,
 'nj': 4,
 'num_epochs': 13.0,
 'num_jobs_compute_prior': 10,
 'num_jobs_final': 3,
 'num_jobs_initial': 3,
 'online_ivector_dir': None,
 'preserve_model_interval': 10,
 'presoftmax_prior_scale_power': -0.25,
 'prior_subset_size': 20000,
 'proportional_shrink': 10.0,
 'rand_prune': 4.0,
 'remove_egs': False,
 'reporting_interval': 0.1,
 'samples_per_iter': 400000,
 'shuffle_buffer_size': 1000,
 'srand': 123,
 'stage': -1,
 'targets_scp': None,
 'train_opts': [],
 'use_dense_targets': True,
 'use_gpu': 'yes'}
2019-01-29 23:55:39,841 [steps/nnet3/train_raw_dnn.py:315 - train - INFO ] Preparing the initial network.
2019-01-29 23:55:49,344 [steps/nnet3/train_raw_dnn.py:353 - train - INFO ] Training will run for 13.0 epochs = 303 iterations
2019-01-29 23:55:49,345 [steps/nnet3/train_raw_dnn.py:388 - train - INFO ] Iter: 0/302    Epoch: 0.00/13.0 (0.0% complete)    lr: 0.003000    shrink: 0.97000
2019-01-30 00:04:36,833 [steps/nnet3/train_raw_dnn.py:388 - train - INFO ] Iter: 1/302    Epoch: 0.04/13.0 (0.3% complete)    lr: 0.002977    shrink: 0.97023
2019-01-30 00:14:15,890 [steps/nnet3/train_raw_dnn.py:388 - train - INFO ] Iter: 2/302    Epoch: 0.09/13.0 (0.7% complete)    lr: 0.002955    shrink: 0.97045
2019-01-30 00:20:30,764 [steps/nnet3/train_raw_dnn.py:388 - train - INFO ] Iter: 3/302    Epoch: 0.13/13.0 (1.0% complete)    lr: 0.002932    shrink: 0.97068
2019-01-30 00:26:45,699 [steps/nnet3/train_raw_dnn.py:388 - train - INFO ] Iter: 4/302    Epoch: 0.17/13.0 (1.3% complete)    lr: 0.002910    shrink: 0.97090
2019-01-30 00:34:58,665 [steps/nnet3/train_raw_dnn.py:388 - train - INFO ] Iter: 5/302    Epoch: 0.21/13.0 (1.6% complete)    lr: 0.002888    shrink: 0.97112
2019-01-30 00:42:29,479 [steps/nnet3/train_raw_dnn.py:388 - train - INFO ] Iter: 6/302    Epoch: 0.26/13.0 (2.0% complete)    lr: 0.002866    shrink: 0.97134
2019-01-30 00:50:21,349 [steps/nnet3/train_raw_dnn.py:388 - train - INFO ] Iter: 7/302    Epoch: 0.30/13.0 (2.3% complete)    lr: 0.002845    shrink: 0.97155
2019-01-30 00:58:19,502 [steps/nnet3/train_raw_dnn.py:388 - train - INFO ] Iter: 8/302    Epoch: 0.34/13.0 (2.6% complete)    lr: 0.002823    shrink: 0.97177
2019-01-30 01:05:20,212 [steps/nnet3/train_raw_dnn.py:388 - train - INFO ] Iter: 9/302    Epoch: 0.39/13.0 (3.0% complete)    lr: 0.002802    shrink: 0.97198
2019-01-30 01:12:29,837 [steps/nnet3/train_raw_dnn.py:388 - train - INFO ] Iter: 10/302    Epoch: 0.43/13.0 (3.3% complete)    lr: 0.002781    shrink: 0.97219
2019-01-30 01:18:24,007 [steps/nnet3/train_raw_dnn.py:388 - train - INFO ] Iter: 11/302    Epoch: 0.47/13.0 (3.6% complete)    lr: 0.002760    shrink: 0.97240
2019-01-30 01:27:01,794 [steps/nnet3/train_raw_dnn.py:388 - train - INFO ] Iter: 12/302    Epoch: 0.51/13.0 (4.0% complete)    lr: 0.002739    shrink: 0.97261
2019-01-30 01:34:38,845 [steps/nnet3/train_raw_dnn.py:388 - train - INFO ] Iter: 13/302    Epoch: 0.56/13.0 (4.3% complete)    lr: 0.002718    shrink: 0.97282
2019-01-30 01:42:38,155 [steps/nnet3/train_raw_dnn.py:388 - train - INFO ] Iter: 14/302    Epoch: 0.60/13.0 (4.6% complete)    lr: 0.002698    shrink: 0.97302
2019-01-30 01:51:47,096 [steps/nnet3/train_raw_dnn.py:388 - train - INFO ] Iter: 15/302    Epoch: 0.64/13.0 (4.9% complete)    lr: 0.002677    shrink: 0.97323
2019-01-30 01:59:15,165 [steps/nnet3/train_raw_dnn.py:388 - train - INFO ] Iter: 16/302    Epoch: 0.69/13.0 (5.3% complete)    lr: 0.002657    shrink: 0.97343
2019-01-30 02:07:25,806 [steps/nnet3/train_raw_dnn.py:388 - train - INFO ] Iter: 17/302    Epoch: 0.73/13.0 (5.6% complete)    lr: 0.002637    shrink: 0.97363
2019-01-30 02:17:22,660 [steps/nnet3/train_raw_dnn.py:388 - train - INFO ] Iter: 18/302    Epoch: 0.77/13.0 (5.9% complete)    lr: 0.002617    shrink: 0.97383
2019-01-30 02:24:57,960 [steps/nnet3/train_raw_dnn.py:388 - train - INFO ] Iter: 19/302    Epoch: 0.81/13.0 (6.3% complete)    lr: 0.002597    shrink: 0.97403
2019-01-30 02:30:53,390 [steps/nnet3/train_raw_dnn.py:388 - train - INFO ] Iter: 20/302    Epoch: 0.86/13.0 (6.6% complete)    lr: 0.002577    shrink: 0.97423
2019-01-30 02:37:43,445 [steps/nnet3/train_raw_dnn.py:388 - train - INFO ] Iter: 21/302    Epoch: 0.90/13.0 (6.9% complete)    lr: 0.002558    shrink: 0.97442
2019-01-30 02:46:22,577 [steps/nnet3/train_raw_dnn.py:388 - train - INFO ] Iter: 22/302    Epoch: 0.94/13.0 (7.3% complete)    lr: 0.002539    shrink: 0.97461
2019-01-30 02:54:12,213 [steps/nnet3/train_raw_dnn.py:388 - train - INFO ] Iter: 23/302    Epoch: 0.99/13.0 (7.6% complete)    lr: 0.002519    shrink: 0.97481
2019-01-30 02:59:19,042 [steps/nnet3/train_raw_dnn.py:388 - train - INFO ] Iter: 24/302    Epoch: 1.03/13.0 (7.9% complete)    lr: 0.002500    shrink: 0.97500
2019-01-30 03:07:15,199 [steps/nnet3/train_raw_dnn.py:388 - train - INFO ] Iter: 25/302    Epoch: 1.07/13.0 (8.2% complete)    lr: 0.002481    shrink: 0.97519
2019-01-30 03:17:06,386 [steps/nnet3/train_raw_dnn.py:388 - train - INFO ] Iter: 26/302    Epoch: 1.11/13.0 (8.6% complete)    lr: 0.002463    shrink: 0.97537
2019-01-30 03:24:14,616 [steps/nnet3/train_raw_dnn.py:388 - train - INFO ] Iter: 27/302    Epoch: 1.16/13.0 (8.9% complete)    lr: 0.002444    shrink: 0.97556
2019-01-30 03:33:53,280 [steps/nnet3/train_raw_dnn.py:388 - train - INFO ] Iter: 28/302    Epoch: 1.20/13.0 (9.2% complete)    lr: 0.002426    shrink: 0.97574
2019-01-30 03:43:02,395 [steps/nnet3/train_raw_dnn.py:388 - train - INFO ] Iter: 29/302    Epoch: 1.24/13.0 (9.6% complete)    lr: 0.002407    shrink: 0.97593
2019-01-30 03:52:29,535 [steps/nnet3/train_raw_dnn.py:388 - train - INFO ] Iter: 30/302    Epoch: 1.29/13.0 (9.9% complete)    lr: 0.002389    shrink: 0.97611
2019-01-30 04:00:22,623 [steps/nnet3/train_raw_dnn.py:388 - train - INFO ] Iter: 31/302    Epoch: 1.33/13.0 (10.2% complete)    lr: 0.002371    shrink: 0.97629
2019-01-30 04:08:21,336 [steps/nnet3/train_raw_dnn.py:388 - train - INFO ] Iter: 32/302    Epoch: 1.37/13.0 (10.5% complete)    lr: 0.002353    shrink: 0.97647
2019-01-30 04:17:09,876 [steps/nnet3/train_raw_dnn.py:388 - train - INFO ] Iter: 33/302    Epoch: 1.41/13.0 (10.9% complete)    lr: 0.002335    shrink: 0.97665
2019-01-30 04:24:26,490 [steps/nnet3/train_raw_dnn.py:388 - train - INFO ] Iter: 34/302    Epoch: 1.46/13.0 (11.2% complete)    lr: 0.002318    shrink: 0.97682
2019-01-30 04:31:39,856 [steps/nnet3/train_raw_dnn.py:388 - train - INFO ] Iter: 35/302    Epoch: 1.50/13.0 (11.5% complete)    lr: 0.002300    shrink: 0.97700
2019-01-30 04:40:22,478 [steps/nnet3/train_raw_dnn.py:388 - train - INFO ] Iter: 36/302    Epoch: 1.54/13.0 (11.9% complete)    lr: 0.002283    shrink: 0.97717
2019-01-30 04:48:24,500 [steps/nnet3/train_raw_dnn.py:388 - train - INFO ] Iter: 37/302    Epoch: 1.59/13.0 (12.2% complete)    lr: 0.002265    shrink: 0.97735
2019-01-30 04:57:06,062 [steps/nnet3/train_raw_dnn.py:388 - train - INFO ] Iter: 38/302    Epoch: 1.63/13.0 (12.5% complete)    lr: 0.002248    shrink: 0.97752
2019-01-30 05:06:14,925 [steps/nnet3/train_raw_dnn.py:388 - train - INFO ] Iter: 39/302    Epoch: 1.67/13.0 (12.9% complete)    lr: 0.002231    shrink: 0.97769
2019-01-30 05:11:36,213 [steps/nnet3/train_raw_dnn.py:388 - train - INFO ] Iter: 40/302    Epoch: 1.71/13.0 (13.2% complete)    lr: 0.002214    shrink: 0.97786
2019-01-30 05:21:33,855 [steps/nnet3/train_raw_dnn.py:388 - train - INFO ] Iter: 41/302    Epoch: 1.76/13.0 (13.5% complete)    lr: 0.002198    shrink: 0.97802
2019-01-30 05:29:11,500 [steps/nnet3/train_raw_dnn.py:388 - train - INFO ] Iter: 42/302    Epoch: 1.80/13.0 (13.8% complete)    lr: 0.002181    shrink: 0.97819
2019-01-30 05:36:50,578 [steps/nnet3/train_raw_dnn.py:388 - train - INFO ] Iter: 43/302    Epoch: 1.84/13.0 (14.2% complete)    lr: 0.002165    shrink: 0.97835
2019-01-30 05:41:33,788 [steps/nnet3/train_raw_dnn.py:388 - train - INFO ] Iter: 44/302    Epoch: 1.89/13.0 (14.5% complete)    lr: 0.002148    shrink: 0.97852
2019-01-30 05:48:47,656 [steps/nnet3/train_raw_dnn.py:388 - train - INFO ] Iter: 45/302    Epoch: 1.93/13.0 (14.8% complete)    lr: 0.002132    shrink: 0.97868
2019-01-30 05:56:59,204 [steps/nnet3/train_raw_dnn.py:388 - train - INFO ] Iter: 46/302    Epoch: 1.97/13.0 (15.2% complete)    lr: 0.002116    shrink: 0.97884
2019-01-30 06:04:47,359 [steps/nnet3/train_raw_dnn.py:388 - train - INFO ] Iter: 47/302    Epoch: 2.01/13.0 (15.5% complete)    lr: 0.002100    shrink: 0.97900
2019-01-30 06:14:08,930 [steps/nnet3/train_raw_dnn.py:388 - train - INFO ] Iter: 48/302    Epoch: 2.06/13.0 (15.8% complete)    lr: 0.002084    shrink: 0.97916
2019-01-30 06:23:28,384 [steps/nnet3/train_raw_dnn.py:388 - train - INFO ] Iter: 49/302    Epoch: 2.10/13.0 (16.2% complete)    lr: 0.002068    shrink: 0.97932
2019-01-30 06:30:36,244 [steps/nnet3/train_raw_dnn.py:388 - train - INFO ] Iter: 50/302    Epoch: 2.14/13.0 (16.5% complete)    lr: 0.002053    shrink: 0.97947
2019-01-30 06:37:30,129 [steps/nnet3/train_raw_dnn.py:388 - train - INFO ] Iter: 51/302    Epoch: 2.19/13.0 (16.8% complete)    lr: 0.002037    shrink: 0.97963
2019-01-30 06:45:17,478 [steps/nnet3/train_raw_dnn.py:388 - train - INFO ] Iter: 52/302    Epoch: 2.23/13.0 (17.1% complete)    lr: 0.002022    shrink: 0.97978
2019-01-30 06:52:53,051 [steps/nnet3/train_raw_dnn.py:388 - train - INFO ] Iter: 53/302    Epoch: 2.27/13.0 (17.5% complete)    lr: 0.002006    shrink: 0.97994
2019-01-30 07:00:43,430 [steps/nnet3/train_raw_dnn.py:388 - train - INFO ] Iter: 54/302    Epoch: 2.31/13.0 (17.8% complete)    lr: 0.001991    shrink: 0.98009
2019-01-30 07:08:39,882 [steps/nnet3/train_raw_dnn.py:388 - train - INFO ] Iter: 55/302    Epoch: 2.36/13.0 (18.1% complete)    lr: 0.001976    shrink: 0.98024
2019-01-30 07:14:24,057 [steps/nnet3/train_raw_dnn.py:388 - train - INFO ] Iter: 56/302    Epoch: 2.40/13.0 (18.5% complete)    lr: 0.001961    shrink: 0.98039
2019-01-30 07:23:07,255 [steps/nnet3/train_raw_dnn.py:388 - train - INFO ] Iter: 57/302    Epoch: 2.44/13.0 (18.8% complete)    lr: 0.001946    shrink: 0.98054
2019-01-30 07:29:09,707 [steps/nnet3/train_raw_dnn.py:388 - train - INFO ] Iter: 58/302    Epoch: 2.49/13.0 (19.1% complete)    lr: 0.001932    shrink: 0.98068
2019-01-30 07:37:57,888 [steps/nnet3/train_raw_dnn.py:388 - train - INFO ] Iter: 59/302    Epoch: 2.53/13.0 (19.5% complete)    lr: 0.001917    shrink: 0.98083
2019-01-30 07:46:01,960 [steps/nnet3/train_raw_dnn.py:388 - train - INFO ] Iter: 60/302    Epoch: 2.57/13.0 (19.8% complete)    lr: 0.001902    shrink: 0.98098
2019-01-30 07:56:07,393 [steps/nnet3/train_raw_dnn.py:388 - train - INFO ] Iter: 61/302    Epoch: 2.61/13.0 (20.1% complete)    lr: 0.001888    shrink: 0.98112
2019-01-30 08:05:05,468 [steps/nnet3/train_raw_dnn.py:388 - train - INFO ] Iter: 62/302    Epoch: 2.66/13.0 (20.4% complete)    lr: 0.001874    shrink: 0.98126
2019-01-30 08:12:35,203 [steps/nnet3/train_raw_dnn.py:388 - train - INFO ] Iter: 63/302    Epoch: 2.70/13.0 (20.8% complete)    lr: 0.001860    shrink: 0.98140
2019-01-30 08:20:48,364 [steps/nnet3/train_raw_dnn.py:388 - train - INFO ] Iter: 64/302    Epoch: 2.74/13.0 (21.1% complete)    lr: 0.001846    shrink: 0.98154
2019-01-30 08:28:51,590 [steps/nnet3/train_raw_dnn.py:388 - train - INFO ] Iter: 65/302    Epoch: 2.79/13.0 (21.4% complete)    lr: 0.001832    shrink: 0.98168
2019-01-30 08:36:28,588 [steps/nnet3/train_raw_dnn.py:388 - train - INFO ] Iter: 66/302    Epoch: 2.83/13.0 (21.8% complete)    lr: 0.001818    shrink: 0.98182
2019-01-30 08:41:27,645 [steps/nnet3/train_raw_dnn.py:388 - train - INFO ] Iter: 67/302    Epoch: 2.87/13.0 (22.1% complete)    lr: 0.001804    shrink: 0.98196
2019-01-30 08:50:29,499 [steps/nnet3/train_raw_dnn.py:388 - train - INFO ] Iter: 68/302    Epoch: 2.91/13.0 (22.4% complete)    lr: 0.001790    shrink: 0.98210
2019-01-30 08:57:26,278 [steps/nnet3/train_raw_dnn.py:388 - train - INFO ] Iter: 69/302    Epoch: 2.96/13.0 (22.7% complete)    lr: 0.001777    shrink: 0.98223
2019-01-30 09:05:12,377 [steps/nnet3/train_raw_dnn.py:388 - train - INFO ] Iter: 70/302    Epoch: 3.00/13.0 (23.1% complete)    lr: 0.001763    shrink: 0.98237
2019-01-30 09:13:06,799 [steps/nnet3/train_raw_dnn.py:388 - train - INFO ] Iter: 71/302    Epoch: 3.04/13.0 (23.4% complete)    lr: 0.001750    shrink: 0.98250
2019-01-30 09:21:11,552 [steps/nnet3/train_raw_dnn.py:388 - train - INFO ] Iter: 72/302    Epoch: 3.09/13.0 (23.7% complete)    lr: 0.001737    shrink: 0.98263
2019-01-30 09:26:31,202 [steps/nnet3/train_raw_dnn.py:388 - train - INFO ] Iter: 73/302    Epoch: 3.13/13.0 (24.1% complete)    lr: 0.001724    shrink: 0.98276
2019-01-30 09:33:26,311 [steps/nnet3/train_raw_dnn.py:388 - train - INFO ] Iter: 74/302    Epoch: 3.17/13.0 (24.4% complete)    lr: 0.001711    shrink: 0.98289
2019-01-30 09:41:46,600 [steps/nnet3/train_raw_dnn.py:388 - train - INFO ] Iter: 75/302    Epoch: 3.21/13.0 (24.7% complete)    lr: 0.001698    shrink: 0.98302
2019-01-30 09:50:06,004 [steps/nnet3/train_raw_dnn.py:388 - train - INFO ] Iter: 76/302    Epoch: 3.26/13.0 (25.1% complete)    lr: 0.001685    shrink: 0.98315
2019-01-30 09:59:58,947 [steps/nnet3/train_raw_dnn.py:388 - train - INFO ] Iter: 77/302    Epoch: 3.30/13.0 (25.4% complete)    lr: 0.001672    shrink: 0.98328
2019-01-30 10:09:09,794 [steps/nnet3/train_raw_dnn.py:388 - train - INFO ] Iter: 78/302    Epoch: 3.34/13.0 (25.7% complete)    lr: 0.001660    shrink: 0.98340
2019-01-30 10:15:54,425 [steps/nnet3/train_raw_dnn.py:388 - train - INFO ] Iter: 79/302    Epoch: 3.39/13.0 (26.0% complete)    lr: 0.001647    shrink: 0.98353
2019-01-30 10:24:02,323 [steps/nnet3/train_raw_dnn.py:388 - train - INFO ] Iter: 80/302    Epoch: 3.43/13.0 (26.4% complete)    lr: 0.001635    shrink: 0.98365
2019-01-30 10:29:52,965 [steps/nnet3/train_raw_dnn.py:388 - train - INFO ] Iter: 81/302    Epoch: 3.47/13.0 (26.7% complete)    lr: 0.001622    shrink: 0.98378
2019-01-30 10:36:56,315 [steps/nnet3/train_raw_dnn.py:388 - train - INFO ] Iter: 82/302    Epoch: 3.51/13.0 (27.0% complete)    lr: 0.001610    shrink: 0.98390
2019-01-30 10:45:55,518 [steps/nnet3/train_raw_dnn.py:388 - train - INFO ] Iter: 83/302    Epoch: 3.56/13.0 (27.4% complete)    lr: 0.001598    shrink: 0.98402
2019-01-30 10:53:59,762 [steps/nnet3/train_raw_dnn.py:388 - train - INFO ] Iter: 84/302    Epoch: 3.60/13.0 (27.7% complete)    lr: 0.001586    shrink: 0.98414
2019-01-30 11:02:53,014 [steps/nnet3/train_raw_dnn.py:388 - train - INFO ] Iter: 85/302    Epoch: 3.64/13.0 (28.0% complete)    lr: 0.001574    shrink: 0.98426
2019-01-30 11:10:03,849 [steps/nnet3/train_raw_dnn.py:388 - train - INFO ] Iter: 86/302    Epoch: 3.69/13.0 (28.4% complete)    lr: 0.001562    shrink: 0.98438
2019-01-30 11:18:29,690 [steps/nnet3/train_raw_dnn.py:388 - train - INFO ] Iter: 87/302    Epoch: 3.73/13.0 (28.7% complete)    lr: 0.001550    shrink: 0.98450
2019-01-30 11:28:05,238 [steps/nnet3/train_raw_dnn.py:388 - train - INFO ] Iter: 88/302    Epoch: 3.77/13.0 (29.0% complete)    lr: 0.001538    shrink: 0.98462
2019-01-30 11:36:53,134 [steps/nnet3/train_raw_dnn.py:388 - train - INFO ] Iter: 89/302    Epoch: 3.81/13.0 (29.3% complete)    lr: 0.001527    shrink: 0.98473
2019-01-30 11:41:50,203 [steps/nnet3/train_raw_dnn.py:388 - train - INFO ] Iter: 90/302    Epoch: 3.86/13.0 (29.7% complete)    lr: 0.001515    shrink: 0.98485
2019-01-30 11:48:42,851 [steps/nnet3/train_raw_dnn.py:388 - train - INFO ] Iter: 91/302    Epoch: 3.90/13.0 (30.0% complete)    lr: 0.001504    shrink: 0.98496
2019-01-30 11:57:29,950 [steps/nnet3/train_raw_dnn.py:388 - train - INFO ] Iter: 92/302    Epoch: 3.94/13.0 (30.3% complete)    lr: 0.001492    shrink: 0.98508
2019-01-30 12:05:45,010 [steps/nnet3/train_raw_dnn.py:388 - train - INFO ] Iter: 93/302    Epoch: 3.99/13.0 (30.7% complete)    lr: 0.001481    shrink: 0.98519
2019-01-30 12:12:03,066 [steps/nnet3/train_raw_dnn.py:388 - train - INFO ] Iter: 94/302    Epoch: 4.03/13.0 (31.0% complete)    lr: 0.001470    shrink: 0.98530
2019-01-30 12:21:59,236 [steps/nnet3/train_raw_dnn.py:388 - train - INFO ] Iter: 95/302    Epoch: 4.07/13.0 (31.3% complete)    lr: 0.001459    shrink: 0.98541
2019-01-30 12:29:52,948 [steps/nnet3/train_raw_dnn.py:388 - train - INFO ] Iter: 96/302    Epoch: 4.11/13.0 (31.6% complete)    lr: 0.001448    shrink: 0.98552
2019-01-30 12:36:43,510 [steps/nnet3/train_raw_dnn.py:388 - train - INFO ] Iter: 97/302    Epoch: 4.16/13.0 (32.0% complete)    lr: 0.001437    shrink: 0.98563
2019-01-30 12:45:47,300 [steps/nnet3/train_raw_dnn.py:388 - train - INFO ] Iter: 98/302    Epoch: 4.20/13.0 (32.3% complete)    lr: 0.001426    shrink: 0.98574
2019-01-30 12:54:20,868 [steps/nnet3/train_raw_dnn.py:388 - train - INFO ] Iter: 99/302    Epoch: 4.24/13.0 (32.6% complete)    lr: 0.001415    shrink: 0.98585
2019-01-30 13:01:53,674 [steps/nnet3/train_raw_dnn.py:388 - train - INFO ] Iter: 100/302    Epoch: 4.29/13.0 (33.0% complete)    lr: 0.001404    shrink: 0.98596
2019-01-30 13:11:45,245 [steps/nnet3/train_raw_dnn.py:388 - train - INFO ] Iter: 101/302    Epoch: 4.33/13.0 (33.3% complete)    lr: 0.001394    shrink: 0.98606
2019-01-30 13:21:34,418 [steps/nnet3/train_raw_dnn.py:388 - train - INFO ] Iter: 102/302    Epoch: 4.37/13.0 (33.6% complete)    lr: 0.001383    shrink: 0.98617
2019-01-30 13:28:39,000 [steps/nnet3/train_raw_dnn.py:388 - train - INFO ] Iter: 103/302    Epoch: 4.41/13.0 (34.0% complete)    lr: 0.001373    shrink: 0.98627
2019-01-30 13:35:58,328 [steps/nnet3/train_raw_dnn.py:388 - train - INFO ] Iter: 104/302    Epoch: 4.46/13.0 (34.3% complete)    lr: 0.001362    shrink: 0.98638
2019-01-30 13:44:31,325 [steps/nnet3/train_raw_dnn.py:388 - train - INFO ] Iter: 105/302    Epoch: 4.50/13.0 (34.6% complete)    lr: 0.001352    shrink: 0.98648
2019-01-30 13:53:35,942 [steps/nnet3/train_raw_dnn.py:388 - train - INFO ] Iter: 106/302    Epoch: 4.54/13.0 (34.9% complete)    lr: 0.001342    shrink: 0.98658
2019-01-30 14:03:30,766 [steps/nnet3/train_raw_dnn.py:388 - train - INFO ] Iter: 107/302    Epoch: 4.59/13.0 (35.3% complete)    lr: 0.001332    shrink: 0.98668
2019-01-30 14:12:13,283 [steps/nnet3/train_raw_dnn.py:388 - train - INFO ] Iter: 108/302    Epoch: 4.63/13.0 (35.6% complete)    lr: 0.001322    shrink: 0.98678
2019-01-30 14:21:29,180 [steps/nnet3/train_raw_dnn.py:388 - train - INFO ] Iter: 109/302    Epoch: 4.67/13.0 (35.9% complete)    lr: 0.001312    shrink: 0.98688
2019-01-30 14:28:00,600 [steps/nnet3/train_raw_dnn.py:388 - train - INFO ] Iter: 110/302    Epoch: 4.71/13.0 (36.3% complete)    lr: 0.001302    shrink: 0.98698
2019-01-30 14:36:13,653 [steps/nnet3/train_raw_dnn.py:388 - train - INFO ] Iter: 111/302    Epoch: 4.76/13.0 (36.6% complete)    lr: 0.001292    shrink: 0.98708
2019-01-30 14:43:51,745 [steps/nnet3/train_raw_dnn.py:388 - train - INFO ] Iter: 112/302    Epoch: 4.80/13.0 (36.9% complete)    lr: 0.001282    shrink: 0.98718
2019-01-30 14:53:23,246 [steps/nnet3/train_raw_dnn.py:388 - train - INFO ] Iter: 113/302    Epoch: 4.84/13.0 (37.3% complete)    lr: 0.001272    shrink: 0.98728
2019-01-30 14:58:07,696 [steps/nnet3/train_raw_dnn.py:388 - train - INFO ] Iter: 114/302    Epoch: 4.89/13.0 (37.6% complete)    lr: 0.001263    shrink: 0.98737
2019-01-30 15:06:44,712 [steps/nnet3/train_raw_dnn.py:388 - train - INFO ] Iter: 115/302    Epoch: 4.93/13.0 (37.9% complete)    lr: 0.001253    shrink: 0.98747
2019-01-30 15:13:40,386 [steps/nnet3/train_raw_dnn.py:388 - train - INFO ] Iter: 116/302    Epoch: 4.97/13.0 (38.2% complete)    lr: 0.001244    shrink: 0.98756
2019-01-30 15:21:32,298 [steps/nnet3/train_raw_dnn.py:388 - train - INFO ] Iter: 117/302    Epoch: 5.01/13.0 (38.6% complete)    lr: 0.001234    shrink: 0.98766
2019-01-30 15:31:23,881 [steps/nnet3/train_raw_dnn.py:388 - train - INFO ] Iter: 118/302    Epoch: 5.06/13.0 (38.9% complete)    lr: 0.001225    shrink: 0.98775
2019-01-30 15:39:31,109 [steps/nnet3/train_raw_dnn.py:388 - train - INFO ] Iter: 119/302    Epoch: 5.10/13.0 (39.2% complete)    lr: 0.001216    shrink: 0.98784
2019-01-30 15:46:34,600 [steps/nnet3/train_raw_dnn.py:388 - train - INFO ] Iter: 120/302    Epoch: 5.14/13.0 (39.6% complete)    lr: 0.001206    shrink: 0.98794
2019-01-30 15:54:20,768 [steps/nnet3/train_raw_dnn.py:388 - train - INFO ] Iter: 121/302    Epoch: 5.19/13.0 (39.9% complete)    lr: 0.001197    shrink: 0.98803
2019-01-30 16:02:09,195 [steps/nnet3/train_raw_dnn.py:388 - train - INFO ] Iter: 122/302    Epoch: 5.23/13.0 (40.2% complete)    lr: 0.001188    shrink: 0.98812
2019-01-30 16:11:34,707 [steps/nnet3/train_raw_dnn.py:388 - train - INFO ] Iter: 123/302    Epoch: 5.27/13.0 (40.5% complete)    lr: 0.001179    shrink: 0.98821
2019-01-30 16:19:25,555 [steps/nnet3/train_raw_dnn.py:388 - train - INFO ] Iter: 124/302    Epoch: 5.31/13.0 (40.9% complete)    lr: 0.001170    shrink: 0.98830
2019-01-30 16:27:20,561 [steps/nnet3/train_raw_dnn.py:388 - train - INFO ] Iter: 125/302    Epoch: 5.36/13.0 (41.2% complete)    lr: 0.001162    shrink: 0.98838
2019-01-30 16:34:22,411 [steps/nnet3/train_raw_dnn.py:388 - train - INFO ] Iter: 126/302    Epoch: 5.40/13.0 (41.5% complete)    lr: 0.001153    shrink: 0.98847
2019-01-30 16:41:30,834 [steps/nnet3/train_raw_dnn.py:388 - train - INFO ] Iter: 127/302    Epoch: 5.44/13.0 (41.9% complete)    lr: 0.001144    shrink: 0.98856
2019-01-30 16:48:39,817 [steps/nnet3/train_raw_dnn.py:388 - train - INFO ] Iter: 128/302    Epoch: 5.49/13.0 (42.2% complete)    lr: 0.001135    shrink: 0.98865
2019-01-30 16:57:32,205 [steps/nnet3/train_raw_dnn.py:388 - train - INFO ] Iter: 129/302    Epoch: 5.53/13.0 (42.5% complete)    lr: 0.001127    shrink: 0.98873
2019-01-30 17:05:57,079 [steps/nnet3/train_raw_dnn.py:388 - train - INFO ] Iter: 130/302    Epoch: 5.57/13.0 (42.9% complete)    lr: 0.001118    shrink: 0.98882
2019-01-30 17:15:56,284 [steps/nnet3/train_raw_dnn.py:388 - train - INFO ] Iter: 131/302    Epoch: 5.61/13.0 (43.2% complete)    lr: 0.001110    shrink: 0.98890
2019-01-30 17:24:59,306 [steps/nnet3/train_raw_dnn.py:388 - train - INFO ] Iter: 132/302    Epoch: 5.66/13.0 (43.5% complete)    lr: 0.001101    shrink: 0.98899
2019-01-30 17:32:29,270 [steps/nnet3/train_raw_dnn.py:388 - train - INFO ] Iter: 133/302    Epoch: 5.70/13.0 (43.8% complete)    lr: 0.001093    shrink: 0.98907
2019-01-30 17:40:39,204 [steps/nnet3/train_raw_dnn.py:388 - train - INFO ] Iter: 134/302    Epoch: 5.74/13.0 (44.2% complete)    lr: 0.001085    shrink: 0.98915
2019-01-30 17:50:38,954 [steps/nnet3/train_raw_dnn.py:388 - train - INFO ] Iter: 135/302    Epoch: 5.79/13.0 (44.5% complete)    lr: 0.001077    shrink: 0.98923
2019-01-30 17:58:17,266 [steps/nnet3/train_raw_dnn.py:388 - train - INFO ] Iter: 136/302    Epoch: 5.83/13.0 (44.8% complete)    lr: 0.001068    shrink: 0.98932
2019-01-30 18:03:30,831 [steps/nnet3/train_raw_dnn.py:388 - train - INFO ] Iter: 137/302    Epoch: 5.87/13.0 (45.2% complete)    lr: 0.001060    shrink: 0.98940
2019-01-30 18:12:03,720 [steps/nnet3/train_raw_dnn.py:388 - train - INFO ] Iter: 138/302    Epoch: 5.91/13.0 (45.5% complete)    lr: 0.001052    shrink: 0.98948
2019-01-30 18:20:40,961 [steps/nnet3/train_raw_dnn.py:388 - train - INFO ] Iter: 139/302    Epoch: 5.96/13.0 (45.8% complete)    lr: 0.001044    shrink: 0.98956
2019-01-30 18:28:29,551 [steps/nnet3/train_raw_dnn.py:388 - train - INFO ] Iter: 140/302    Epoch: 6.00/13.0 (46.2% complete)    lr: 0.001037    shrink: 0.98963
2019-01-30 18:38:15,726 [steps/nnet3/train_raw_dnn.py:388 - train - INFO ] Iter: 141/302    Epoch: 6.04/13.0 (46.5% complete)    lr: 0.001029    shrink: 0.98971
2019-01-30 18:48:02,147 [steps/nnet3/train_raw_dnn.py:388 - train - INFO ] Iter: 142/302    Epoch: 6.09/13.0 (46.8% complete)    lr: 0.001021    shrink: 0.98979
2019-01-30 18:54:34,940 [steps/nnet3/train_raw_dnn.py:388 - train - INFO ] Iter: 143/302    Epoch: 6.13/13.0 (47.1% complete)    lr: 0.001013    shrink: 0.98987
2019-01-30 19:02:18,944 [steps/nnet3/train_raw_dnn.py:388 - train - INFO ] Iter: 144/302    Epoch: 6.17/13.0 (47.5% complete)    lr: 0.001006    shrink: 0.98994
2019-01-30 19:10:56,974 [steps/nnet3/train_raw_dnn.py:388 - train - INFO ] Iter: 145/302    Epoch: 6.21/13.0 (47.8% complete)    lr: 0.000998    shrink: 0.99002
2019-01-30 19:20:20,897 [steps/nnet3/train_raw_dnn.py:388 - train - INFO ] Iter: 146/302    Epoch: 6.26/13.0 (48.1% complete)    lr: 0.000990    shrink: 0.99010
2019-01-30 19:30:09,378 [steps/nnet3/train_raw_dnn.py:388 - train - INFO ] Iter: 147/302    Epoch: 6.30/13.0 (48.5% complete)    lr: 0.000983    shrink: 0.99017
2019-01-30 19:40:09,387 [steps/nnet3/train_raw_dnn.py:388 - train - INFO ] Iter: 148/302    Epoch: 6.34/13.0 (48.8% complete)    lr: 0.000975    shrink: 0.99025
2019-01-30 19:45:54,440 [steps/nnet3/train_raw_dnn.py:388 - train - INFO ] Iter: 149/302    Epoch: 6.39/13.0 (49.1% complete)    lr: 0.000968    shrink: 0.99032
2019-01-30 19:53:07,753 [steps/nnet3/train_raw_dnn.py:388 - train - INFO ] Iter: 150/302    Epoch: 6.43/13.0 (49.5% complete)    lr: 0.000961    shrink: 0.99039
2019-01-30 19:58:57,997 [steps/nnet3/train_raw_dnn.py:388 - train - INFO ] Iter: 151/302    Epoch: 6.47/13.0 (49.8% complete)    lr: 0.000953    shrink: 0.99047
2019-01-30 20:06:03,447 [steps/nnet3/train_raw_dnn.py:388 - train - INFO ] Iter: 152/302    Epoch: 6.51/13.0 (50.1% complete)    lr: 0.000946    shrink: 0.99054
2019-01-30 20:14:48,519 [steps/nnet3/train_raw_dnn.py:388 - train - INFO ] Iter: 153/302    Epoch: 6.56/13.0 (50.4% complete)    lr: 0.000939    shrink: 0.99061
2019-01-30 20:24:37,157 [steps/nnet3/train_raw_dnn.py:388 - train - INFO ] Iter: 154/302    Epoch: 6.60/13.0 (50.8% complete)    lr: 0.000932    shrink: 0.99068
2019-01-30 20:31:59,742 [steps/nnet3/train_raw_dnn.py:388 - train - INFO ] Iter: 155/302    Epoch: 6.64/13.0 (51.1% complete)    lr: 0.000925    shrink: 0.99075
2019-01-30 20:39:23,471 [steps/nnet3/train_raw_dnn.py:388 - train - INFO ] Iter: 156/302    Epoch: 6.69/13.0 (51.4% complete)    lr: 0.000918    shrink: 0.99082
2019-01-30 20:47:32,184 [steps/nnet3/train_raw_dnn.py:388 - train - INFO ] Iter: 157/302    Epoch: 6.73/13.0 (51.8% complete)    lr: 0.000911    shrink: 0.99089
2019-01-30 20:56:50,960 [steps/nnet3/train_raw_dnn.py:388 - train - INFO ] Iter: 158/302    Epoch: 6.77/13.0 (52.1% complete)    lr: 0.000904    shrink: 0.99096
2019-01-30 21:06:16,594 [steps/nnet3/train_raw_dnn.py:388 - train - INFO ] Iter: 159/302    Epoch: 6.81/13.0 (52.4% complete)    lr: 0.000897    shrink: 0.99103
2019-01-30 21:12:08,243 [steps/nnet3/train_raw_dnn.py:388 - train - INFO ] Iter: 160/302    Epoch: 6.86/13.0 (52.7% complete)    lr: 0.000891    shrink: 0.99109
2019-01-30 21:18:59,790 [steps/nnet3/train_raw_dnn.py:388 - train - INFO ] Iter: 161/302    Epoch: 6.90/13.0 (53.1% complete)    lr: 0.000884    shrink: 0.99116
2019-01-30 21:26:16,886 [steps/nnet3/train_raw_dnn.py:388 - train - INFO ] Iter: 162/302    Epoch: 6.94/13.0 (53.4% complete)    lr: 0.000877    shrink: 0.99123
2019-01-30 21:34:20,037 [steps/nnet3/train_raw_dnn.py:388 - train - INFO ] Iter: 163/302    Epoch: 6.99/13.0 (53.7% complete)    lr: 0.000870    shrink: 0.99130
2019-01-30 21:40:31,558 [steps/nnet3/train_raw_dnn.py:388 - train - INFO ] Iter: 164/302    Epoch: 7.03/13.0 (54.1% complete)    lr: 0.000864    shrink: 0.99136
2019-01-30 21:48:38,952 [steps/nnet3/train_raw_dnn.py:388 - train - INFO ] Iter: 165/302    Epoch: 7.07/13.0 (54.4% complete)    lr: 0.000857    shrink: 0.99143
2019-01-30 21:56:30,293 [steps/nnet3/train_raw_dnn.py:388 - train - INFO ] Iter: 166/302    Epoch: 7.11/13.0 (54.7% complete)    lr: 0.000851    shrink: 0.99149
2019-01-30 22:03:34,454 [steps/nnet3/train_raw_dnn.py:388 - train - INFO ] Iter: 167/302    Epoch: 7.16/13.0 (55.1% complete)    lr: 0.000844    shrink: 0.99156
2019-01-30 22:11:48,342 [steps/nnet3/train_raw_dnn.py:388 - train - INFO ] Iter: 168/302    Epoch: 7.20/13.0 (55.4% complete)    lr: 0.000838    shrink: 0.99162
2019-01-30 22:20:24,243 [steps/nnet3/train_raw_dnn.py:388 - train - INFO ] Iter: 169/302    Epoch: 7.24/13.0 (55.7% complete)    lr: 0.000832    shrink: 0.99168
2019-01-30 22:29:36,269 [steps/nnet3/train_raw_dnn.py:388 - train - INFO ] Iter: 170/302    Epoch: 7.29/13.0 (56.0% complete)    lr: 0.000825    shrink: 0.99175
2019-01-30 22:37:27,478 [steps/nnet3/train_raw_dnn.py:388 - train - INFO ] Iter: 171/302    Epoch: 7.33/13.0 (56.4% complete)    lr: 0.000819    shrink: 0.99181
2019-01-30 22:47:26,568 [steps/nnet3/train_raw_dnn.py:388 - train - INFO ] Iter: 172/302    Epoch: 7.37/13.0 (56.7% complete)    lr: 0.000813    shrink: 0.99187
2019-01-30 22:54:36,169 [steps/nnet3/train_raw_dnn.py:388 - train - INFO ] Iter: 173/302    Epoch: 7.41/13.0 (57.0% complete)    lr: 0.000807    shrink: 0.99193
2019-01-30 23:01:43,146 [steps/nnet3/train_raw_dnn.py:388 - train - INFO ] Iter: 174/302    Epoch: 7.46/13.0 (57.4% complete)    lr: 0.000801    shrink: 0.99199
2019-01-30 23:10:16,609 [steps/nnet3/train_raw_dnn.py:388 - train - INFO ] Iter: 175/302    Epoch: 7.50/13.0 (57.7% complete)    lr: 0.000795    shrink: 0.99205
2019-01-30 23:18:32,593 [steps/nnet3/train_raw_dnn.py:388 - train - INFO ] Iter: 176/302    Epoch: 7.54/13.0 (58.0% complete)    lr: 0.000789    shrink: 0.99211
2019-01-30 23:28:12,864 [steps/nnet3/train_raw_dnn.py:388 - train - INFO ] Iter: 177/302    Epoch: 7.59/13.0 (58.4% complete)    lr: 0.000783    shrink: 0.99217
2019-01-30 23:35:50,459 [steps/nnet3/train_raw_dnn.py:388 - train - INFO ] Iter: 178/302    Epoch: 7.63/13.0 (58.7% complete)    lr: 0.000777    shrink: 0.99223
2019-01-30 23:45:00,369 [steps/nnet3/train_raw_dnn.py:388 - train - INFO ] Iter: 179/302    Epoch: 7.67/13.0 (59.0% complete)    lr: 0.000771    shrink: 0.99229
2019-01-30 23:51:25,649 [steps/nnet3/train_raw_dnn.py:388 - train - INFO ] Iter: 180/302    Epoch: 7.71/13.0 (59.3% complete)    lr: 0.000765    shrink: 0.99235
2019-01-31 00:01:15,575 [steps/nnet3/train_raw_dnn.py:388 - train - INFO ] Iter: 181/302    Epoch: 7.76/13.0 (59.7% complete)    lr: 0.000759    shrink: 0.99241
2019-01-31 00:10:36,966 [steps/nnet3/train_raw_dnn.py:388 - train - INFO ] Iter: 182/302    Epoch: 7.80/13.0 (60.0% complete)    lr: 0.000754    shrink: 0.99246
2019-01-31 00:19:46,363 [steps/nnet3/train_raw_dnn.py:388 - train - INFO ] Iter: 183/302    Epoch: 7.84/13.0 (60.3% complete)    lr: 0.000748    shrink: 0.99252
2019-01-31 00:25:29,479 [steps/nnet3/train_raw_dnn.py:388 - train - INFO ] Iter: 184/302    Epoch: 7.89/13.0 (60.7% complete)    lr: 0.000742    shrink: 0.99258
2019-01-31 00:34:15,973 [steps/nnet3/train_raw_dnn.py:388 - train - INFO ] Iter: 185/302    Epoch: 7.93/13.0 (61.0% complete)    lr: 0.000737    shrink: 0.99263
2019-01-31 00:42:36,083 [steps/nnet3/train_raw_dnn.py:388 - train - INFO ] Iter: 186/302    Epoch: 7.97/13.0 (61.3% complete)    lr: 0.000731    shrink: 0.99269
2019-01-31 00:51:52,452 [steps/nnet3/train_raw_dnn.py:388 - train - INFO ] Iter: 187/302    Epoch: 8.01/13.0 (61.6% complete)    lr: 0.000726    shrink: 0.99274
2019-01-31 01:01:26,007 [steps/nnet3/train_raw_dnn.py:388 - train - INFO ] Iter: 188/302    Epoch: 8.06/13.0 (62.0% complete)    lr: 0.000720    shrink: 0.99280
2019-01-31 01:11:20,797 [steps/nnet3/train_raw_dnn.py:388 - train - INFO ] Iter: 189/302    Epoch: 8.10/13.0 (62.3% complete)    lr: 0.000715    shrink: 0.99285
2019-01-31 01:18:06,278 [steps/nnet3/train_raw_dnn.py:388 - train - INFO ] Iter: 190/302    Epoch: 8.14/13.0 (62.6% complete)    lr: 0.000709    shrink: 0.99291
2019-01-31 01:26:16,535 [steps/nnet3/train_raw_dnn.py:388 - train - INFO ] Iter: 191/302    Epoch: 8.19/13.0 (63.0% complete)    lr: 0.000704    shrink: 0.99296
2019-01-31 01:35:29,596 [steps/nnet3/train_raw_dnn.py:388 - train - INFO ] Iter: 192/302    Epoch: 8.23/13.0 (63.3% complete)    lr: 0.000698    shrink: 0.99302
2019-01-31 01:44:30,581 [steps/nnet3/train_raw_dnn.py:388 - train - INFO ] Iter: 193/302    Epoch: 8.27/13.0 (63.6% complete)    lr: 0.000693    shrink: 0.99307
2019-01-31 01:53:45,490 [steps/nnet3/train_raw_dnn.py:388 - train - INFO ] Iter: 194/302    Epoch: 8.31/13.0 (64.0% complete)    lr: 0.000688    shrink: 0.99312
2019-01-31 02:03:44,132 [steps/nnet3/train_raw_dnn.py:388 - train - INFO ] Iter: 195/302    Epoch: 8.36/13.0 (64.3% complete)    lr: 0.000683    shrink: 0.99317
2019-01-31 02:10:38,846 [steps/nnet3/train_raw_dnn.py:388 - train - INFO ] Iter: 196/302    Epoch: 8.40/13.0 (64.6% complete)    lr: 0.000678    shrink: 0.99322
2019-01-31 02:17:55,420 [steps/nnet3/train_raw_dnn.py:388 - train - INFO ] Iter: 197/302    Epoch: 8.44/13.0 (64.9% complete)    lr: 0.000672    shrink: 0.99328
2019-01-31 02:25:06,159 [steps/nnet3/train_raw_dnn.py:388 - train - INFO ] Iter: 198/302    Epoch: 8.49/13.0 (65.3% complete)    lr: 0.000667    shrink: 0.99333
2019-01-31 02:34:10,888 [steps/nnet3/train_raw_dnn.py:388 - train - INFO ] Iter: 199/302    Epoch: 8.53/13.0 (65.6% complete)    lr: 0.000662    shrink: 0.99338
2019-01-31 02:41:40,056 [steps/nnet3/train_raw_dnn.py:388 - train - INFO ] Iter: 200/302    Epoch: 8.57/13.0 (65.9% complete)    lr: 0.000657    shrink: 0.99343
2019-01-31 02:49:43,093 [steps/nnet3/train_raw_dnn.py:388 - train - INFO ] Iter: 201/302    Epoch: 8.61/13.0 (66.3% complete)    lr: 0.000652    shrink: 0.99348
2019-01-31 02:58:55,072 [steps/nnet3/train_raw_dnn.py:388 - train - INFO ] Iter: 202/302    Epoch: 8.66/13.0 (66.6% complete)    lr: 0.000647    shrink: 0.99353
2019-01-31 03:05:21,728 [steps/nnet3/train_raw_dnn.py:388 - train - INFO ] Iter: 203/302    Epoch: 8.70/13.0 (66.9% complete)    lr: 0.000643    shrink: 0.99357
2019-01-31 03:15:36,487 [steps/nnet3/train_raw_dnn.py:388 - train - INFO ] Iter: 204/302    Epoch: 8.74/13.0 (67.3% complete)    lr: 0.000638    shrink: 0.99362
2019-01-31 03:25:06,442 [steps/nnet3/train_raw_dnn.py:388 - train - INFO ] Iter: 205/302    Epoch: 8.79/13.0 (67.6% complete)    lr: 0.000633    shrink: 0.99367
2019-01-31 03:34:37,960 [steps/nnet3/train_raw_dnn.py:388 - train - INFO ] Iter: 206/302    Epoch: 8.83/13.0 (67.9% complete)    lr: 0.000628    shrink: 0.99372
2019-01-31 03:40:36,607 [steps/nnet3/train_raw_dnn.py:388 - train - INFO ] Iter: 207/302    Epoch: 8.87/13.0 (68.2% complete)    lr: 0.000623    shrink: 0.99377
2019-01-31 03:49:38,120 [steps/nnet3/train_raw_dnn.py:388 - train - INFO ] Iter: 208/302    Epoch: 8.91/13.0 (68.6% complete)    lr: 0.000619    shrink: 0.99381
2019-01-31 03:58:09,213 [steps/nnet3/train_raw_dnn.py:388 - train - INFO ] Iter: 209/302    Epoch: 8.96/13.0 (68.9% complete)    lr: 0.000614    shrink: 0.99386
2019-01-31 04:07:53,113 [steps/nnet3/train_raw_dnn.py:388 - train - INFO ] Iter: 210/302    Epoch: 9.00/13.0 (69.2% complete)    lr: 0.000609    shrink: 0.99391
2019-01-31 04:15:47,383 [steps/nnet3/train_raw_dnn.py:388 - train - INFO ] Iter: 211/302    Epoch: 9.04/13.0 (69.6% complete)    lr: 0.000605    shrink: 0.99395
2019-01-31 04:25:19,784 [steps/nnet3/train_raw_dnn.py:388 - train - INFO ] Iter: 212/302    Epoch: 9.09/13.0 (69.9% complete)    lr: 0.000600    shrink: 0.99400
2019-01-31 04:31:51,052 [steps/nnet3/train_raw_dnn.py:388 - train - INFO ] Iter: 213/302    Epoch: 9.13/13.0 (70.2% complete)    lr: 0.000596    shrink: 0.99404
2019-01-31 04:39:03,422 [steps/nnet3/train_raw_dnn.py:388 - train - INFO ] Iter: 214/302    Epoch: 9.17/13.0 (70.5% complete)    lr: 0.000591    shrink: 0.99409
2019-01-31 04:48:27,058 [steps/nnet3/train_raw_dnn.py:388 - train - INFO ] Iter: 215/302    Epoch: 9.21/13.0 (70.9% complete)    lr: 0.000587    shrink: 0.99413
2019-01-31 04:57:47,101 [steps/nnet3/train_raw_dnn.py:388 - train - INFO ] Iter: 216/302    Epoch: 9.26/13.0 (71.2% complete)    lr: 0.000582    shrink: 0.99418
2019-01-31 05:06:03,008 [steps/nnet3/train_raw_dnn.py:388 - train - INFO ] Iter: 217/302    Epoch: 9.30/13.0 (71.5% complete)    lr: 0.000578    shrink: 0.99422
2019-01-31 05:15:53,715 [steps/nnet3/train_raw_dnn.py:388 - train - INFO ] Iter: 218/302    Epoch: 9.34/13.0 (71.9% complete)    lr: 0.000573    shrink: 0.99427
2019-01-31 05:22:58,883 [steps/nnet3/train_raw_dnn.py:388 - train - INFO ] Iter: 219/302    Epoch: 9.39/13.0 (72.2% complete)    lr: 0.000569    shrink: 0.99431
2019-01-31 05:31:18,764 [steps/nnet3/train_raw_dnn.py:388 - train - INFO ] Iter: 220/302    Epoch: 9.43/13.0 (72.5% complete)    lr: 0.000565    shrink: 0.99435
2019-01-31 05:37:11,537 [steps/nnet3/train_raw_dnn.py:388 - train - INFO ] Iter: 221/302    Epoch: 9.47/13.0 (72.9% complete)    lr: 0.000560    shrink: 0.99440
2019-01-31 05:45:55,036 [steps/nnet3/train_raw_dnn.py:388 - train - INFO ] Iter: 222/302    Epoch: 9.51/13.0 (73.2% complete)    lr: 0.000556    shrink: 0.99444
2019-01-31 05:54:59,819 [steps/nnet3/train_raw_dnn.py:388 - train - INFO ] Iter: 223/302    Epoch: 9.56/13.0 (73.5% complete)    lr: 0.000552    shrink: 0.99448
2019-01-31 06:04:47,824 [steps/nnet3/train_raw_dnn.py:388 - train - INFO ] Iter: 224/302    Epoch: 9.60/13.0 (73.8% complete)    lr: 0.000548    shrink: 0.99452
2019-01-31 06:13:50,701 [steps/nnet3/train_raw_dnn.py:388 - train - INFO ] Iter: 225/302    Epoch: 9.64/13.0 (74.2% complete)    lr: 0.000544    shrink: 0.99456
2019-01-31 06:22:47,630 [steps/nnet3/train_raw_dnn.py:388 - train - INFO ] Iter: 226/302    Epoch: 9.69/13.0 (74.5% complete)    lr: 0.000540    shrink: 0.99460
2019-01-31 06:32:48,766 [steps/nnet3/train_raw_dnn.py:388 - train - INFO ] Iter: 227/302    Epoch: 9.73/13.0 (74.8% complete)    lr: 0.000536    shrink: 0.99464
2019-01-31 06:42:11,617 [steps/nnet3/train_raw_dnn.py:388 - train - INFO ] Iter: 228/302    Epoch: 9.77/13.0 (75.2% complete)    lr: 0.000531    shrink: 0.99469
2019-01-31 06:51:40,851 [steps/nnet3/train_raw_dnn.py:388 - train - INFO ] Iter: 229/302    Epoch: 9.81/13.0 (75.5% complete)    lr: 0.000527    shrink: 0.99473
2019-01-31 06:57:38,173 [steps/nnet3/train_raw_dnn.py:388 - train - INFO ] Iter: 230/302    Epoch: 9.86/13.0 (75.8% complete)    lr: 0.000523    shrink: 0.99477
2019-01-31 07:06:13,547 [steps/nnet3/train_raw_dnn.py:388 - train - INFO ] Iter: 231/302    Epoch: 9.90/13.0 (76.2% complete)    lr: 0.000519    shrink: 0.99481
2019-01-31 07:15:20,113 [steps/nnet3/train_raw_dnn.py:388 - train - INFO ] Iter: 232/302    Epoch: 9.94/13.0 (76.5% complete)    lr: 0.000516    shrink: 0.99484
2019-01-31 07:25:03,369 [steps/nnet3/train_raw_dnn.py:388 - train - INFO ] Iter: 233/302    Epoch: 9.99/13.0 (76.8% complete)    lr: 0.000512    shrink: 0.99488
2019-01-31 07:31:23,415 [steps/nnet3/train_raw_dnn.py:388 - train - INFO ] Iter: 234/302    Epoch: 10.03/13.0 (77.1% complete)    lr: 0.000508    shrink: 0.99492
2019-01-31 07:41:16,799 [steps/nnet3/train_raw_dnn.py:388 - train - INFO ] Iter: 235/302    Epoch: 10.07/13.0 (77.5% complete)    lr: 0.000504    shrink: 0.99496
2019-01-31 07:50:42,497 [steps/nnet3/train_raw_dnn.py:388 - train - INFO ] Iter: 236/302    Epoch: 10.11/13.0 (77.8% complete)    lr: 0.000500    shrink: 0.99500
2019-01-31 07:57:40,825 [steps/nnet3/train_raw_dnn.py:388 - train - INFO ] Iter: 237/302    Epoch: 10.16/13.0 (78.1% complete)    lr: 0.000496    shrink: 0.99504
2019-01-31 08:06:55,263 [steps/nnet3/train_raw_dnn.py:388 - train - INFO ] Iter: 238/302    Epoch: 10.20/13.0 (78.5% complete)    lr: 0.000493    shrink: 0.99507
2019-01-31 08:16:11,558 [steps/nnet3/train_raw_dnn.py:388 - train - INFO ] Iter: 239/302    Epoch: 10.24/13.0 (78.8% complete)    lr: 0.000489    shrink: 0.99511
2019-01-31 08:25:23,505 [steps/nnet3/train_raw_dnn.py:388 - train - INFO ] Iter: 240/302    Epoch: 10.29/13.0 (79.1% complete)    lr: 0.000485    shrink: 0.99515
2019-01-31 08:33:14,399 [steps/nnet3/train_raw_dnn.py:388 - train - INFO ] Iter: 241/302    Epoch: 10.33/13.0 (79.5% complete)    lr: 0.000482    shrink: 0.99518
2019-01-31 08:43:18,931 [steps/nnet3/train_raw_dnn.py:388 - train - INFO ] Iter: 242/302    Epoch: 10.37/13.0 (79.8% complete)    lr: 0.000478    shrink: 0.99522
2019-01-31 08:52:05,254 [steps/nnet3/train_raw_dnn.py:388 - train - INFO ] Iter: 243/302    Epoch: 10.41/13.0 (80.1% complete)    lr: 0.000474    shrink: 0.99526
2019-01-31 08:59:24,751 [steps/nnet3/train_raw_dnn.py:388 - train - INFO ] Iter: 244/302    Epoch: 10.46/13.0 (80.4% complete)    lr: 0.000471    shrink: 0.99529
2019-01-31 09:07:31,405 [steps/nnet3/train_raw_dnn.py:388 - train - INFO ] Iter: 245/302    Epoch: 10.50/13.0 (80.8% complete)    lr: 0.000467    shrink: 0.99533
2019-01-31 09:16:34,853 [steps/nnet3/train_raw_dnn.py:388 - train - INFO ] Iter: 246/302    Epoch: 10.54/13.0 (81.1% complete)    lr: 0.000464    shrink: 0.99536
2019-01-31 09:26:33,881 [steps/nnet3/train_raw_dnn.py:388 - train - INFO ] Iter: 247/302    Epoch: 10.59/13.0 (81.4% complete)    lr: 0.000460    shrink: 0.99540
2019-01-31 09:35:08,753 [steps/nnet3/train_raw_dnn.py:388 - train - INFO ] Iter: 248/302    Epoch: 10.63/13.0 (81.8% complete)    lr: 0.000457    shrink: 0.99543
2019-01-31 09:43:59,056 [steps/nnet3/train_raw_dnn.py:388 - train - INFO ] Iter: 249/302    Epoch: 10.67/13.0 (82.1% complete)    lr: 0.000453    shrink: 0.99547
2019-01-31 09:50:30,201 [steps/nnet3/train_raw_dnn.py:388 - train - INFO ] Iter: 250/302    Epoch: 10.71/13.0 (82.4% complete)    lr: 0.000450    shrink: 0.99550
2019-01-31 10:00:00,553 [steps/nnet3/train_raw_dnn.py:388 - train - INFO ] Iter: 251/302    Epoch: 10.76/13.0 (82.7% complete)    lr: 0.000446    shrink: 0.99554
2019-01-31 10:09:01,122 [steps/nnet3/train_raw_dnn.py:388 - train - INFO ] Iter: 252/302    Epoch: 10.80/13.0 (83.1% complete)    lr: 0.000443    shrink: 0.99557
2019-01-31 10:18:09,608 [steps/nnet3/train_raw_dnn.py:388 - train - INFO ] Iter: 253/302    Epoch: 10.84/13.0 (83.4% complete)    lr: 0.000440    shrink: 0.99560
2019-01-31 10:23:45,176 [steps/nnet3/train_raw_dnn.py:388 - train - INFO ] Iter: 254/302    Epoch: 10.89/13.0 (83.7% complete)    lr: 0.000436    shrink: 0.99564
2019-01-31 10:32:08,114 [steps/nnet3/train_raw_dnn.py:388 - train - INFO ] Iter: 255/302    Epoch: 10.93/13.0 (84.1% complete)    lr: 0.000433    shrink: 0.99567
2019-01-31 10:40:41,046 [steps/nnet3/train_raw_dnn.py:388 - train - INFO ] Iter: 256/302    Epoch: 10.97/13.0 (84.4% complete)    lr: 0.000430    shrink: 0.99570
